2021-01-28 00:59:43:ERROR:name 'logger' is not defined
2021-01-28 01:11:14:INFO:########################################lf_dnn-(1/50)########################################
2021-01-28 01:11:14:INFO:hidden_dims:(256, 32, 256)
2021-01-28 01:11:14:INFO:text_out:64
2021-01-28 01:11:14:INFO:post_fusion_dim:64
2021-01-28 01:11:14:INFO:dropouts:(0.3, 0.3, 0.3, 0.3)
2021-01-28 01:11:14:INFO:batch_size:128
2021-01-28 01:11:14:INFO:learning_rate:0.005
2021-01-28 01:11:14:INFO:weight_decay:0.005
2021-01-28 01:11:14:INFO:##########################################################################################
2021-01-28 01:11:14:INFO:Start running lf_dnn...
2021-01-28 01:11:14:INFO:Let's use 1 GPUs!
2021-01-28 01:11:25:INFO:train samples: (1368,)
2021-01-28 01:11:26:INFO:valid samples: (456,)
2021-01-28 01:11:28:INFO:test samples: (457,)
2021-01-28 01:11:28:ERROR:cuda runtime error (3) : initialization error at /tmp/pip-req-build-58y_cjjl/aten/src/THC/THCGeneral.cpp:54
2021-01-28 01:18:10:INFO:########################################lf_dnn-(1/50)########################################
2021-01-28 01:18:10:INFO:hidden_dims:(128, 32, 128)
2021-01-28 01:18:10:INFO:text_out:32
2021-01-28 01:18:10:INFO:post_fusion_dim:128
2021-01-28 01:18:10:INFO:dropouts:(0.2, 0.2, 0.2, 0.2)
2021-01-28 01:18:10:INFO:batch_size:32
2021-01-28 01:18:10:INFO:learning_rate:0.001
2021-01-28 01:18:10:INFO:weight_decay:0.01
2021-01-28 01:18:10:INFO:##########################################################################################
2021-01-28 01:18:10:INFO:Start running lf_dnn...
2021-01-28 01:18:10:INFO:Let's use 1 GPUs!
2021-01-28 01:18:11:INFO:train samples: (1368,)
2021-01-28 01:18:12:INFO:valid samples: (456,)
2021-01-28 01:18:13:INFO:test samples: (457,)
2021-01-28 01:18:17:INFO:The model has 633837 trainable parameters
2021-01-28 01:18:19:INFO:TRAIN-(lf_dnn) (1/1/1)>> loss: 0.5895  Mult_acc_2: 0.6915  Mult_acc_3: 0.3896  Mult_acc_5: 0.1879  F1_score: 0.8031  MAE: 0.5902  Corr: 0.0745 
2021-01-28 01:18:19:INFO:VAL-(lf_dnn) >>  Mult_acc_2: 0.6952  Mult_acc_3: 0.5461  Mult_acc_5: 0.2193  F1_score: 0.8202  MAE: 0.5713  Corr: 0.2568  Loss: 0.5750 
2021-01-28 01:18:20:INFO:TRAIN-(lf_dnn) (1/2/1)>> loss: 0.5112  Mult_acc_2: 0.6923  Mult_acc_3: 0.5241  Mult_acc_5: 0.2792  F1_score: 0.7135  MAE: 0.5119  Corr: 0.4056 
2021-01-28 01:18:20:INFO:VAL-(lf_dnn) >>  Mult_acc_2: 0.6491  Mult_acc_3: 0.4276  Mult_acc_5: 0.3026  F1_score: 0.6363  MAE: 0.4965  Corr: 0.4193  Loss: 0.4957 
2021-01-28 01:18:21:INFO:TRAIN-(lf_dnn) (1/3/1)>> loss: 0.4690  Mult_acc_2: 0.7127  Mult_acc_3: 0.5534  Mult_acc_5: 0.3224  F1_score: 0.7036  MAE: 0.4653  Corr: 0.5236 
2021-01-28 01:18:21:INFO:VAL-(lf_dnn) >>  Mult_acc_2: 0.7478  Mult_acc_3: 0.6206  Mult_acc_5: 0.3640  F1_score: 0.7527  MAE: 0.5012  Corr: 0.4916  Loss: 0.5033 
2021-01-28 01:18:22:INFO:TRAIN-(lf_dnn) (2/4/1)>> loss: 0.4392  Mult_acc_2: 0.7398  Mult_acc_3: 0.6506  Mult_acc_5: 0.3684  F1_score: 0.7350  MAE: 0.4373  Corr: 0.5831 
2021-01-28 01:18:22:INFO:VAL-(lf_dnn) >>  Mult_acc_2: 0.7697  Mult_acc_3: 0.6404  Mult_acc_5: 0.3706  F1_score: 0.7742  MAE: 0.4668  Corr: 0.5396  Loss: 0.4712 
2021-01-28 01:18:22:INFO:TRAIN-(lf_dnn) (1/5/1)>> loss: 0.4253  Mult_acc_2: 0.7515  Mult_acc_3: 0.6557  Mult_acc_5: 0.4057  F1_score: 0.7475  MAE: 0.4233  Corr: 0.5972 
2021-01-28 01:18:23:INFO:VAL-(lf_dnn) >>  Mult_acc_2: 0.6491  Mult_acc_3: 0.5746  Mult_acc_5: 0.3377  F1_score: 0.6357  MAE: 0.4807  Corr: 0.4947  Loss: 0.4888 
2021-01-28 01:18:23:INFO:TRAIN-(lf_dnn) (2/6/1)>> loss: 0.3990  Mult_acc_2: 0.7661  Mult_acc_3: 0.6849  Mult_acc_5: 0.4101  F1_score: 0.7614  MAE: 0.3968  Corr: 0.6499 
2021-01-28 01:18:24:INFO:VAL-(lf_dnn) >>  Mult_acc_2: 0.6447  Mult_acc_3: 0.5680  Mult_acc_5: 0.3246  F1_score: 0.6308  MAE: 0.4911  Corr: 0.5275  Loss: 0.4947 
2021-01-28 01:18:24:INFO:TRAIN-(lf_dnn) (3/7/1)>> loss: 0.4006  Mult_acc_2: 0.7763  Mult_acc_3: 0.6740  Mult_acc_5: 0.3991  F1_score: 0.7720  MAE: 0.3971  Corr: 0.6528 
2021-01-28 01:18:24:INFO:VAL-(lf_dnn) >>  Mult_acc_2: 0.7193  Mult_acc_3: 0.6360  Mult_acc_5: 0.3684  F1_score: 0.7120  MAE: 0.4649  Corr: 0.5445  Loss: 0.4716 
2021-01-28 01:18:25:INFO:TRAIN-(lf_dnn) (4/8/1)>> loss: 0.3795  Mult_acc_2: 0.7814  Mult_acc_3: 0.6981  Mult_acc_5: 0.4349  F1_score: 0.7781  MAE: 0.3773  Corr: 0.6825 
2021-01-28 01:18:25:INFO:VAL-(lf_dnn) >>  Mult_acc_2: 0.7346  Mult_acc_3: 0.6382  Mult_acc_5: 0.3772  F1_score: 0.7329  MAE: 0.4675  Corr: 0.5165  Loss: 0.4690 
2021-01-28 01:18:26:INFO:TRAIN-(lf_dnn) (1/9/1)>> loss: 0.3608  Mult_acc_2: 0.7982  Mult_acc_3: 0.7156  Mult_acc_5: 0.4686  F1_score: 0.7940  MAE: 0.3554  Corr: 0.7087 
2021-01-28 01:18:26:INFO:VAL-(lf_dnn) >>  Mult_acc_2: 0.6886  Mult_acc_3: 0.6031  Mult_acc_5: 0.3816  F1_score: 0.6774  MAE: 0.4821  Corr: 0.5399  Loss: 0.4893 
2021-01-28 01:18:27:INFO:TRAIN-(lf_dnn) (2/10/1)>> loss: 0.3476  Mult_acc_2: 0.7990  Mult_acc_3: 0.7142  Mult_acc_5: 0.4817  F1_score: 0.7951  MAE: 0.3432  Corr: 0.7285 
2021-01-28 01:18:27:INFO:VAL-(lf_dnn) >>  Mult_acc_2: 0.6404  Mult_acc_3: 0.5526  Mult_acc_5: 0.3158  F1_score: 0.6261  MAE: 0.4944  Corr: 0.5033  Loss: 0.4992 
2021-01-28 01:18:28:INFO:TRAIN-(lf_dnn) (3/11/1)>> loss: 0.3328  Mult_acc_2: 0.8260  Mult_acc_3: 0.7449  Mult_acc_5: 0.5066  F1_score: 0.8223  MAE: 0.3263  Corr: 0.7515 
2021-01-28 01:18:28:INFO:VAL-(lf_dnn) >>  Mult_acc_2: 0.7039  Mult_acc_3: 0.6053  Mult_acc_5: 0.3794  F1_score: 0.6952  MAE: 0.4788  Corr: 0.5111  Loss: 0.4754 
2021-01-28 01:18:29:INFO:TRAIN-(lf_dnn) (4/12/1)>> loss: 0.3394  Mult_acc_2: 0.8143  Mult_acc_3: 0.7405  Mult_acc_5: 0.4956  F1_score: 0.8102  MAE: 0.3365  Corr: 0.7421 
2021-01-28 01:18:29:INFO:VAL-(lf_dnn) >>  Mult_acc_2: 0.7325  Mult_acc_3: 0.6360  Mult_acc_5: 0.4079  F1_score: 0.7325  MAE: 0.4610  Corr: 0.5309  Loss: 0.4673 
2021-01-28 01:18:30:INFO:TRAIN-(lf_dnn) (1/13/1)>> loss: 0.3218  Mult_acc_2: 0.8092  Mult_acc_3: 0.7303  Mult_acc_5: 0.5292  F1_score: 0.8056  MAE: 0.3180  Corr: 0.7543 
2021-01-28 01:18:30:INFO:VAL-(lf_dnn) >>  Mult_acc_2: 0.6996  Mult_acc_3: 0.6162  Mult_acc_5: 0.3772  F1_score: 0.6965  MAE: 0.4649  Corr: 0.5299  Loss: 0.4729 
2021-01-28 01:18:31:INFO:TRAIN-(lf_dnn) (2/14/1)>> loss: 0.3044  Mult_acc_2: 0.8458  Mult_acc_3: 0.7712  Mult_acc_5: 0.5563  F1_score: 0.8429  MAE: 0.2982  Corr: 0.7810 
2021-01-28 01:18:31:INFO:VAL-(lf_dnn) >>  Mult_acc_2: 0.7061  Mult_acc_3: 0.6096  Mult_acc_5: 0.3706  F1_score: 0.7006  MAE: 0.4580  Corr: 0.5407  Loss: 0.4556 
2021-01-28 01:18:32:INFO:TRAIN-(lf_dnn) (1/15/1)>> loss: 0.2981  Mult_acc_2: 0.8326  Mult_acc_3: 0.7529  Mult_acc_5: 0.5490  F1_score: 0.8295  MAE: 0.2930  Corr: 0.7845 
2021-01-28 01:18:32:INFO:VAL-(lf_dnn) >>  Mult_acc_2: 0.6732  Mult_acc_3: 0.5789  Mult_acc_5: 0.3399  F1_score: 0.6606  MAE: 0.4954  Corr: 0.5101  Loss: 0.4940 
2021-01-28 01:20:16:INFO:########################################lf_dnn-(1/50)########################################
2021-01-28 01:20:16:INFO:hidden_dims:(64, 16, 64)
2021-01-28 01:20:16:INFO:text_out:128
2021-01-28 01:20:16:INFO:post_fusion_dim:64
2021-01-28 01:20:16:INFO:dropouts:(0.3, 0.3, 0.3, 0.3)
2021-01-28 01:20:16:INFO:batch_size:128
2021-01-28 01:20:16:INFO:learning_rate:0.001
2021-01-28 01:20:16:INFO:weight_decay:0.005
2021-01-28 01:20:16:INFO:##########################################################################################
2021-01-28 01:20:16:INFO:Start running lf_dnn...
2021-01-28 01:20:16:INFO:Let's use 1 GPUs!
2021-01-28 01:20:17:INFO:train samples: (1368,)
2021-01-28 01:20:18:INFO:valid samples: (456,)
2021-01-28 01:20:19:INFO:test samples: (457,)
2021-01-28 02:02:36:INFO:########################################lf_dnn-(1/50)########################################
2021-01-28 02:02:36:INFO:hidden_dims:(64, 32, 64)
2021-01-28 02:02:36:INFO:text_out:128
2021-01-28 02:02:36:INFO:post_fusion_dim:16
2021-01-28 02:02:36:INFO:dropouts:(0.2, 0.2, 0.2, 0.2)
2021-01-28 02:02:36:INFO:batch_size:64
2021-01-28 02:02:36:INFO:learning_rate:0.0005
2021-01-28 02:02:36:INFO:weight_decay:0.01
2021-01-28 02:02:36:INFO:##########################################################################################
2021-01-28 02:02:36:INFO:Start running lf_dnn...
2021-01-28 02:02:36:INFO:Let's use 1 GPUs!
2021-01-28 02:03:12:INFO:Find gpu: 0, with memory: 11337728 left!
2021-01-28 02:03:12:INFO:########################################lf_dnn-(1/50)########################################
2021-01-28 02:03:12:INFO:hidden_dims:(64, 32, 64)
2021-01-28 02:03:12:INFO:text_out:32
2021-01-28 02:03:12:INFO:post_fusion_dim:64
2021-01-28 02:03:12:INFO:dropouts:(0.3, 0.3, 0.3, 0.5)
2021-01-28 02:03:12:INFO:batch_size:32
2021-01-28 02:03:12:INFO:learning_rate:0.002
2021-01-28 02:03:12:INFO:weight_decay:0.01
2021-01-28 02:03:12:INFO:##########################################################################################
2021-01-28 02:03:12:INFO:Start running lf_dnn...
2021-01-28 02:03:12:INFO:Let's use 1 GPUs!
2021-01-28 02:03:14:INFO:train samples: (1368,)
2021-01-28 02:03:15:INFO:valid samples: (456,)
2021-01-28 02:03:16:INFO:test samples: (457,)
2021-01-28 02:03:20:INFO:The model has 286509 trainable parameters
2021-01-28 02:03:26:INFO:TRAIN-(lf_dnn) (1/1/1)>> loss: 0.5916  Mult_acc_2: 0.6732  Mult_acc_3: 0.4408  Mult_acc_5: 0.1966  F1_score: 0.7511  MAE: 0.5907  Corr: 0.0456 
2021-01-28 02:03:26:INFO:VAL-(lf_dnn) >>  Mult_acc_2: 0.6952  Mult_acc_3: 0.5066  Mult_acc_5: 0.2149  F1_score: 0.8202  MAE: 0.5742  Corr: 0.3633  Loss: 0.5878 
2021-01-28 02:03:27:INFO:TRAIN-(lf_dnn) (1/2/1)>> loss: 0.5124  Mult_acc_2: 0.7018  Mult_acc_3: 0.5636  Mult_acc_5: 0.2829  F1_score: 0.7199  MAE: 0.5115  Corr: 0.4120 
2021-01-28 02:03:27:INFO:VAL-(lf_dnn) >>  Mult_acc_2: 0.6908  Mult_acc_3: 0.5548  Mult_acc_5: 0.3553  F1_score: 0.6848  MAE: 0.4868  Corr: 0.4713  Loss: 0.4850 
2021-01-28 02:03:28:INFO:TRAIN-(lf_dnn) (1/3/1)>> loss: 0.4761  Mult_acc_2: 0.7310  Mult_acc_3: 0.6111  Mult_acc_5: 0.3070  F1_score: 0.7254  MAE: 0.4734  Corr: 0.5232 
2021-01-28 02:03:28:INFO:VAL-(lf_dnn) >>  Mult_acc_2: 0.7018  Mult_acc_3: 0.6096  Mult_acc_5: 0.3531  F1_score: 0.6946  MAE: 0.4853  Corr: 0.4921  Loss: 0.4752 
2021-01-28 02:03:29:INFO:TRAIN-(lf_dnn) (1/4/1)>> loss: 0.4723  Mult_acc_2: 0.7398  Mult_acc_3: 0.6433  Mult_acc_5: 0.3289  F1_score: 0.7358  MAE: 0.4691  Corr: 0.5332 
2021-01-28 02:03:30:INFO:VAL-(lf_dnn) >>  Mult_acc_2: 0.6996  Mult_acc_3: 0.5833  Mult_acc_5: 0.2697  F1_score: 0.6906  MAE: 0.4979  Corr: 0.4885  Loss: 0.4923 
2021-01-28 02:03:30:INFO:TRAIN-(lf_dnn) (2/5/1)>> loss: 0.4560  Mult_acc_2: 0.7405  Mult_acc_3: 0.6491  Mult_acc_5: 0.3523  F1_score: 0.7328  MAE: 0.4538  Corr: 0.5637 
2021-01-28 02:03:31:INFO:VAL-(lf_dnn) >>  Mult_acc_2: 0.6294  Mult_acc_3: 0.5548  Mult_acc_5: 0.2654  F1_score: 0.6152  MAE: 0.5203  Corr: 0.4435  Loss: 0.5179 
2021-01-28 02:03:31:INFO:TRAIN-(lf_dnn) (3/6/1)>> loss: 0.4315  Mult_acc_2: 0.7595  Mult_acc_3: 0.6813  Mult_acc_5: 0.3677  F1_score: 0.7522  MAE: 0.4291  Corr: 0.6155 
2021-01-28 02:03:32:INFO:VAL-(lf_dnn) >>  Mult_acc_2: 0.7149  Mult_acc_3: 0.6096  Mult_acc_5: 0.3180  F1_score: 0.7104  MAE: 0.4837  Corr: 0.5122  Loss: 0.4883 
2021-01-28 02:03:33:INFO:TRAIN-(lf_dnn) (4/7/1)>> loss: 0.4142  Mult_acc_2: 0.7675  Mult_acc_3: 0.6871  Mult_acc_5: 0.3896  F1_score: 0.7621  MAE: 0.4126  Corr: 0.6382 
2021-01-28 02:03:33:INFO:VAL-(lf_dnn) >>  Mult_acc_2: 0.6184  Mult_acc_3: 0.5614  Mult_acc_5: 0.2895  F1_score: 0.6050  MAE: 0.5202  Corr: 0.5020  Loss: 0.5193 
2021-01-28 02:03:34:INFO:TRAIN-(lf_dnn) (5/8/1)>> loss: 0.4110  Mult_acc_2: 0.7792  Mult_acc_3: 0.6937  Mult_acc_5: 0.4225  F1_score: 0.7756  MAE: 0.4104  Corr: 0.6389 
2021-01-28 02:03:34:INFO:VAL-(lf_dnn) >>  Mult_acc_2: 0.7127  Mult_acc_3: 0.6140  Mult_acc_5: 0.3509  F1_score: 0.7060  MAE: 0.4793  Corr: 0.5154  Loss: 0.4808 
2021-01-28 02:03:35:INFO:TRAIN-(lf_dnn) (6/9/1)>> loss: 0.4070  Mult_acc_2: 0.7741  Mult_acc_3: 0.6893  Mult_acc_5: 0.4130  F1_score: 0.7694  MAE: 0.4062  Corr: 0.6389 
2021-01-28 02:03:35:INFO:VAL-(lf_dnn) >>  Mult_acc_2: 0.6338  Mult_acc_3: 0.5658  Mult_acc_5: 0.3158  F1_score: 0.6202  MAE: 0.5300  Corr: 0.4751  Loss: 0.5247 
2021-01-28 02:03:36:INFO:TRAIN-(lf_dnn) (7/10/1)>> loss: 0.3983  Mult_acc_2: 0.7719  Mult_acc_3: 0.6908  Mult_acc_5: 0.4086  F1_score: 0.7662  MAE: 0.3945  Corr: 0.6662 
2021-01-28 02:03:36:INFO:VAL-(lf_dnn) >>  Mult_acc_2: 0.6338  Mult_acc_3: 0.5417  Mult_acc_5: 0.2982  F1_score: 0.6198  MAE: 0.5051  Corr: 0.4818  Loss: 0.5049 
2021-01-28 02:03:36:INFO:TRAIN-(lf_dnn) (8/11/1)>> loss: 0.3796  Mult_acc_2: 0.7822  Mult_acc_3: 0.7018  Mult_acc_5: 0.4561  F1_score: 0.7764  MAE: 0.3768  Corr: 0.6836 
2021-01-28 02:03:37:INFO:VAL-(lf_dnn) >>  Mult_acc_2: 0.6754  Mult_acc_3: 0.5921  Mult_acc_5: 0.3487  F1_score: 0.6626  MAE: 0.4845  Corr: 0.5019  Loss: 0.4895 
2021-01-28 02:03:37:INFO:TEST-(lf_dnn) >>  Mult_acc_2: 0.7746  Mult_acc_3: 0.6740  Mult_acc_5: 0.3895  F1_score: 0.7720  MAE: 0.4545  Corr: 0.5697  Loss: 0.4663 
2021-01-28 02:03:37:INFO:Start saving results...
2021-01-28 02:03:37:INFO:Results are saved to results/results/sims-lf_dnn-regression-tune.csv...
2021-01-28 02:03:37:INFO:########################################lf_dnn-(2/50)########################################
2021-01-28 02:03:37:INFO:hidden_dims:(128, 32, 128)
2021-01-28 02:03:37:INFO:text_out:128
2021-01-28 02:03:37:INFO:post_fusion_dim:16
2021-01-28 02:03:37:INFO:dropouts:(0.2, 0.2, 0.2, 0.2)
2021-01-28 02:03:37:INFO:batch_size:32
2021-01-28 02:03:37:INFO:learning_rate:0.001
2021-01-28 02:03:37:INFO:weight_decay:0.001
2021-01-28 02:03:37:INFO:##########################################################################################
2021-01-28 02:03:37:INFO:Start running lf_dnn...
2021-01-28 02:03:37:INFO:Let's use 1 GPUs!
2021-01-28 02:03:38:INFO:train samples: (1368,)
2021-01-28 02:03:39:INFO:valid samples: (456,)
2021-01-28 02:06:16:INFO:Find gpu: 0, with memory: 11337728 left!
2021-01-28 02:06:16:INFO:########################################lf_dnn-(1/50)########################################
2021-01-28 02:06:16:INFO:hidden_dims:(256, 32, 256)
2021-01-28 02:06:16:INFO:text_out:32
2021-01-28 02:06:16:INFO:post_fusion_dim:16
2021-01-28 02:06:16:INFO:dropouts:(0.4, 0.4, 0.4, 0.4)
2021-01-28 02:06:16:INFO:batch_size:32
2021-01-28 02:06:16:INFO:learning_rate:0.001
2021-01-28 02:06:16:INFO:weight_decay:0.01
2021-01-28 02:06:16:INFO:##########################################################################################
2021-01-28 02:06:16:INFO:Start running lf_dnn...
2021-01-28 02:06:16:INFO:Let's use 1 GPUs!
2021-01-28 02:06:18:INFO:train samples: (1368,)
2021-01-28 02:06:19:INFO:valid samples: (456,)
2021-01-28 02:06:20:INFO:test samples: (457,)
2021-01-28 02:06:24:INFO:The model has 1382301 trainable parameters
2021-01-28 02:06:25:INFO:TRAIN-(lf_dnn) (1/1/1)>> loss: 0.5894  Mult_acc_2: 0.6937  Mult_acc_3: 0.5373  Mult_acc_5: 0.2120  F1_score: 0.8192  MAE: 0.5898  Corr: 0.0374 
2021-01-28 02:06:25:INFO:VAL-(lf_dnn) >>  Mult_acc_2: 0.6952  Mult_acc_3: 0.5439  Mult_acc_5: 0.2127  F1_score: 0.8202  MAE: 0.5882  Corr: 0.1162  Loss: 0.5887 
2021-01-28 02:06:26:INFO:TRAIN-(lf_dnn) (1/2/1)>> loss: 0.5883  Mult_acc_2: 0.6937  Mult_acc_3: 0.5424  Mult_acc_5: 0.2120  F1_score: 0.8192  MAE: 0.5885  Corr: 0.1281 
2021-01-28 02:06:26:INFO:VAL-(lf_dnn) >>  Mult_acc_2: 0.6952  Mult_acc_3: 0.5439  Mult_acc_5: 0.2127  F1_score: 0.8202  MAE: 0.5880  Corr: 0.3338  Loss: 0.5985 
2021-01-28 02:06:27:INFO:TRAIN-(lf_dnn) (2/3/1)>> loss: 0.5876  Mult_acc_2: 0.6937  Mult_acc_3: 0.5424  Mult_acc_5: 0.2120  F1_score: 0.8192  MAE: 0.5875  Corr: 0.2983 
2021-01-28 02:06:27:INFO:VAL-(lf_dnn) >>  Mult_acc_2: 0.6952  Mult_acc_3: 0.5439  Mult_acc_5: 0.2127  F1_score: 0.8202  MAE: 0.5857  Corr: 0.4342  Loss: 0.5792 
2021-01-28 02:06:28:INFO:TRAIN-(lf_dnn) (1/4/1)>> loss: 0.5788  Mult_acc_2: 0.6937  Mult_acc_3: 0.5424  Mult_acc_5: 0.2120  F1_score: 0.8192  MAE: 0.5791  Corr: 0.3398 
2021-01-28 02:06:28:INFO:VAL-(lf_dnn) >>  Mult_acc_2: 0.6952  Mult_acc_3: 0.5439  Mult_acc_5: 0.2127  F1_score: 0.8202  MAE: 0.5687  Corr: 0.4038  Loss: 0.5722 
2021-01-28 02:06:29:INFO:TRAIN-(lf_dnn) (1/5/1)>> loss: 0.5039  Mult_acc_2: 0.7069  Mult_acc_3: 0.5519  Mult_acc_5: 0.2873  F1_score: 0.7391  MAE: 0.5012  Corr: 0.4487 
2021-01-28 02:06:29:INFO:VAL-(lf_dnn) >>  Mult_acc_2: 0.6930  Mult_acc_3: 0.5833  Mult_acc_5: 0.3553  F1_score: 0.6877  MAE: 0.5016  Corr: 0.4582  Loss: 0.4883 
2021-01-28 02:06:30:INFO:TRAIN-(lf_dnn) (1/6/1)>> loss: 0.4760  Mult_acc_2: 0.7003  Mult_acc_3: 0.5833  Mult_acc_5: 0.3224  F1_score: 0.6914  MAE: 0.4749  Corr: 0.5085 
2021-01-28 02:06:30:INFO:VAL-(lf_dnn) >>  Mult_acc_2: 0.6535  Mult_acc_3: 0.4539  Mult_acc_5: 0.2807  F1_score: 0.6419  MAE: 0.5058  Corr: 0.4268  Loss: 0.5040 
2021-01-28 02:06:31:INFO:TRAIN-(lf_dnn) (2/7/1)>> loss: 0.4523  Mult_acc_2: 0.7208  Mult_acc_3: 0.5753  Mult_acc_5: 0.3633  F1_score: 0.7126  MAE: 0.4504  Corr: 0.5548 
2021-01-28 02:06:31:INFO:VAL-(lf_dnn) >>  Mult_acc_2: 0.5987  Mult_acc_3: 0.4846  Mult_acc_5: 0.2412  F1_score: 0.5842  MAE: 0.5274  Corr: 0.4125  Loss: 0.5193 
2021-01-28 02:06:32:INFO:TRAIN-(lf_dnn) (3/8/1)>> loss: 0.4417  Mult_acc_2: 0.7354  Mult_acc_3: 0.6162  Mult_acc_5: 0.3787  F1_score: 0.7273  MAE: 0.4383  Corr: 0.5860 
2021-01-28 02:06:32:INFO:VAL-(lf_dnn) >>  Mult_acc_2: 0.6908  Mult_acc_3: 0.5746  Mult_acc_5: 0.2829  F1_score: 0.6799  MAE: 0.4929  Corr: 0.4904  Loss: 0.4910 
2021-01-28 02:06:33:INFO:TRAIN-(lf_dnn) (4/9/1)>> loss: 0.4253  Mult_acc_2: 0.7368  Mult_acc_3: 0.6425  Mult_acc_5: 0.3860  F1_score: 0.7277  MAE: 0.4226  Corr: 0.6150 
2021-01-28 02:06:33:INFO:VAL-(lf_dnn) >>  Mult_acc_2: 0.7171  Mult_acc_3: 0.6053  Mult_acc_5: 0.3487  F1_score: 0.7163  MAE: 0.4899  Corr: 0.4848  Loss: 0.4831 
2021-01-28 02:06:34:INFO:TRAIN-(lf_dnn) (1/10/1)>> loss: 0.4092  Mult_acc_2: 0.7376  Mult_acc_3: 0.6732  Mult_acc_5: 0.3984  F1_score: 0.7284  MAE: 0.4071  Corr: 0.6443 
2021-01-28 02:06:34:INFO:VAL-(lf_dnn) >>  Mult_acc_2: 0.6601  Mult_acc_3: 0.5658  Mult_acc_5: 0.3114  F1_score: 0.6466  MAE: 0.4892  Corr: 0.4886  Loss: 0.4885 
2021-01-28 02:06:35:INFO:TRAIN-(lf_dnn) (2/11/1)>> loss: 0.3776  Mult_acc_2: 0.7683  Mult_acc_3: 0.6937  Mult_acc_5: 0.4320  F1_score: 0.7602  MAE: 0.3737  Corr: 0.6920 
2021-01-28 02:06:35:INFO:VAL-(lf_dnn) >>  Mult_acc_2: 0.6557  Mult_acc_3: 0.5702  Mult_acc_5: 0.3224  F1_score: 0.6421  MAE: 0.4851  Corr: 0.5032  Loss: 0.4877 
2021-01-28 02:06:35:INFO:TRAIN-(lf_dnn) (3/12/1)>> loss: 0.3582  Mult_acc_2: 0.7836  Mult_acc_3: 0.7142  Mult_acc_5: 0.4649  F1_score: 0.7766  MAE: 0.3541  Corr: 0.7223 
2021-01-28 02:06:36:INFO:VAL-(lf_dnn) >>  Mult_acc_2: 0.6732  Mult_acc_3: 0.5877  Mult_acc_5: 0.3246  F1_score: 0.6604  MAE: 0.4736  Corr: 0.5152  Loss: 0.4782 
2021-01-28 02:06:36:INFO:TRAIN-(lf_dnn) (1/13/1)>> loss: 0.3431  Mult_acc_2: 0.7939  Mult_acc_3: 0.7310  Mult_acc_5: 0.4788  F1_score: 0.7870  MAE: 0.3395  Corr: 0.7358 
2021-01-28 02:06:37:INFO:VAL-(lf_dnn) >>  Mult_acc_2: 0.6974  Mult_acc_3: 0.6294  Mult_acc_5: 0.3618  F1_score: 0.6868  MAE: 0.4665  Corr: 0.5380  Loss: 0.4597 
2021-01-28 02:06:37:INFO:TRAIN-(lf_dnn) (1/14/1)>> loss: 0.3360  Mult_acc_2: 0.7990  Mult_acc_3: 0.7317  Mult_acc_5: 0.5051  F1_score: 0.7927  MAE: 0.3325  Corr: 0.7449 
2021-01-28 02:06:38:INFO:VAL-(lf_dnn) >>  Mult_acc_2: 0.7303  Mult_acc_3: 0.6404  Mult_acc_5: 0.3969  F1_score: 0.7237  MAE: 0.4547  Corr: 0.5453  Loss: 0.4508 
2021-01-28 02:06:38:INFO:TRAIN-(lf_dnn) (1/15/1)>> loss: 0.3246  Mult_acc_2: 0.7990  Mult_acc_3: 0.7463  Mult_acc_5: 0.5168  F1_score: 0.7925  MAE: 0.3189  Corr: 0.7581 
2021-01-28 02:06:39:INFO:VAL-(lf_dnn) >>  Mult_acc_2: 0.6820  Mult_acc_3: 0.6053  Mult_acc_5: 0.3509  F1_score: 0.6698  MAE: 0.4718  Corr: 0.5183  Loss: 0.4707 
2021-01-28 02:06:39:INFO:TRAIN-(lf_dnn) (2/16/1)>> loss: 0.3168  Mult_acc_2: 0.8107  Mult_acc_3: 0.7485  Mult_acc_5: 0.5110  F1_score: 0.8048  MAE: 0.3128  Corr: 0.7775 
2021-01-28 02:06:39:INFO:VAL-(lf_dnn) >>  Mult_acc_2: 0.7127  Mult_acc_3: 0.6250  Mult_acc_5: 0.4123  F1_score: 0.7030  MAE: 0.4544  Corr: 0.5465  Loss: 0.4601 
2021-01-28 02:06:40:INFO:TRAIN-(lf_dnn) (3/17/1)>> loss: 0.3110  Mult_acc_2: 0.8085  Mult_acc_3: 0.7339  Mult_acc_5: 0.5219  F1_score: 0.8024  MAE: 0.3069  Corr: 0.7758 
2021-01-28 02:06:40:INFO:VAL-(lf_dnn) >>  Mult_acc_2: 0.7105  Mult_acc_3: 0.6140  Mult_acc_5: 0.3925  F1_score: 0.7003  MAE: 0.4582  Corr: 0.5485  Loss: 0.4710 
2021-01-28 02:06:41:INFO:TRAIN-(lf_dnn) (4/18/1)>> loss: 0.2986  Mult_acc_2: 0.8173  Mult_acc_3: 0.7661  Mult_acc_5: 0.5424  F1_score: 0.8118  MAE: 0.2951  Corr: 0.7918 
2021-01-28 02:06:41:INFO:VAL-(lf_dnn) >>  Mult_acc_2: 0.6689  Mult_acc_3: 0.5899  Mult_acc_5: 0.3553  F1_score: 0.6558  MAE: 0.4826  Corr: 0.5502  Loss: 0.4814 
2021-01-28 02:06:42:INFO:TRAIN-(lf_dnn) (5/19/1)>> loss: 0.2888  Mult_acc_2: 0.8246  Mult_acc_3: 0.7705  Mult_acc_5: 0.5702  F1_score: 0.8190  MAE: 0.2831  Corr: 0.8042 
2021-01-28 02:06:42:INFO:VAL-(lf_dnn) >>  Mult_acc_2: 0.6974  Mult_acc_3: 0.6294  Mult_acc_5: 0.3904  F1_score: 0.6865  MAE: 0.4831  Corr: 0.5435  Loss: 0.4750 
2021-01-28 02:06:43:INFO:TRAIN-(lf_dnn) (6/20/1)>> loss: 0.2700  Mult_acc_2: 0.8297  Mult_acc_3: 0.7939  Mult_acc_5: 0.5841  F1_score: 0.8243  MAE: 0.2652  Corr: 0.8265 
2021-01-28 02:06:43:INFO:VAL-(lf_dnn) >>  Mult_acc_2: 0.7325  Mult_acc_3: 0.6206  Mult_acc_5: 0.3596  F1_score: 0.7286  MAE: 0.4574  Corr: 0.5357  Loss: 0.4595 
2021-01-28 02:06:44:INFO:TRAIN-(lf_dnn) (7/21/1)>> loss: 0.2568  Mult_acc_2: 0.8399  Mult_acc_3: 0.7953  Mult_acc_5: 0.6009  F1_score: 0.8350  MAE: 0.2504  Corr: 0.8421 
2021-01-28 02:06:44:INFO:VAL-(lf_dnn) >>  Mult_acc_2: 0.6382  Mult_acc_3: 0.5658  Mult_acc_5: 0.3333  F1_score: 0.6239  MAE: 0.4875  Corr: 0.5104  Loss: 0.4904 
2021-01-28 02:06:45:INFO:TRAIN-(lf_dnn) (8/22/1)>> loss: 0.2608  Mult_acc_2: 0.8304  Mult_acc_3: 0.7770  Mult_acc_5: 0.5892  F1_score: 0.8251  MAE: 0.2551  Corr: 0.8392 
2021-01-28 02:06:45:INFO:VAL-(lf_dnn) >>  Mult_acc_2: 0.7215  Mult_acc_3: 0.6250  Mult_acc_5: 0.3684  F1_score: 0.7123  MAE: 0.4697  Corr: 0.5375  Loss: 0.4901 
2021-01-28 02:06:45:INFO:TEST-(lf_dnn) >>  Mult_acc_2: 0.7724  Mult_acc_3: 0.6543  Mult_acc_5: 0.3961  F1_score: 0.7707  MAE: 0.4580  Corr: 0.5545  Loss: 0.4510 
2021-01-28 02:06:45:INFO:Start saving results...
2021-01-28 02:06:45:INFO:Results are saved to results/results/sims-lf_dnn-regression-tune.csv...
2021-01-28 02:06:45:INFO:########################################lf_dnn-(2/50)########################################
2021-01-28 02:06:45:INFO:hidden_dims:(128, 16, 128)
2021-01-28 02:06:45:INFO:text_out:256
2021-01-28 02:06:45:INFO:post_fusion_dim:64
2021-01-28 02:06:45:INFO:dropouts:(0.4, 0.4, 0.4, 0.4)
2021-01-28 02:06:45:INFO:batch_size:64
2021-01-28 02:06:45:INFO:learning_rate:0.005
2021-01-28 02:06:45:INFO:weight_decay:0.01
2021-01-28 02:06:45:INFO:##########################################################################################
2021-01-28 02:06:45:INFO:Start running lf_dnn...
2021-01-28 02:06:45:INFO:Let's use 1 GPUs!
2021-01-28 02:06:47:INFO:train samples: (1368,)
2021-01-28 02:06:48:INFO:valid samples: (456,)
2021-01-28 02:06:50:INFO:test samples: (457,)
2021-01-28 02:06:50:INFO:The model has 649165 trainable parameters
2021-01-28 02:06:50:INFO:TRAIN-(lf_dnn) (1/1/1)>> loss: 0.5513  Mult_acc_2: 0.6696  Mult_acc_3: 0.5015  Mult_acc_5: 0.2529  F1_score: 0.6882  MAE: 0.5550  Corr: 0.2485 
2021-01-28 02:06:50:INFO:VAL-(lf_dnn) >>  Mult_acc_2: 0.6338  Mult_acc_3: 0.4167  Mult_acc_5: 0.2083  F1_score: 0.6205  MAE: 0.5266  Corr: 0.4024  Loss: 0.5276 
2021-01-28 02:06:51:INFO:TRAIN-(lf_dnn) (1/2/1)>> loss: 0.5044  Mult_acc_2: 0.6813  Mult_acc_3: 0.5117  Mult_acc_5: 0.2814  F1_score: 0.6890  MAE: 0.5040  Corr: 0.4118 
2021-01-28 02:06:51:INFO:VAL-(lf_dnn) >>  Mult_acc_2: 0.6557  Mult_acc_3: 0.5000  Mult_acc_5: 0.2237  F1_score: 0.6534  MAE: 0.5382  Corr: 0.4282  Loss: 0.5357 
2021-01-28 02:06:51:INFO:TRAIN-(lf_dnn) (2/3/1)>> loss: 0.4783  Mult_acc_2: 0.7069  Mult_acc_3: 0.5563  Mult_acc_5: 0.3107  F1_score: 0.7002  MAE: 0.4773  Corr: 0.5017 
2021-01-28 02:06:52:INFO:VAL-(lf_dnn) >>  Mult_acc_2: 0.7149  Mult_acc_3: 0.5197  Mult_acc_5: 0.3596  F1_score: 0.7248  MAE: 0.5155  Corr: 0.4456  Loss: 0.5440 
2021-01-28 02:06:52:INFO:TRAIN-(lf_dnn) (3/4/1)>> loss: 0.4715  Mult_acc_2: 0.7376  Mult_acc_3: 0.5987  Mult_acc_5: 0.3392  F1_score: 0.7391  MAE: 0.4698  Corr: 0.5199 
2021-01-28 02:06:52:INFO:VAL-(lf_dnn) >>  Mult_acc_2: 0.6952  Mult_acc_3: 0.5746  Mult_acc_5: 0.3553  F1_score: 0.6885  MAE: 0.4988  Corr: 0.4588  Loss: 0.5312 
2021-01-28 02:06:53:INFO:TRAIN-(lf_dnn) (4/5/1)>> loss: 0.4821  Mult_acc_2: 0.7222  Mult_acc_3: 0.6272  Mult_acc_5: 0.3224  F1_score: 0.7203  MAE: 0.4755  Corr: 0.5156 
2021-01-28 02:06:53:INFO:VAL-(lf_dnn) >>  Mult_acc_2: 0.6557  Mult_acc_3: 0.5614  Mult_acc_5: 0.3004  F1_score: 0.6423  MAE: 0.5029  Corr: 0.4471  Loss: 0.5128 
2021-01-28 02:06:54:INFO:TRAIN-(lf_dnn) (1/6/1)>> loss: 0.4645  Mult_acc_2: 0.7113  Mult_acc_3: 0.6126  Mult_acc_5: 0.3370  F1_score: 0.7046  MAE: 0.4656  Corr: 0.5278 
2021-01-28 02:06:54:INFO:VAL-(lf_dnn) >>  Mult_acc_2: 0.6864  Mult_acc_3: 0.5570  Mult_acc_5: 0.2917  F1_score: 0.6763  MAE: 0.5012  Corr: 0.4570  Loss: 0.5060 
2021-01-28 02:06:54:INFO:TRAIN-(lf_dnn) (1/7/1)>> loss: 0.4697  Mult_acc_2: 0.7244  Mult_acc_3: 0.6250  Mult_acc_5: 0.3392  F1_score: 0.7176  MAE: 0.4679  Corr: 0.5328 
2021-01-28 02:06:54:INFO:VAL-(lf_dnn) >>  Mult_acc_2: 0.6820  Mult_acc_3: 0.4627  Mult_acc_5: 0.2281  F1_score: 0.6713  MAE: 0.5127  Corr: 0.4397  Loss: 0.4929 
2021-01-28 02:06:55:INFO:TRAIN-(lf_dnn) (1/8/1)>> loss: 0.4576  Mult_acc_2: 0.7456  Mult_acc_3: 0.5987  Mult_acc_5: 0.3121  F1_score: 0.7458  MAE: 0.4569  Corr: 0.5664 
2021-01-28 02:06:55:INFO:VAL-(lf_dnn) >>  Mult_acc_2: 0.4386  Mult_acc_3: 0.3925  Mult_acc_5: 0.1623  F1_score: 0.4813  MAE: 0.7019  Corr: 0.4201  Loss: 0.7479 
2021-01-28 02:06:56:INFO:TRAIN-(lf_dnn) (2/9/1)>> loss: 0.4810  Mult_acc_2: 0.7317  Mult_acc_3: 0.6287  Mult_acc_5: 0.3421  F1_score: 0.7259  MAE: 0.4730  Corr: 0.5100 
2021-01-28 02:06:56:INFO:VAL-(lf_dnn) >>  Mult_acc_2: 0.7061  Mult_acc_3: 0.5943  Mult_acc_5: 0.2566  F1_score: 0.6999  MAE: 0.4915  Corr: 0.4910  Loss: 0.4881 
2021-01-28 02:06:56:INFO:TRAIN-(lf_dnn) (1/10/1)>> loss: 0.4379  Mult_acc_2: 0.7493  Mult_acc_3: 0.6484  Mult_acc_5: 0.3633  F1_score: 0.7428  MAE: 0.4389  Corr: 0.5800 
2021-01-28 02:06:56:INFO:VAL-(lf_dnn) >>  Mult_acc_2: 0.6469  Mult_acc_3: 0.5899  Mult_acc_5: 0.3421  F1_score: 0.6331  MAE: 0.4954  Corr: 0.4829  Loss: 0.4992 
2021-01-28 02:06:57:INFO:TRAIN-(lf_dnn) (2/11/1)>> loss: 0.4115  Mult_acc_2: 0.7683  Mult_acc_3: 0.6849  Mult_acc_5: 0.4094  F1_score: 0.7629  MAE: 0.4037  Corr: 0.6383 
2021-01-28 02:06:57:INFO:VAL-(lf_dnn) >>  Mult_acc_2: 0.7368  Mult_acc_3: 0.6118  Mult_acc_5: 0.2368  F1_score: 0.7430  MAE: 0.4957  Corr: 0.5006  Loss: 0.4966 
2021-01-28 02:06:58:INFO:TRAIN-(lf_dnn) (3/12/1)>> loss: 0.3914  Mult_acc_2: 0.7887  Mult_acc_3: 0.6937  Mult_acc_5: 0.3925  F1_score: 0.7850  MAE: 0.3867  Corr: 0.6757 
2021-01-28 02:06:58:INFO:VAL-(lf_dnn) >>  Mult_acc_2: 0.7544  Mult_acc_3: 0.6404  Mult_acc_5: 0.3750  F1_score: 0.7530  MAE: 0.4641  Corr: 0.5447  Loss: 0.4614 
2021-01-28 02:06:58:INFO:TRAIN-(lf_dnn) (1/13/1)>> loss: 0.3519  Mult_acc_2: 0.8056  Mult_acc_3: 0.7244  Mult_acc_5: 0.4825  F1_score: 0.8028  MAE: 0.3456  Corr: 0.7240 
2021-01-28 02:06:59:INFO:VAL-(lf_dnn) >>  Mult_acc_2: 0.6996  Mult_acc_3: 0.6162  Mult_acc_5: 0.3553  F1_score: 0.6890  MAE: 0.4785  Corr: 0.5190  Loss: 0.4634 
2021-01-28 02:06:59:INFO:TRAIN-(lf_dnn) (2/14/1)>> loss: 0.3564  Mult_acc_2: 0.8077  Mult_acc_3: 0.7230  Mult_acc_5: 0.4781  F1_score: 0.8037  MAE: 0.3570  Corr: 0.7120 
2021-01-28 02:06:59:INFO:VAL-(lf_dnn) >>  Mult_acc_2: 0.6447  Mult_acc_3: 0.5307  Mult_acc_5: 0.2785  F1_score: 0.6311  MAE: 0.5047  Corr: 0.4817  Loss: 0.5043 
2021-01-28 02:07:00:INFO:TRAIN-(lf_dnn) (3/15/1)>> loss: 0.3437  Mult_acc_2: 0.8048  Mult_acc_3: 0.7273  Mult_acc_5: 0.4671  F1_score: 0.8004  MAE: 0.3341  Corr: 0.7451 
2021-01-28 02:07:00:INFO:VAL-(lf_dnn) >>  Mult_acc_2: 0.7675  Mult_acc_3: 0.6513  Mult_acc_5: 0.4123  F1_score: 0.7685  MAE: 0.4853  Corr: 0.5248  Loss: 0.4942 
2021-01-28 02:07:01:INFO:TRAIN-(lf_dnn) (4/16/1)>> loss: 0.3453  Mult_acc_2: 0.8099  Mult_acc_3: 0.7222  Mult_acc_5: 0.4700  F1_score: 0.8066  MAE: 0.3410  Corr: 0.7372 
2021-01-28 02:07:01:INFO:VAL-(lf_dnn) >>  Mult_acc_2: 0.6776  Mult_acc_3: 0.5855  Mult_acc_5: 0.3092  F1_score: 0.6653  MAE: 0.4934  Corr: 0.5191  Loss: 0.4988 
2021-01-28 02:07:01:INFO:TRAIN-(lf_dnn) (5/17/1)>> loss: 0.3290  Mult_acc_2: 0.8048  Mult_acc_3: 0.7427  Mult_acc_5: 0.4971  F1_score: 0.8010  MAE: 0.3243  Corr: 0.7627 
2021-01-28 02:07:01:INFO:VAL-(lf_dnn) >>  Mult_acc_2: 0.7434  Mult_acc_3: 0.6162  Mult_acc_5: 0.3772  F1_score: 0.7491  MAE: 0.4779  Corr: 0.5254  Loss: 0.4720 
2021-01-28 02:07:02:INFO:TRAIN-(lf_dnn) (6/18/1)>> loss: 0.3203  Mult_acc_2: 0.8289  Mult_acc_3: 0.7434  Mult_acc_5: 0.5183  F1_score: 0.8261  MAE: 0.3171  Corr: 0.7677 
2021-01-28 02:07:02:INFO:VAL-(lf_dnn) >>  Mult_acc_2: 0.6031  Mult_acc_3: 0.5219  Mult_acc_5: 0.3180  F1_score: 0.5919  MAE: 0.5518  Corr: 0.5007  Loss: 0.5627 
2021-01-28 02:07:03:INFO:TRAIN-(lf_dnn) (7/19/1)>> loss: 0.3378  Mult_acc_2: 0.8216  Mult_acc_3: 0.7485  Mult_acc_5: 0.5022  F1_score: 0.8179  MAE: 0.3333  Corr: 0.7534 
2021-01-28 02:07:03:INFO:VAL-(lf_dnn) >>  Mult_acc_2: 0.7346  Mult_acc_3: 0.6096  Mult_acc_5: 0.3421  F1_score: 0.7355  MAE: 0.4774  Corr: 0.4931  Loss: 0.4488 
2021-01-28 02:07:04:INFO:TRAIN-(lf_dnn) (1/20/1)>> loss: 0.3142  Mult_acc_2: 0.8385  Mult_acc_3: 0.7442  Mult_acc_5: 0.5146  F1_score: 0.8349  MAE: 0.3067  Corr: 0.7866 
2021-01-28 02:07:04:INFO:VAL-(lf_dnn) >>  Mult_acc_2: 0.7303  Mult_acc_3: 0.6031  Mult_acc_5: 0.3904  F1_score: 0.7258  MAE: 0.4760  Corr: 0.5054  Loss: 0.4754 
2021-01-28 02:07:04:INFO:TRAIN-(lf_dnn) (2/21/1)>> loss: 0.2975  Mult_acc_2: 0.8341  Mult_acc_3: 0.7551  Mult_acc_5: 0.5446  F1_score: 0.8305  MAE: 0.2934  Corr: 0.7975 
2021-01-28 02:07:04:INFO:VAL-(lf_dnn) >>  Mult_acc_2: 0.7456  Mult_acc_3: 0.6404  Mult_acc_5: 0.4013  F1_score: 0.7412  MAE: 0.4752  Corr: 0.5146  Loss: 0.4614 
2021-01-28 02:07:05:INFO:TRAIN-(lf_dnn) (3/22/1)>> loss: 0.2878  Mult_acc_2: 0.8326  Mult_acc_3: 0.7558  Mult_acc_5: 0.5570  F1_score: 0.8290  MAE: 0.2835  Corr: 0.8088 
2021-01-28 02:07:05:INFO:VAL-(lf_dnn) >>  Mult_acc_2: 0.7544  Mult_acc_3: 0.6294  Mult_acc_5: 0.3772  F1_score: 0.7615  MAE: 0.4782  Corr: 0.5185  Loss: 0.4836 
2021-01-28 02:07:06:INFO:TRAIN-(lf_dnn) (4/23/1)>> loss: 0.2839  Mult_acc_2: 0.8545  Mult_acc_3: 0.7602  Mult_acc_5: 0.5643  F1_score: 0.8514  MAE: 0.2771  Corr: 0.8145 
2021-01-28 02:07:06:INFO:VAL-(lf_dnn) >>  Mult_acc_2: 0.7127  Mult_acc_3: 0.6206  Mult_acc_5: 0.4189  F1_score: 0.7034  MAE: 0.5088  Corr: 0.5150  Loss: 0.4988 
2021-01-28 02:07:06:INFO:TRAIN-(lf_dnn) (5/24/1)>> loss: 0.2948  Mult_acc_2: 0.8333  Mult_acc_3: 0.7675  Mult_acc_5: 0.5431  F1_score: 0.8297  MAE: 0.2945  Corr: 0.8045 
2021-01-28 02:07:06:INFO:VAL-(lf_dnn) >>  Mult_acc_2: 0.7346  Mult_acc_3: 0.6009  Mult_acc_5: 0.3904  F1_score: 0.7315  MAE: 0.4877  Corr: 0.4918  Loss: 0.4772 
2021-01-28 02:07:07:INFO:TRAIN-(lf_dnn) (6/25/1)>> loss: 0.2783  Mult_acc_2: 0.8465  Mult_acc_3: 0.7727  Mult_acc_5: 0.5833  F1_score: 0.8434  MAE: 0.2687  Corr: 0.8270 
2021-01-28 02:07:07:INFO:VAL-(lf_dnn) >>  Mult_acc_2: 0.6864  Mult_acc_3: 0.6031  Mult_acc_5: 0.3947  F1_score: 0.6771  MAE: 0.4989  Corr: 0.4846  Loss: 0.5249 
2021-01-28 02:07:07:INFO:TRAIN-(lf_dnn) (7/26/1)>> loss: 0.2653  Mult_acc_2: 0.8428  Mult_acc_3: 0.7646  Mult_acc_5: 0.5980  F1_score: 0.8393  MAE: 0.2595  Corr: 0.8395 
2021-01-28 02:07:08:INFO:VAL-(lf_dnn) >>  Mult_acc_2: 0.6667  Mult_acc_3: 0.5877  Mult_acc_5: 0.3860  F1_score: 0.6535  MAE: 0.5050  Corr: 0.5114  Loss: 0.5008 
2021-01-28 02:07:08:INFO:TRAIN-(lf_dnn) (8/27/1)>> loss: 0.2803  Mult_acc_2: 0.8385  Mult_acc_3: 0.7705  Mult_acc_5: 0.5709  F1_score: 0.8347  MAE: 0.2747  Corr: 0.8189 
2021-01-28 02:07:08:INFO:VAL-(lf_dnn) >>  Mult_acc_2: 0.6316  Mult_acc_3: 0.5614  Mult_acc_5: 0.3706  F1_score: 0.6176  MAE: 0.5393  Corr: 0.4865  Loss: 0.5383 
2021-01-28 02:07:08:INFO:TEST-(lf_dnn) >>  Mult_acc_2: 0.7724  Mult_acc_3: 0.6302  Mult_acc_5: 0.3873  F1_score: 0.7777  MAE: 0.4485  Corr: 0.5527  Loss: 0.4496 
2021-01-28 02:07:08:INFO:Start saving results...
2021-01-28 02:07:08:INFO:Results are saved to results/results/sims-lf_dnn-regression-tune.csv...
2021-01-28 02:07:08:INFO:########################################lf_dnn-(3/50)########################################
2021-01-28 02:07:08:INFO:hidden_dims:(64, 32, 64)
2021-01-28 02:07:08:INFO:text_out:32
2021-01-28 02:07:08:INFO:post_fusion_dim:16
2021-01-28 02:07:08:INFO:dropouts:(0.3, 0.3, 0.3, 0.3)
2021-01-28 02:07:08:INFO:batch_size:128
2021-01-28 02:07:08:INFO:learning_rate:0.002
2021-01-28 02:07:08:INFO:weight_decay:0.0
2021-01-28 02:07:08:INFO:##########################################################################################
2021-01-28 02:07:08:INFO:Start running lf_dnn...
2021-01-28 02:07:08:INFO:Let's use 1 GPUs!
2021-01-28 02:07:10:INFO:train samples: (1368,)
2021-01-28 02:07:11:INFO:valid samples: (456,)
2021-01-28 02:07:13:INFO:test samples: (457,)
2021-01-28 02:07:13:INFO:The model has 276381 trainable parameters
2021-01-28 02:07:13:INFO:TRAIN-(lf_dnn) (1/1/1)>> loss: 0.6099  Mult_acc_2: 0.5270  Mult_acc_3: 0.3626  Mult_acc_5: 0.1842  F1_score: 0.5105  MAE: 0.6094  Corr: 0.0581 
2021-01-28 02:07:13:INFO:VAL-(lf_dnn) >>  Mult_acc_2: 0.6952  Mult_acc_3: 0.5417  Mult_acc_5: 0.2149  F1_score: 0.8202  MAE: 0.5989  Corr: 0.0199  Loss: 0.6012 
2021-01-28 02:07:14:INFO:TRAIN-(lf_dnn) (1/2/1)>> loss: 0.5607  Mult_acc_2: 0.6952  Mult_acc_3: 0.5278  Mult_acc_5: 0.2230  F1_score: 0.8036  MAE: 0.5621  Corr: 0.2708 
2021-01-28 02:07:14:INFO:VAL-(lf_dnn) >>  Mult_acc_2: 0.7018  Mult_acc_3: 0.5197  Mult_acc_5: 0.2215  F1_score: 0.7974  MAE: 0.5436  Corr: 0.3620  Loss: 0.5415 
2021-01-28 02:07:14:INFO:TRAIN-(lf_dnn) (1/3/1)>> loss: 0.5021  Mult_acc_2: 0.6915  Mult_acc_3: 0.5504  Mult_acc_5: 0.3114  F1_score: 0.7123  MAE: 0.4975  Corr: 0.4400 
2021-01-28 02:07:14:INFO:VAL-(lf_dnn) >>  Mult_acc_2: 0.6667  Mult_acc_3: 0.5439  Mult_acc_5: 0.3092  F1_score: 0.6600  MAE: 0.5001  Corr: 0.4377  Loss: 0.5074 
2021-01-28 02:07:15:INFO:TRAIN-(lf_dnn) (1/4/1)>> loss: 0.4639  Mult_acc_2: 0.7244  Mult_acc_3: 0.6023  Mult_acc_5: 0.3443  F1_score: 0.7233  MAE: 0.4591  Corr: 0.5441 
2021-01-28 02:07:15:INFO:VAL-(lf_dnn) >>  Mult_acc_2: 0.6601  Mult_acc_3: 0.5636  Mult_acc_5: 0.2588  F1_score: 0.6474  MAE: 0.4986  Corr: 0.4807  Loss: 0.5024 
2021-01-28 02:07:15:INFO:TRAIN-(lf_dnn) (1/5/1)>> loss: 0.4225  Mult_acc_2: 0.7558  Mult_acc_3: 0.6689  Mult_acc_5: 0.3743  F1_score: 0.7504  MAE: 0.4184  Corr: 0.6295 
2021-01-28 02:07:15:INFO:VAL-(lf_dnn) >>  Mult_acc_2: 0.7259  Mult_acc_3: 0.6184  Mult_acc_5: 0.3443  F1_score: 0.7202  MAE: 0.4702  Corr: 0.5166  Loss: 0.4741 
2021-01-28 02:07:16:INFO:TRAIN-(lf_dnn) (1/6/1)>> loss: 0.3917  Mult_acc_2: 0.7887  Mult_acc_3: 0.6996  Mult_acc_5: 0.4218  F1_score: 0.7847  MAE: 0.3826  Corr: 0.6772 
2021-01-28 02:07:16:INFO:VAL-(lf_dnn) >>  Mult_acc_2: 0.6996  Mult_acc_3: 0.6075  Mult_acc_5: 0.3026  F1_score: 0.6922  MAE: 0.4881  Corr: 0.5089  Loss: 0.4866 
2021-01-28 02:07:16:INFO:TRAIN-(lf_dnn) (2/7/1)>> loss: 0.3543  Mult_acc_2: 0.8151  Mult_acc_3: 0.7339  Mult_acc_5: 0.4854  F1_score: 0.8113  MAE: 0.3420  Corr: 0.7364 
2021-01-28 02:07:16:INFO:VAL-(lf_dnn) >>  Mult_acc_2: 0.7237  Mult_acc_3: 0.6228  Mult_acc_5: 0.3772  F1_score: 0.7221  MAE: 0.4665  Corr: 0.5183  Loss: 0.4617 
2021-01-28 02:07:17:INFO:TRAIN-(lf_dnn) (1/8/1)>> loss: 0.3261  Mult_acc_2: 0.8275  Mult_acc_3: 0.7456  Mult_acc_5: 0.4934  F1_score: 0.8240  MAE: 0.3201  Corr: 0.7609 
2021-01-28 02:07:17:INFO:VAL-(lf_dnn) >>  Mult_acc_2: 0.7061  Mult_acc_3: 0.6096  Mult_acc_5: 0.3575  F1_score: 0.6985  MAE: 0.4661  Corr: 0.5466  Loss: 0.4696 
2021-01-28 02:07:17:INFO:TRAIN-(lf_dnn) (2/9/1)>> loss: 0.2940  Mult_acc_2: 0.8406  Mult_acc_3: 0.7661  Mult_acc_5: 0.5373  F1_score: 0.8378  MAE: 0.2853  Corr: 0.8096 
2021-01-28 02:07:17:INFO:VAL-(lf_dnn) >>  Mult_acc_2: 0.7127  Mult_acc_3: 0.6140  Mult_acc_5: 0.3750  F1_score: 0.7113  MAE: 0.4633  Corr: 0.5156  Loss: 0.4651 
2021-01-28 02:07:17:INFO:TRAIN-(lf_dnn) (3/10/1)>> loss: 0.2645  Mult_acc_2: 0.8662  Mult_acc_3: 0.7939  Mult_acc_5: 0.5958  F1_score: 0.8639  MAE: 0.2502  Corr: 0.8456 
2021-01-28 02:07:18:INFO:VAL-(lf_dnn) >>  Mult_acc_2: 0.6754  Mult_acc_3: 0.5943  Mult_acc_5: 0.3399  F1_score: 0.6636  MAE: 0.4779  Corr: 0.5432  Loss: 0.4803 
2021-01-28 02:07:18:INFO:TRAIN-(lf_dnn) (4/11/1)>> loss: 0.2408  Mult_acc_2: 0.8670  Mult_acc_3: 0.8034  Mult_acc_5: 0.6126  F1_score: 0.8639  MAE: 0.2285  Corr: 0.8704 
2021-01-28 02:07:18:INFO:VAL-(lf_dnn) >>  Mult_acc_2: 0.6689  Mult_acc_3: 0.5987  Mult_acc_5: 0.3662  F1_score: 0.6565  MAE: 0.4747  Corr: 0.5324  Loss: 0.4796 
2021-01-28 02:07:19:INFO:TRAIN-(lf_dnn) (5/12/1)>> loss: 0.2360  Mult_acc_2: 0.8670  Mult_acc_3: 0.8077  Mult_acc_5: 0.6170  F1_score: 0.8642  MAE: 0.2229  Corr: 0.8812 
2021-01-28 02:07:19:INFO:VAL-(lf_dnn) >>  Mult_acc_2: 0.6667  Mult_acc_3: 0.5811  Mult_acc_5: 0.3443  F1_score: 0.6541  MAE: 0.4732  Corr: 0.5470  Loss: 0.4769 
2021-01-28 02:07:19:INFO:TRAIN-(lf_dnn) (6/13/1)>> loss: 0.2137  Mult_acc_2: 0.8823  Mult_acc_3: 0.8180  Mult_acc_5: 0.6506  F1_score: 0.8797  MAE: 0.2050  Corr: 0.8985 
2021-01-28 02:07:19:INFO:VAL-(lf_dnn) >>  Mult_acc_2: 0.7018  Mult_acc_3: 0.6206  Mult_acc_5: 0.3947  F1_score: 0.6954  MAE: 0.4578  Corr: 0.5326  Loss: 0.4589 
2021-01-28 02:07:20:INFO:TRAIN-(lf_dnn) (1/14/1)>> loss: 0.1959  Mult_acc_2: 0.9050  Mult_acc_3: 0.8377  Mult_acc_5: 0.6901  F1_score: 0.9031  MAE: 0.1814  Corr: 0.9182 
2021-01-28 02:07:20:INFO:VAL-(lf_dnn) >>  Mult_acc_2: 0.6798  Mult_acc_3: 0.5943  Mult_acc_5: 0.3553  F1_score: 0.6696  MAE: 0.4677  Corr: 0.5279  Loss: 0.4674 
2021-01-28 02:07:20:INFO:TRAIN-(lf_dnn) (2/15/1)>> loss: 0.1803  Mult_acc_2: 0.8947  Mult_acc_3: 0.8494  Mult_acc_5: 0.7120  F1_score: 0.8924  MAE: 0.1688  Corr: 0.9275 
2021-01-28 02:07:20:INFO:VAL-(lf_dnn) >>  Mult_acc_2: 0.6930  Mult_acc_3: 0.6009  Mult_acc_5: 0.3706  F1_score: 0.6835  MAE: 0.4627  Corr: 0.5379  Loss: 0.4654 
2021-01-28 02:07:21:INFO:TRAIN-(lf_dnn) (3/16/1)>> loss: 0.1642  Mult_acc_2: 0.9108  Mult_acc_3: 0.8633  Mult_acc_5: 0.7485  F1_score: 0.9089  MAE: 0.1531  Corr: 0.9415 
2021-01-28 02:07:21:INFO:VAL-(lf_dnn) >>  Mult_acc_2: 0.6623  Mult_acc_3: 0.5877  Mult_acc_5: 0.3728  F1_score: 0.6498  MAE: 0.4713  Corr: 0.5332  Loss: 0.4847 
2021-01-28 02:07:21:INFO:TRAIN-(lf_dnn) (4/17/1)>> loss: 0.1650  Mult_acc_2: 0.8947  Mult_acc_3: 0.8633  Mult_acc_5: 0.7310  F1_score: 0.8924  MAE: 0.1513  Corr: 0.9450 
2021-01-28 02:07:21:INFO:VAL-(lf_dnn) >>  Mult_acc_2: 0.6754  Mult_acc_3: 0.5877  Mult_acc_5: 0.3596  F1_score: 0.6640  MAE: 0.4771  Corr: 0.5246  Loss: 0.4745 
2021-01-28 02:07:22:INFO:TRAIN-(lf_dnn) (5/18/1)>> loss: 0.1600  Mult_acc_2: 0.9006  Mult_acc_3: 0.8582  Mult_acc_5: 0.7427  F1_score: 0.8984  MAE: 0.1478  Corr: 0.9488 
2021-01-28 02:07:22:INFO:VAL-(lf_dnn) >>  Mult_acc_2: 0.6776  Mult_acc_3: 0.5833  Mult_acc_5: 0.3487  F1_score: 0.6654  MAE: 0.4957  Corr: 0.5020  Loss: 0.5009 
2021-01-28 02:07:22:INFO:TRAIN-(lf_dnn) (6/19/1)>> loss: 0.1516  Mult_acc_2: 0.9086  Mult_acc_3: 0.8648  Mult_acc_5: 0.7529  F1_score: 0.9066  MAE: 0.1370  Corr: 0.9565 
2021-01-28 02:07:22:INFO:VAL-(lf_dnn) >>  Mult_acc_2: 0.7193  Mult_acc_3: 0.6118  Mult_acc_5: 0.3772  F1_score: 0.7117  MAE: 0.4624  Corr: 0.5376  Loss: 0.4623 
2021-01-28 02:07:23:INFO:TRAIN-(lf_dnn) (7/20/1)>> loss: 0.1371  Mult_acc_2: 0.9094  Mult_acc_3: 0.8882  Mult_acc_5: 0.7851  F1_score: 0.9075  MAE: 0.1277  Corr: 0.9617 
2021-01-28 02:07:23:INFO:VAL-(lf_dnn) >>  Mult_acc_2: 0.6776  Mult_acc_3: 0.6075  Mult_acc_5: 0.3750  F1_score: 0.6658  MAE: 0.4704  Corr: 0.5352  Loss: 0.4705 
2021-01-28 02:07:23:INFO:TRAIN-(lf_dnn) (8/21/1)>> loss: 0.1291  Mult_acc_2: 0.9152  Mult_acc_3: 0.8750  Mult_acc_5: 0.7939  F1_score: 0.9134  MAE: 0.1174  Corr: 0.9673 
2021-01-28 02:07:23:INFO:VAL-(lf_dnn) >>  Mult_acc_2: 0.6754  Mult_acc_3: 0.5921  Mult_acc_5: 0.3750  F1_score: 0.6628  MAE: 0.4824  Corr: 0.5297  Loss: 0.4871 
2021-01-28 02:07:23:INFO:TEST-(lf_dnn) >>  Mult_acc_2: 0.7659  Mult_acc_3: 0.6543  Mult_acc_5: 0.3895  F1_score: 0.7652  MAE: 0.4340  Corr: 0.5888  Loss: 0.4354 
2021-01-28 02:07:23:INFO:Start saving results...
2021-01-28 02:07:23:INFO:Results are saved to results/results/sims-lf_dnn-regression-tune.csv...
2021-01-28 02:07:23:INFO:########################################lf_dnn-(4/50)########################################
2021-01-28 02:07:23:INFO:hidden_dims:(64, 16, 64)
2021-01-28 02:07:23:INFO:text_out:128
2021-01-28 02:07:23:INFO:post_fusion_dim:64
2021-01-28 02:07:23:INFO:dropouts:(0.2, 0.2, 0.2, 0.2)
2021-01-28 02:07:23:INFO:batch_size:32
2021-01-28 02:07:23:INFO:learning_rate:0.002
2021-01-28 02:07:23:INFO:weight_decay:0.001
2021-01-28 02:07:23:INFO:##########################################################################################
2021-01-28 02:07:23:INFO:Start running lf_dnn...
2021-01-28 02:07:23:INFO:Let's use 1 GPUs!
2021-01-28 02:07:25:INFO:train samples: (1368,)
2021-01-28 02:07:26:INFO:valid samples: (456,)
2021-01-28 02:07:27:INFO:test samples: (457,)
2021-01-28 02:07:27:INFO:The model has 295757 trainable parameters
2021-01-28 02:07:28:INFO:TRAIN-(lf_dnn) (1/1/1)>> loss: 0.5586  Mult_acc_2: 0.6864  Mult_acc_3: 0.5117  Mult_acc_5: 0.2434  F1_score: 0.7179  MAE: 0.5539  Corr: 0.2658 
2021-01-28 02:07:29:INFO:VAL-(lf_dnn) >>  Mult_acc_2: 0.5658  Mult_acc_3: 0.4496  Mult_acc_5: 0.1886  F1_score: 0.5500  MAE: 0.5509  Corr: 0.4028  Loss: 0.5458 
2021-01-28 02:07:30:INFO:TRAIN-(lf_dnn) (1/2/1)>> loss: 0.4926  Mult_acc_2: 0.7091  Mult_acc_3: 0.5782  Mult_acc_5: 0.3041  F1_score: 0.7060  MAE: 0.4915  Corr: 0.4703 
2021-01-28 02:07:30:INFO:VAL-(lf_dnn) >>  Mult_acc_2: 0.7127  Mult_acc_3: 0.5877  Mult_acc_5: 0.3728  F1_score: 0.7572  MAE: 0.5027  Corr: 0.4844  Loss: 0.5082 
2021-01-28 02:07:31:INFO:TRAIN-(lf_dnn) (1/3/1)>> loss: 0.4313  Mult_acc_2: 0.7617  Mult_acc_3: 0.6506  Mult_acc_5: 0.3808  F1_score: 0.7625  MAE: 0.4287  Corr: 0.5973 
2021-01-28 02:07:31:INFO:VAL-(lf_dnn) >>  Mult_acc_2: 0.7456  Mult_acc_3: 0.6294  Mult_acc_5: 0.3487  F1_score: 0.7416  MAE: 0.4648  Corr: 0.5371  Loss: 0.4763 
2021-01-28 02:07:32:INFO:TRAIN-(lf_dnn) (1/4/1)>> loss: 0.4058  Mult_acc_2: 0.7697  Mult_acc_3: 0.6857  Mult_acc_5: 0.4225  F1_score: 0.7659  MAE: 0.4002  Corr: 0.6343 
2021-01-28 02:07:32:INFO:VAL-(lf_dnn) >>  Mult_acc_2: 0.7149  Mult_acc_3: 0.6096  Mult_acc_5: 0.3925  F1_score: 0.7088  MAE: 0.4680  Corr: 0.5147  Loss: 0.4817 
2021-01-28 02:07:33:INFO:TRAIN-(lf_dnn) (2/5/1)>> loss: 0.4052  Mult_acc_2: 0.7719  Mult_acc_3: 0.6725  Mult_acc_5: 0.4086  F1_score: 0.7701  MAE: 0.3990  Corr: 0.6378 
2021-01-28 02:07:33:INFO:VAL-(lf_dnn) >>  Mult_acc_2: 0.6557  Mult_acc_3: 0.5680  Mult_acc_5: 0.3355  F1_score: 0.6425  MAE: 0.4796  Corr: 0.4950  Loss: 0.4710 
2021-01-28 02:07:34:INFO:TRAIN-(lf_dnn) (1/6/1)>> loss: 0.3762  Mult_acc_2: 0.7778  Mult_acc_3: 0.6959  Mult_acc_5: 0.4393  F1_score: 0.7751  MAE: 0.3720  Corr: 0.6851 
2021-01-28 02:07:34:INFO:VAL-(lf_dnn) >>  Mult_acc_2: 0.6974  Mult_acc_3: 0.6075  Mult_acc_5: 0.3750  F1_score: 0.6921  MAE: 0.4807  Corr: 0.4912  Loss: 0.4864 
2021-01-28 02:07:35:INFO:TRAIN-(lf_dnn) (2/7/1)>> loss: 0.3622  Mult_acc_2: 0.7887  Mult_acc_3: 0.7025  Mult_acc_5: 0.4678  F1_score: 0.7852  MAE: 0.3554  Corr: 0.7052 
2021-01-28 02:07:35:INFO:VAL-(lf_dnn) >>  Mult_acc_2: 0.7215  Mult_acc_3: 0.6009  Mult_acc_5: 0.3465  F1_score: 0.7161  MAE: 0.4821  Corr: 0.4947  Loss: 0.4831 
2021-01-28 02:07:36:INFO:TRAIN-(lf_dnn) (3/8/1)>> loss: 0.3282  Mult_acc_2: 0.7975  Mult_acc_3: 0.7361  Mult_acc_5: 0.5190  F1_score: 0.7942  MAE: 0.3213  Corr: 0.7449 
2021-01-28 02:07:36:INFO:VAL-(lf_dnn) >>  Mult_acc_2: 0.6886  Mult_acc_3: 0.5746  Mult_acc_5: 0.3421  F1_score: 0.6798  MAE: 0.4783  Corr: 0.5001  Loss: 0.4874 
2021-01-28 02:07:37:INFO:TRAIN-(lf_dnn) (4/9/1)>> loss: 0.3033  Mult_acc_2: 0.8107  Mult_acc_3: 0.7493  Mult_acc_5: 0.5504  F1_score: 0.8060  MAE: 0.2952  Corr: 0.7810 
2021-01-28 02:07:38:INFO:VAL-(lf_dnn) >>  Mult_acc_2: 0.6272  Mult_acc_3: 0.5461  Mult_acc_5: 0.2917  F1_score: 0.6138  MAE: 0.5177  Corr: 0.5103  Loss: 0.5216 
2021-01-28 02:07:38:INFO:TRAIN-(lf_dnn) (5/10/1)>> loss: 0.2919  Mult_acc_2: 0.8143  Mult_acc_3: 0.7566  Mult_acc_5: 0.5716  F1_score: 0.8097  MAE: 0.2830  Corr: 0.7976 
2021-01-28 02:07:39:INFO:VAL-(lf_dnn) >>  Mult_acc_2: 0.6930  Mult_acc_3: 0.5921  Mult_acc_5: 0.3355  F1_score: 0.6843  MAE: 0.4931  Corr: 0.5012  Loss: 0.5008 
2021-01-28 02:07:39:INFO:TRAIN-(lf_dnn) (6/11/1)>> loss: 0.2579  Mult_acc_2: 0.8348  Mult_acc_3: 0.7953  Mult_acc_5: 0.6294  F1_score: 0.8322  MAE: 0.2486  Corr: 0.8370 
2021-01-28 02:07:40:INFO:VAL-(lf_dnn) >>  Mult_acc_2: 0.6864  Mult_acc_3: 0.5680  Mult_acc_5: 0.3202  F1_score: 0.6747  MAE: 0.5178  Corr: 0.4948  Loss: 0.5265 
2021-01-28 02:07:40:INFO:TRAIN-(lf_dnn) (7/12/1)>> loss: 0.2543  Mult_acc_2: 0.8282  Mult_acc_3: 0.8034  Mult_acc_5: 0.6155  F1_score: 0.8249  MAE: 0.2429  Corr: 0.8451 
2021-01-28 02:07:41:INFO:VAL-(lf_dnn) >>  Mult_acc_2: 0.6601  Mult_acc_3: 0.5614  Mult_acc_5: 0.3180  F1_score: 0.6467  MAE: 0.5163  Corr: 0.4769  Loss: 0.5202 
2021-01-28 02:07:42:INFO:TRAIN-(lf_dnn) (8/13/1)>> loss: 0.2255  Mult_acc_2: 0.8523  Mult_acc_3: 0.8121  Mult_acc_5: 0.6550  F1_score: 0.8490  MAE: 0.2149  Corr: 0.8745 
2021-01-28 02:07:42:INFO:VAL-(lf_dnn) >>  Mult_acc_2: 0.6864  Mult_acc_3: 0.5768  Mult_acc_5: 0.3311  F1_score: 0.6749  MAE: 0.5030  Corr: 0.4999  Loss: 0.5217 
2021-01-28 02:07:42:INFO:TEST-(lf_dnn) >>  Mult_acc_2: 0.7177  Mult_acc_3: 0.6193  Mult_acc_5: 0.3457  F1_score: 0.7087  MAE: 0.4451  Corr: 0.5576  Loss: 0.4431 
2021-01-28 02:07:42:INFO:Start saving results...
2021-01-28 02:07:42:INFO:Results are saved to results/results/sims-lf_dnn-regression-tune.csv...
2021-01-28 02:07:42:INFO:########################################lf_dnn-(5/50)########################################
2021-01-28 02:07:42:INFO:hidden_dims:(128, 32, 128)
2021-01-28 02:07:42:INFO:text_out:128
2021-01-28 02:07:42:INFO:post_fusion_dim:16
2021-01-28 02:07:42:INFO:dropouts:(0.3, 0.3, 0.3, 0.5)
2021-01-28 02:07:42:INFO:batch_size:128
2021-01-28 02:07:42:INFO:learning_rate:0.002
2021-01-28 02:07:42:INFO:weight_decay:0.01
2021-01-28 02:07:42:INFO:##########################################################################################
2021-01-28 02:07:42:INFO:Start running lf_dnn...
2021-01-28 02:07:42:INFO:Let's use 1 GPUs!
2021-01-28 02:07:43:INFO:train samples: (1368,)
2021-01-28 02:07:44:INFO:valid samples: (456,)
2021-01-28 02:07:46:INFO:test samples: (457,)
2021-01-28 02:07:46:INFO:The model has 609789 trainable parameters
2021-01-28 02:07:46:INFO:TRAIN-(lf_dnn) (1/1/1)>> loss: 0.6009  Mult_acc_2: 0.6937  Mult_acc_3: 0.1542  Mult_acc_5: 0.1520  F1_score: 0.8192  MAE: 0.6006  Corr: -0.0169 
2021-01-28 02:07:46:INFO:VAL-(lf_dnn) >>  Mult_acc_2: 0.6952  Mult_acc_3: 0.1667  Mult_acc_5: 0.1513  F1_score: 0.8202  MAE: 0.5968  Corr: 0.2235  Loss: 0.5956 
2021-01-28 02:07:47:INFO:TRAIN-(lf_dnn) (1/2/1)>> loss: 0.5937  Mult_acc_2: 0.6937  Mult_acc_3: 0.4649  Mult_acc_5: 0.2018  F1_score: 0.8192  MAE: 0.5943  Corr: 0.0961 
2021-01-28 02:07:47:INFO:VAL-(lf_dnn) >>  Mult_acc_2: 0.6952  Mult_acc_3: 0.5439  Mult_acc_5: 0.2127  F1_score: 0.8202  MAE: 0.5888  Corr: 0.2927  Loss: 0.5875 
2021-01-28 02:07:47:INFO:TRAIN-(lf_dnn) (1/3/1)>> loss: 0.5734  Mult_acc_2: 0.6937  Mult_acc_3: 0.5424  Mult_acc_5: 0.2120  F1_score: 0.8192  MAE: 0.5737  Corr: 0.3078 
2021-01-28 02:07:47:INFO:VAL-(lf_dnn) >>  Mult_acc_2: 0.6952  Mult_acc_3: 0.5439  Mult_acc_5: 0.2127  F1_score: 0.8202  MAE: 0.5432  Corr: 0.4238  Loss: 0.5393 
2021-01-28 02:07:48:INFO:TRAIN-(lf_dnn) (1/4/1)>> loss: 0.5200  Mult_acc_2: 0.6937  Mult_acc_3: 0.5387  Mult_acc_5: 0.2858  F1_score: 0.8192  MAE: 0.5142  Corr: 0.4003 
2021-01-28 02:07:48:INFO:VAL-(lf_dnn) >>  Mult_acc_2: 0.6952  Mult_acc_3: 0.3531  Mult_acc_5: 0.1776  F1_score: 0.8202  MAE: 0.5686  Corr: 0.4115  Loss: 0.5633 
2021-01-28 02:07:48:INFO:TRAIN-(lf_dnn) (2/5/1)>> loss: 0.5089  Mult_acc_2: 0.6835  Mult_acc_3: 0.5161  Mult_acc_5: 0.2617  F1_score: 0.7597  MAE: 0.5090  Corr: 0.4475 
2021-01-28 02:07:48:INFO:VAL-(lf_dnn) >>  Mult_acc_2: 0.5658  Mult_acc_3: 0.3092  Mult_acc_5: 0.1974  F1_score: 0.5565  MAE: 0.5365  Corr: 0.3874  Loss: 0.5385 
2021-01-28 02:07:49:INFO:TRAIN-(lf_dnn) (1/6/1)>> loss: 0.4760  Mult_acc_2: 0.7156  Mult_acc_3: 0.5453  Mult_acc_5: 0.3026  F1_score: 0.7070  MAE: 0.4738  Corr: 0.5021 
2021-01-28 02:07:49:INFO:VAL-(lf_dnn) >>  Mult_acc_2: 0.6754  Mult_acc_3: 0.5724  Mult_acc_5: 0.3443  F1_score: 0.6640  MAE: 0.4977  Corr: 0.4611  Loss: 0.4951 
2021-01-28 02:07:49:INFO:TRAIN-(lf_dnn) (1/7/1)>> loss: 0.4463  Mult_acc_2: 0.7039  Mult_acc_3: 0.6221  Mult_acc_5: 0.3538  F1_score: 0.6937  MAE: 0.4441  Corr: 0.5742 
2021-01-28 02:07:49:INFO:VAL-(lf_dnn) >>  Mult_acc_2: 0.6820  Mult_acc_3: 0.6162  Mult_acc_5: 0.3509  F1_score: 0.6697  MAE: 0.4798  Corr: 0.5085  Loss: 0.4748 
2021-01-28 02:07:49:INFO:TRAIN-(lf_dnn) (1/8/1)>> loss: 0.4334  Mult_acc_2: 0.7325  Mult_acc_3: 0.6455  Mult_acc_5: 0.3925  F1_score: 0.7261  MAE: 0.4331  Corr: 0.5935 
2021-01-28 02:07:50:INFO:VAL-(lf_dnn) >>  Mult_acc_2: 0.7610  Mult_acc_3: 0.6250  Mult_acc_5: 0.3662  F1_score: 0.7585  MAE: 0.4613  Corr: 0.5280  Loss: 0.4588 
2021-01-28 02:08:16:INFO:Find gpu: 0, with memory: 11337728 left!
2021-01-28 02:08:16:INFO:########################################lf_dnn-(1/50)########################################
2021-01-28 02:08:16:INFO:hidden_dims:(64, 16, 64)
2021-01-28 02:08:16:INFO:text_out:256
2021-01-28 02:08:16:INFO:post_fusion_dim:128
2021-01-28 02:08:16:INFO:dropouts:(0.4, 0.4, 0.4, 0.4)
2021-01-28 02:08:16:INFO:batch_size:64
2021-01-28 02:08:16:INFO:learning_rate:0.0005
2021-01-28 02:08:16:INFO:weight_decay:0.005
2021-01-28 02:08:16:INFO:##########################################################################################
2021-01-28 02:08:16:INFO:Start running lf_dnn...
2021-01-28 02:08:16:INFO:Let's use 1 GPUs!
2021-01-28 02:08:17:INFO:train samples: (1368,)
2021-01-28 02:08:19:INFO:valid samples: (456,)
2021-01-28 02:08:20:INFO:test samples: (457,)
2021-01-28 02:08:24:INFO:The model has 346253 trainable parameters
2021-01-28 02:08:24:INFO:TRAIN-(lf_dnn) (1/1/1)>> loss: 0.5826  Mult_acc_2: 0.6937  Mult_acc_3: 0.4978  Mult_acc_5: 0.1959  F1_score: 0.8192  MAE: 0.5855  Corr: 0.1256 
2021-01-28 02:08:24:INFO:VAL-(lf_dnn) >>  Mult_acc_2: 0.6952  Mult_acc_3: 0.5395  Mult_acc_5: 0.2105  F1_score: 0.8202  MAE: 0.5721  Corr: 0.2968  Loss: 0.5663 
2021-01-28 02:08:25:INFO:TRAIN-(lf_dnn) (1/2/1)>> loss: 0.5389  Mult_acc_2: 0.6827  Mult_acc_3: 0.5387  Mult_acc_5: 0.2493  F1_score: 0.7427  MAE: 0.5345  Corr: 0.3612 
2021-01-28 02:08:25:INFO:VAL-(lf_dnn) >>  Mult_acc_2: 0.6601  Mult_acc_3: 0.5439  Mult_acc_5: 0.3553  F1_score: 0.6792  MAE: 0.5194  Corr: 0.3731  Loss: 0.5079 
2021-01-28 02:08:26:INFO:TRAIN-(lf_dnn) (1/3/1)>> loss: 0.4793  Mult_acc_2: 0.7215  Mult_acc_3: 0.6023  Mult_acc_5: 0.3260  F1_score: 0.7203  MAE: 0.4741  Corr: 0.5087 
2021-01-28 02:08:26:INFO:VAL-(lf_dnn) >>  Mult_acc_2: 0.6996  Mult_acc_3: 0.5943  Mult_acc_5: 0.3180  F1_score: 0.6993  MAE: 0.4919  Corr: 0.4713  Loss: 0.5297 
2021-01-28 02:08:26:INFO:TRAIN-(lf_dnn) (2/4/1)>> loss: 0.4461  Mult_acc_2: 0.7500  Mult_acc_3: 0.6542  Mult_acc_5: 0.3662  F1_score: 0.7466  MAE: 0.4436  Corr: 0.5698 
2021-01-28 02:08:26:INFO:VAL-(lf_dnn) >>  Mult_acc_2: 0.7237  Mult_acc_3: 0.6096  Mult_acc_5: 0.3618  F1_score: 0.7254  MAE: 0.4975  Corr: 0.4717  Loss: 0.4899 
2021-01-28 02:08:27:INFO:TRAIN-(lf_dnn) (1/5/1)>> loss: 0.4229  Mult_acc_2: 0.7602  Mult_acc_3: 0.6806  Mult_acc_5: 0.3882  F1_score: 0.7557  MAE: 0.4209  Corr: 0.6183 
2021-01-28 02:08:27:INFO:VAL-(lf_dnn) >>  Mult_acc_2: 0.7259  Mult_acc_3: 0.6075  Mult_acc_5: 0.3377  F1_score: 0.7222  MAE: 0.4830  Corr: 0.5006  Loss: 0.4858 
2021-01-28 02:08:27:INFO:TRAIN-(lf_dnn) (1/6/1)>> loss: 0.3977  Mult_acc_2: 0.7588  Mult_acc_3: 0.6806  Mult_acc_5: 0.4174  F1_score: 0.7529  MAE: 0.3953  Corr: 0.6538 
2021-01-28 02:08:27:INFO:VAL-(lf_dnn) >>  Mult_acc_2: 0.7105  Mult_acc_3: 0.5899  Mult_acc_5: 0.3114  F1_score: 0.7064  MAE: 0.4919  Corr: 0.4893  Loss: 0.4884 
2021-01-28 02:08:28:INFO:TRAIN-(lf_dnn) (2/7/1)>> loss: 0.3731  Mult_acc_2: 0.7770  Mult_acc_3: 0.7054  Mult_acc_5: 0.4518  F1_score: 0.7727  MAE: 0.3697  Corr: 0.6943 
2021-01-28 02:08:28:INFO:VAL-(lf_dnn) >>  Mult_acc_2: 0.7368  Mult_acc_3: 0.6535  Mult_acc_5: 0.3794  F1_score: 0.7416  MAE: 0.4851  Corr: 0.5049  Loss: 0.4691 
2021-01-28 02:08:29:INFO:TRAIN-(lf_dnn) (1/8/1)>> loss: 0.3465  Mult_acc_2: 0.8173  Mult_acc_3: 0.7368  Mult_acc_5: 0.5015  F1_score: 0.8142  MAE: 0.3434  Corr: 0.7235 
2021-01-28 02:08:29:INFO:VAL-(lf_dnn) >>  Mult_acc_2: 0.6864  Mult_acc_3: 0.6053  Mult_acc_5: 0.3289  F1_score: 0.6784  MAE: 0.4900  Corr: 0.5058  Loss: 0.4931 
2021-01-28 02:08:29:INFO:TRAIN-(lf_dnn) (2/9/1)>> loss: 0.3204  Mult_acc_2: 0.8092  Mult_acc_3: 0.7515  Mult_acc_5: 0.5241  F1_score: 0.8047  MAE: 0.3144  Corr: 0.7571 
2021-01-28 02:08:29:INFO:VAL-(lf_dnn) >>  Mult_acc_2: 0.6996  Mult_acc_3: 0.5921  Mult_acc_5: 0.3202  F1_score: 0.6942  MAE: 0.4886  Corr: 0.4962  Loss: 0.5211 
2021-01-28 02:08:30:INFO:TRAIN-(lf_dnn) (3/10/1)>> loss: 0.3200  Mult_acc_2: 0.8275  Mult_acc_3: 0.7515  Mult_acc_5: 0.5373  F1_score: 0.8239  MAE: 0.3095  Corr: 0.7730 
2021-01-28 02:08:30:INFO:VAL-(lf_dnn) >>  Mult_acc_2: 0.6908  Mult_acc_3: 0.5965  Mult_acc_5: 0.3640  F1_score: 0.6836  MAE: 0.4873  Corr: 0.5062  Loss: 0.4908 
2021-01-28 02:08:30:INFO:TRAIN-(lf_dnn) (4/11/1)>> loss: 0.3128  Mult_acc_2: 0.8275  Mult_acc_3: 0.7500  Mult_acc_5: 0.5278  F1_score: 0.8245  MAE: 0.3050  Corr: 0.7790 
2021-01-28 02:08:30:INFO:VAL-(lf_dnn) >>  Mult_acc_2: 0.6689  Mult_acc_3: 0.5789  Mult_acc_5: 0.3092  F1_score: 0.6561  MAE: 0.5121  Corr: 0.4990  Loss: 0.5248 
2021-01-28 02:08:31:INFO:TRAIN-(lf_dnn) (5/12/1)>> loss: 0.2853  Mult_acc_2: 0.8406  Mult_acc_3: 0.7734  Mult_acc_5: 0.5658  F1_score: 0.8368  MAE: 0.2770  Corr: 0.8128 
2021-01-28 02:08:31:INFO:VAL-(lf_dnn) >>  Mult_acc_2: 0.6776  Mult_acc_3: 0.6118  Mult_acc_5: 0.3465  F1_score: 0.6670  MAE: 0.4922  Corr: 0.5201  Loss: 0.5332 
2021-01-28 02:08:32:INFO:TRAIN-(lf_dnn) (6/13/1)>> loss: 0.2560  Mult_acc_2: 0.8538  Mult_acc_3: 0.7836  Mult_acc_5: 0.5928  F1_score: 0.8504  MAE: 0.2494  Corr: 0.8406 
2021-01-28 02:08:32:INFO:VAL-(lf_dnn) >>  Mult_acc_2: 0.6952  Mult_acc_3: 0.5811  Mult_acc_5: 0.3224  F1_score: 0.6885  MAE: 0.4977  Corr: 0.4863  Loss: 0.5146 
2021-01-28 02:08:32:INFO:TRAIN-(lf_dnn) (7/14/1)>> loss: 0.2450  Mult_acc_2: 0.8633  Mult_acc_3: 0.8077  Mult_acc_5: 0.6287  F1_score: 0.8603  MAE: 0.2370  Corr: 0.8521 
2021-01-28 02:08:32:INFO:VAL-(lf_dnn) >>  Mult_acc_2: 0.6974  Mult_acc_3: 0.5965  Mult_acc_5: 0.3311  F1_score: 0.6880  MAE: 0.4936  Corr: 0.5086  Loss: 0.5056 
2021-01-28 02:08:33:INFO:TRAIN-(lf_dnn) (8/15/1)>> loss: 0.2335  Mult_acc_2: 0.8385  Mult_acc_3: 0.8019  Mult_acc_5: 0.6323  F1_score: 0.8341  MAE: 0.2258  Corr: 0.8694 
2021-01-28 02:08:33:INFO:VAL-(lf_dnn) >>  Mult_acc_2: 0.6908  Mult_acc_3: 0.5877  Mult_acc_5: 0.3268  F1_score: 0.6829  MAE: 0.4937  Corr: 0.4963  Loss: 0.4857 
2021-01-28 02:08:33:INFO:TEST-(lf_dnn) >>  Mult_acc_2: 0.7856  Mult_acc_3: 0.6433  Mult_acc_5: 0.4158  F1_score: 0.7963  MAE: 0.4634  Corr: 0.5660  Loss: 0.4878 
2021-01-28 02:08:33:INFO:Start saving results...
2021-01-28 02:08:33:INFO:Results are saved to results/results/sims-lf_dnn-regression-tune.csv...
2021-01-28 02:08:33:INFO:########################################lf_dnn-(2/50)########################################
2021-01-28 02:08:33:INFO:hidden_dims:(128, 16, 128)
2021-01-28 02:08:33:INFO:text_out:128
2021-01-28 02:08:33:INFO:post_fusion_dim:16
2021-01-28 02:08:33:INFO:dropouts:(0.4, 0.4, 0.4, 0.4)
2021-01-28 02:08:33:INFO:batch_size:32
2021-01-28 02:08:33:INFO:learning_rate:0.002
2021-01-28 02:08:33:INFO:weight_decay:0.005
2021-01-28 02:08:33:INFO:##########################################################################################
2021-01-28 02:08:33:INFO:Start running lf_dnn...
2021-01-28 02:08:33:INFO:Let's use 1 GPUs!
2021-01-28 02:08:34:INFO:train samples: (1368,)
2021-01-28 02:08:36:INFO:valid samples: (456,)
2021-01-28 02:08:37:INFO:test samples: (457,)
2021-01-28 02:08:37:INFO:The model has 607421 trainable parameters
2021-01-28 02:08:38:INFO:TRAIN-(lf_dnn) (1/1/1)>> loss: 0.5897  Mult_acc_2: 0.6930  Mult_acc_3: 0.5058  Mult_acc_5: 0.2069  F1_score: 0.8181  MAE: 0.5904  Corr: 0.0370 
2021-01-28 02:08:38:INFO:VAL-(lf_dnn) >>  Mult_acc_2: 0.6952  Mult_acc_3: 0.5439  Mult_acc_5: 0.2127  F1_score: 0.8202  MAE: 0.5791  Corr: 0.3365  Loss: 0.5753 
2021-01-28 02:08:39:INFO:TRAIN-(lf_dnn) (1/2/1)>> loss: 0.5092  Mult_acc_2: 0.6996  Mult_acc_3: 0.5577  Mult_acc_5: 0.2924  F1_score: 0.7044  MAE: 0.5078  Corr: 0.4275 
2021-01-28 02:08:39:INFO:VAL-(lf_dnn) >>  Mult_acc_2: 0.6886  Mult_acc_3: 0.5724  Mult_acc_5: 0.3575  F1_score: 0.7089  MAE: 0.5581  Corr: 0.3794  Loss: 0.5661 
2021-01-28 02:08:40:INFO:TRAIN-(lf_dnn) (1/3/1)>> loss: 0.4760  Mult_acc_2: 0.7361  Mult_acc_3: 0.6075  Mult_acc_5: 0.3121  F1_score: 0.7367  MAE: 0.4752  Corr: 0.5282 
2021-01-28 02:08:40:INFO:VAL-(lf_dnn) >>  Mult_acc_2: 0.6776  Mult_acc_3: 0.5702  Mult_acc_5: 0.2544  F1_score: 0.6653  MAE: 0.4994  Corr: 0.5256  Loss: 0.4978 
2021-01-28 02:08:41:INFO:TRAIN-(lf_dnn) (1/4/1)>> loss: 0.4460  Mult_acc_2: 0.7602  Mult_acc_3: 0.6542  Mult_acc_5: 0.3728  F1_score: 0.7593  MAE: 0.4446  Corr: 0.5807 
2021-01-28 02:08:41:INFO:VAL-(lf_dnn) >>  Mult_acc_2: 0.7390  Mult_acc_3: 0.6316  Mult_acc_5: 0.3838  F1_score: 0.7373  MAE: 0.4751  Corr: 0.5065  Loss: 0.4686 
2021-01-28 02:08:42:INFO:TRAIN-(lf_dnn) (1/5/1)>> loss: 0.4317  Mult_acc_2: 0.7529  Mult_acc_3: 0.6535  Mult_acc_5: 0.3794  F1_score: 0.7511  MAE: 0.4291  Corr: 0.5960 
2021-01-28 02:08:43:INFO:VAL-(lf_dnn) >>  Mult_acc_2: 0.7346  Mult_acc_3: 0.5877  Mult_acc_5: 0.3662  F1_score: 0.7726  MAE: 0.5158  Corr: 0.4810  Loss: 0.5150 
2021-01-28 02:08:43:INFO:TRAIN-(lf_dnn) (2/6/1)>> loss: 0.4278  Mult_acc_2: 0.7573  Mult_acc_3: 0.6572  Mult_acc_5: 0.4013  F1_score: 0.7549  MAE: 0.4259  Corr: 0.5998 
2021-01-28 02:08:44:INFO:VAL-(lf_dnn) >>  Mult_acc_2: 0.7478  Mult_acc_3: 0.6360  Mult_acc_5: 0.3969  F1_score: 0.7509  MAE: 0.4686  Corr: 0.5061  Loss: 0.4722 
2021-01-28 02:08:45:INFO:TRAIN-(lf_dnn) (3/7/1)>> loss: 0.4011  Mult_acc_2: 0.7814  Mult_acc_3: 0.6937  Mult_acc_5: 0.4386  F1_score: 0.7808  MAE: 0.3995  Corr: 0.6441 
2021-01-28 02:08:45:INFO:VAL-(lf_dnn) >>  Mult_acc_2: 0.7346  Mult_acc_3: 0.6184  Mult_acc_5: 0.3246  F1_score: 0.7385  MAE: 0.4928  Corr: 0.4754  Loss: 0.4959 
2021-01-28 02:08:46:INFO:TRAIN-(lf_dnn) (4/8/1)>> loss: 0.3742  Mult_acc_2: 0.7990  Mult_acc_3: 0.7076  Mult_acc_5: 0.4591  F1_score: 0.7990  MAE: 0.3714  Corr: 0.6793 
2021-01-28 02:08:46:INFO:VAL-(lf_dnn) >>  Mult_acc_2: 0.7105  Mult_acc_3: 0.6250  Mult_acc_5: 0.3904  F1_score: 0.7021  MAE: 0.4960  Corr: 0.5279  Loss: 0.4996 
2021-01-28 02:08:47:INFO:TRAIN-(lf_dnn) (5/9/1)>> loss: 0.3632  Mult_acc_2: 0.8041  Mult_acc_3: 0.7105  Mult_acc_5: 0.4576  F1_score: 0.8022  MAE: 0.3594  Corr: 0.7145 
2021-01-28 02:08:47:INFO:VAL-(lf_dnn) >>  Mult_acc_2: 0.7215  Mult_acc_3: 0.5987  Mult_acc_5: 0.3487  F1_score: 0.7196  MAE: 0.4874  Corr: 0.4914  Loss: 0.4860 
2021-01-28 02:08:48:INFO:TRAIN-(lf_dnn) (6/10/1)>> loss: 0.3407  Mult_acc_2: 0.8099  Mult_acc_3: 0.7259  Mult_acc_5: 0.5044  F1_score: 0.8082  MAE: 0.3354  Corr: 0.7275 
2021-01-28 02:08:48:INFO:VAL-(lf_dnn) >>  Mult_acc_2: 0.7105  Mult_acc_3: 0.6031  Mult_acc_5: 0.3026  F1_score: 0.7030  MAE: 0.4877  Corr: 0.4988  Loss: 0.4842 
2021-01-28 02:08:49:INFO:TRAIN-(lf_dnn) (7/11/1)>> loss: 0.3396  Mult_acc_2: 0.8194  Mult_acc_3: 0.7398  Mult_acc_5: 0.5110  F1_score: 0.8181  MAE: 0.3356  Corr: 0.7371 
2021-01-28 02:08:49:INFO:VAL-(lf_dnn) >>  Mult_acc_2: 0.7061  Mult_acc_3: 0.5811  Mult_acc_5: 0.3575  F1_score: 0.6968  MAE: 0.4791  Corr: 0.5014  Loss: 0.4841 
2021-01-28 02:08:50:INFO:TRAIN-(lf_dnn) (8/12/1)>> loss: 0.3260  Mult_acc_2: 0.8202  Mult_acc_3: 0.7376  Mult_acc_5: 0.5278  F1_score: 0.8179  MAE: 0.3207  Corr: 0.7573 
2021-01-28 02:08:50:INFO:VAL-(lf_dnn) >>  Mult_acc_2: 0.7149  Mult_acc_3: 0.6294  Mult_acc_5: 0.4035  F1_score: 0.7081  MAE: 0.4836  Corr: 0.5254  Loss: 0.4868 
2021-01-28 02:08:50:INFO:TEST-(lf_dnn) >>  Mult_acc_2: 0.7681  Mult_acc_3: 0.6433  Mult_acc_5: 0.3873  F1_score: 0.7690  MAE: 0.4540  Corr: 0.5607  Loss: 0.4621 
2021-01-28 02:08:50:INFO:Start saving results...
2021-01-28 02:08:50:INFO:Results are saved to results/results/sims-lf_dnn-regression-tune.csv...
2021-01-28 02:08:50:INFO:########################################lf_dnn-(3/50)########################################
2021-01-28 02:08:50:INFO:hidden_dims:(256, 32, 256)
2021-01-28 02:08:50:INFO:text_out:128
2021-01-28 02:08:50:INFO:post_fusion_dim:64
2021-01-28 02:08:50:INFO:dropouts:(0.3, 0.3, 0.3, 0.3)
2021-01-28 02:08:50:INFO:batch_size:32
2021-01-28 02:08:50:INFO:learning_rate:0.005
2021-01-28 02:08:50:INFO:weight_decay:0.001
2021-01-28 02:08:50:INFO:##########################################################################################
2021-01-28 02:08:50:INFO:Start running lf_dnn...
2021-01-28 02:08:50:INFO:Let's use 1 GPUs!
2021-01-28 02:08:52:INFO:train samples: (1368,)
2021-01-28 02:08:53:INFO:valid samples: (456,)
2021-01-28 02:08:54:INFO:test samples: (457,)
2021-01-28 02:08:54:INFO:The model has 1432461 trainable parameters
2021-01-28 02:08:55:INFO:TRAIN-(lf_dnn) (1/1/1)>> loss: 0.5885  Mult_acc_2: 0.6345  Mult_acc_3: 0.3852  Mult_acc_5: 0.1981  F1_score: 0.6513  MAE: 0.5838  Corr: 0.1521 
2021-01-28 02:08:55:INFO:VAL-(lf_dnn) >>  Mult_acc_2: 0.6382  Mult_acc_3: 0.4934  Mult_acc_5: 0.3158  F1_score: 0.6302  MAE: 0.5207  Corr: 0.3477  Loss: 0.5312 
2021-01-28 02:08:56:INFO:TRAIN-(lf_dnn) (1/2/1)>> loss: 0.5128  Mult_acc_2: 0.7069  Mult_acc_3: 0.5614  Mult_acc_5: 0.2822  F1_score: 0.7154  MAE: 0.5071  Corr: 0.4364 
2021-01-28 02:08:56:INFO:VAL-(lf_dnn) >>  Mult_acc_2: 0.7193  Mult_acc_3: 0.5307  Mult_acc_5: 0.2785  F1_score: 0.7636  MAE: 0.5166  Corr: 0.4190  Loss: 0.5194 
2021-01-28 02:08:57:INFO:TRAIN-(lf_dnn) (1/3/1)>> loss: 0.5043  Mult_acc_2: 0.6988  Mult_acc_3: 0.5395  Mult_acc_5: 0.2822  F1_score: 0.6996  MAE: 0.5026  Corr: 0.4406 
2021-01-28 02:08:57:INFO:VAL-(lf_dnn) >>  Mult_acc_2: 0.6798  Mult_acc_3: 0.5461  Mult_acc_5: 0.2917  F1_score: 0.7324  MAE: 0.5066  Corr: 0.4452  Loss: 0.5135 
2021-01-28 02:08:58:INFO:TRAIN-(lf_dnn) (1/4/1)>> loss: 0.4743  Mult_acc_2: 0.7427  Mult_acc_3: 0.6126  Mult_acc_5: 0.3231  F1_score: 0.7484  MAE: 0.4698  Corr: 0.5242 
2021-01-28 02:08:58:INFO:VAL-(lf_dnn) >>  Mult_acc_2: 0.7281  Mult_acc_3: 0.5965  Mult_acc_5: 0.2917  F1_score: 0.7384  MAE: 0.4999  Corr: 0.4574  Loss: 0.4984 
2021-01-28 02:08:59:INFO:TRAIN-(lf_dnn) (1/5/1)>> loss: 0.4792  Mult_acc_2: 0.7346  Mult_acc_3: 0.6053  Mult_acc_5: 0.3538  F1_score: 0.7353  MAE: 0.4723  Corr: 0.5010 
2021-01-28 02:08:59:INFO:VAL-(lf_dnn) >>  Mult_acc_2: 0.7105  Mult_acc_3: 0.5855  Mult_acc_5: 0.2456  F1_score: 0.7117  MAE: 0.5349  Corr: 0.4598  Loss: 0.5330 
2021-01-28 02:09:00:INFO:TRAIN-(lf_dnn) (2/6/1)>> loss: 0.4495  Mult_acc_2: 0.7515  Mult_acc_3: 0.6542  Mult_acc_5: 0.3487  F1_score: 0.7523  MAE: 0.4422  Corr: 0.5764 
2021-01-28 02:09:01:INFO:VAL-(lf_dnn) >>  Mult_acc_2: 0.6513  Mult_acc_3: 0.5373  Mult_acc_5: 0.2039  F1_score: 0.6375  MAE: 0.5534  Corr: 0.4760  Loss: 0.5463 
2021-01-28 02:09:01:INFO:TRAIN-(lf_dnn) (3/7/1)>> loss: 0.4411  Mult_acc_2: 0.7354  Mult_acc_3: 0.6447  Mult_acc_5: 0.3655  F1_score: 0.7305  MAE: 0.4372  Corr: 0.5816 
2021-01-28 02:09:02:INFO:VAL-(lf_dnn) >>  Mult_acc_2: 0.6798  Mult_acc_3: 0.5899  Mult_acc_5: 0.2654  F1_score: 0.6676  MAE: 0.5541  Corr: 0.4846  Loss: 0.5543 
2021-01-28 02:09:02:INFO:TRAIN-(lf_dnn) (4/8/1)>> loss: 0.4134  Mult_acc_2: 0.7632  Mult_acc_3: 0.6652  Mult_acc_5: 0.3962  F1_score: 0.7610  MAE: 0.4055  Corr: 0.6448 
2021-01-28 02:09:03:INFO:VAL-(lf_dnn) >>  Mult_acc_2: 0.7390  Mult_acc_3: 0.6184  Mult_acc_5: 0.3904  F1_score: 0.7510  MAE: 0.4880  Corr: 0.4977  Loss: 0.5200 
2021-01-28 02:09:04:INFO:TRAIN-(lf_dnn) (5/9/1)>> loss: 0.3878  Mult_acc_2: 0.7778  Mult_acc_3: 0.6835  Mult_acc_5: 0.4211  F1_score: 0.7757  MAE: 0.3795  Corr: 0.6811 
2021-01-28 02:09:04:INFO:VAL-(lf_dnn) >>  Mult_acc_2: 0.7346  Mult_acc_3: 0.6184  Mult_acc_5: 0.3618  F1_score: 0.7339  MAE: 0.4801  Corr: 0.5124  Loss: 0.4865 
2021-01-28 02:09:05:INFO:TRAIN-(lf_dnn) (1/10/1)>> loss: 0.3700  Mult_acc_2: 0.8034  Mult_acc_3: 0.7091  Mult_acc_5: 0.4488  F1_score: 0.8011  MAE: 0.3612  Corr: 0.7014 
2021-01-28 02:09:05:INFO:VAL-(lf_dnn) >>  Mult_acc_2: 0.7237  Mult_acc_3: 0.5855  Mult_acc_5: 0.3289  F1_score: 0.7221  MAE: 0.4755  Corr: 0.5105  Loss: 0.4728 
2021-01-28 02:09:06:INFO:TRAIN-(lf_dnn) (1/11/1)>> loss: 0.3732  Mult_acc_2: 0.8048  Mult_acc_3: 0.7105  Mult_acc_5: 0.4474  F1_score: 0.8039  MAE: 0.3619  Corr: 0.7080 
2021-01-28 02:09:06:INFO:VAL-(lf_dnn) >>  Mult_acc_2: 0.7390  Mult_acc_3: 0.6294  Mult_acc_5: 0.3706  F1_score: 0.7410  MAE: 0.4806  Corr: 0.5178  Loss: 0.5033 
2021-01-28 02:09:07:INFO:TRAIN-(lf_dnn) (2/12/1)>> loss: 0.3724  Mult_acc_2: 0.7909  Mult_acc_3: 0.7018  Mult_acc_5: 0.4203  F1_score: 0.7890  MAE: 0.3627  Corr: 0.7107 
2021-01-28 02:09:07:INFO:VAL-(lf_dnn) >>  Mult_acc_2: 0.6908  Mult_acc_3: 0.6075  Mult_acc_5: 0.3553  F1_score: 0.6789  MAE: 0.4923  Corr: 0.5220  Loss: 0.4808 
2021-01-28 02:09:08:INFO:TRAIN-(lf_dnn) (3/13/1)>> loss: 0.3296  Mult_acc_2: 0.8048  Mult_acc_3: 0.7354  Mult_acc_5: 0.5007  F1_score: 0.8012  MAE: 0.3233  Corr: 0.7556 
2021-01-28 02:09:08:INFO:VAL-(lf_dnn) >>  Mult_acc_2: 0.6908  Mult_acc_3: 0.5855  Mult_acc_5: 0.3487  F1_score: 0.6796  MAE: 0.4979  Corr: 0.4986  Loss: 0.5016 
2021-01-28 02:09:09:INFO:TRAIN-(lf_dnn) (4/14/1)>> loss: 0.3166  Mult_acc_2: 0.8268  Mult_acc_3: 0.7610  Mult_acc_5: 0.5292  F1_score: 0.8234  MAE: 0.3103  Corr: 0.7710 
2021-01-28 02:09:09:INFO:VAL-(lf_dnn) >>  Mult_acc_2: 0.7434  Mult_acc_3: 0.6031  Mult_acc_5: 0.3882  F1_score: 0.7491  MAE: 0.4852  Corr: 0.4898  Loss: 0.4824 
2021-01-28 02:09:10:INFO:TRAIN-(lf_dnn) (5/15/1)>> loss: 0.2956  Mult_acc_2: 0.8224  Mult_acc_3: 0.7602  Mult_acc_5: 0.5687  F1_score: 0.8193  MAE: 0.2870  Corr: 0.7915 
2021-01-28 02:09:10:INFO:VAL-(lf_dnn) >>  Mult_acc_2: 0.6864  Mult_acc_3: 0.6053  Mult_acc_5: 0.4057  F1_score: 0.6754  MAE: 0.5090  Corr: 0.4912  Loss: 0.5275 
2021-01-28 02:09:11:INFO:TRAIN-(lf_dnn) (6/16/1)>> loss: 0.2873  Mult_acc_2: 0.8304  Mult_acc_3: 0.7749  Mult_acc_5: 0.5782  F1_score: 0.8270  MAE: 0.2786  Corr: 0.8034 
2021-01-28 02:09:11:INFO:VAL-(lf_dnn) >>  Mult_acc_2: 0.7061  Mult_acc_3: 0.5811  Mult_acc_5: 0.3706  F1_score: 0.7002  MAE: 0.4847  Corr: 0.5149  Loss: 0.4870 
2021-01-28 02:09:12:INFO:TRAIN-(lf_dnn) (7/17/1)>> loss: 0.2691  Mult_acc_2: 0.8377  Mult_acc_3: 0.7902  Mult_acc_5: 0.6060  F1_score: 0.8351  MAE: 0.2589  Corr: 0.8228 
2021-01-28 02:09:12:INFO:VAL-(lf_dnn) >>  Mult_acc_2: 0.7412  Mult_acc_3: 0.6096  Mult_acc_5: 0.3925  F1_score: 0.7371  MAE: 0.4791  Corr: 0.5220  Loss: 0.4864 
2021-01-28 02:09:13:INFO:TRAIN-(lf_dnn) (8/18/1)>> loss: 0.2802  Mult_acc_2: 0.8377  Mult_acc_3: 0.7822  Mult_acc_5: 0.5753  F1_score: 0.8350  MAE: 0.2719  Corr: 0.8086 
2021-01-28 02:09:13:INFO:VAL-(lf_dnn) >>  Mult_acc_2: 0.7325  Mult_acc_3: 0.6228  Mult_acc_5: 0.4013  F1_score: 0.7258  MAE: 0.4828  Corr: 0.5314  Loss: 0.4811 
2021-01-28 02:09:14:INFO:TEST-(lf_dnn) >>  Mult_acc_2: 0.7724  Mult_acc_3: 0.6105  Mult_acc_5: 0.3698  F1_score: 0.7760  MAE: 0.4551  Corr: 0.5510  Loss: 0.4545 
2021-01-28 02:09:14:INFO:Start saving results...
2021-01-28 02:09:14:INFO:Results are saved to results/results/sims-lf_dnn-regression-tune.csv...
2021-01-28 02:09:14:INFO:########################################lf_dnn-(4/50)########################################
2021-01-28 02:09:14:INFO:hidden_dims:(128, 32, 128)
2021-01-28 02:09:14:INFO:text_out:32
2021-01-28 02:09:14:INFO:post_fusion_dim:16
2021-01-28 02:09:14:INFO:dropouts:(0.2, 0.2, 0.2, 0.2)
2021-01-28 02:09:14:INFO:batch_size:64
2021-01-28 02:09:14:INFO:learning_rate:0.002
2021-01-28 02:09:14:INFO:weight_decay:0.01
2021-01-28 02:09:14:INFO:##########################################################################################
2021-01-28 02:09:14:INFO:Start running lf_dnn...
2021-01-28 02:09:14:INFO:Let's use 1 GPUs!
2021-01-28 02:09:15:INFO:train samples: (1368,)
2021-01-28 02:09:16:INFO:valid samples: (456,)
2021-01-28 02:09:17:INFO:test samples: (457,)
2021-01-28 02:09:18:INFO:The model has 595869 trainable parameters
2021-01-28 02:09:18:INFO:TRAIN-(lf_dnn) (1/1/1)>> loss: 0.6205  Mult_acc_2: 0.5270  Mult_acc_3: 0.3618  Mult_acc_5: 0.1776  F1_score: 0.5151  MAE: 0.6230  Corr: -0.0022 
2021-01-28 02:09:18:INFO:VAL-(lf_dnn) >>  Mult_acc_2: 0.6930  Mult_acc_3: 0.2346  Mult_acc_5: 0.1579  F1_score: 0.8169  MAE: 0.5967  Corr: 0.0854  Loss: 0.6115 
2021-01-28 02:09:19:INFO:TRAIN-(lf_dnn) (1/2/1)>> loss: 0.5733  Mult_acc_2: 0.6959  Mult_acc_3: 0.4123  Mult_acc_5: 0.2010  F1_score: 0.7852  MAE: 0.5721  Corr: 0.2458 
2021-01-28 02:09:19:INFO:VAL-(lf_dnn) >>  Mult_acc_2: 0.6754  Mult_acc_3: 0.4956  Mult_acc_5: 0.2237  F1_score: 0.6748  MAE: 0.5128  Corr: 0.4350  Loss: 0.5206 
2021-01-28 02:09:20:INFO:TRAIN-(lf_dnn) (1/3/1)>> loss: 0.4983  Mult_acc_2: 0.6959  Mult_acc_3: 0.5073  Mult_acc_5: 0.3019  F1_score: 0.6909  MAE: 0.4989  Corr: 0.4476 
2021-01-28 02:09:20:INFO:VAL-(lf_dnn) >>  Mult_acc_2: 0.6798  Mult_acc_3: 0.4846  Mult_acc_5: 0.2259  F1_score: 0.6753  MAE: 0.5086  Corr: 0.4617  Loss: 0.4947 
2021-01-28 02:09:21:INFO:TRAIN-(lf_dnn) (1/4/1)>> loss: 0.4635  Mult_acc_2: 0.7149  Mult_acc_3: 0.6199  Mult_acc_5: 0.3385  F1_score: 0.7100  MAE: 0.4636  Corr: 0.5390 
2021-01-28 02:09:21:INFO:VAL-(lf_dnn) >>  Mult_acc_2: 0.7368  Mult_acc_3: 0.6096  Mult_acc_5: 0.3882  F1_score: 0.7768  MAE: 0.5031  Corr: 0.5135  Loss: 0.5436 
2021-01-28 02:09:21:INFO:TRAIN-(lf_dnn) (2/5/1)>> loss: 0.4496  Mult_acc_2: 0.7595  Mult_acc_3: 0.6681  Mult_acc_5: 0.3531  F1_score: 0.7567  MAE: 0.4420  Corr: 0.5824 
2021-01-28 02:09:21:INFO:VAL-(lf_dnn) >>  Mult_acc_2: 0.6996  Mult_acc_3: 0.6162  Mult_acc_5: 0.3268  F1_score: 0.6896  MAE: 0.4750  Corr: 0.5349  Loss: 0.4812 
2021-01-28 02:09:22:INFO:TRAIN-(lf_dnn) (1/6/1)>> loss: 0.4095  Mult_acc_2: 0.7668  Mult_acc_3: 0.6762  Mult_acc_5: 0.3962  F1_score: 0.7622  MAE: 0.4071  Corr: 0.6379 
2021-01-28 02:09:22:INFO:VAL-(lf_dnn) >>  Mult_acc_2: 0.7456  Mult_acc_3: 0.6184  Mult_acc_5: 0.3355  F1_score: 0.7437  MAE: 0.4578  Corr: 0.5379  Loss: 0.4822 
2021-01-28 02:09:23:INFO:TRAIN-(lf_dnn) (2/7/1)>> loss: 0.4083  Mult_acc_2: 0.7661  Mult_acc_3: 0.6703  Mult_acc_5: 0.3962  F1_score: 0.7666  MAE: 0.4064  Corr: 0.6378 
2021-01-28 02:09:23:INFO:VAL-(lf_dnn) >>  Mult_acc_2: 0.7478  Mult_acc_3: 0.6316  Mult_acc_5: 0.3750  F1_score: 0.7611  MAE: 0.4984  Corr: 0.5086  Loss: 0.5006 
2021-01-28 02:09:24:INFO:TRAIN-(lf_dnn) (3/8/1)>> loss: 0.4170  Mult_acc_2: 0.7646  Mult_acc_3: 0.6652  Mult_acc_5: 0.3801  F1_score: 0.7664  MAE: 0.4168  Corr: 0.6273 
2021-01-28 02:09:24:INFO:VAL-(lf_dnn) >>  Mult_acc_2: 0.6886  Mult_acc_3: 0.5987  Mult_acc_5: 0.3662  F1_score: 0.6772  MAE: 0.4875  Corr: 0.5242  Loss: 0.4916 
2021-01-28 02:09:24:INFO:TRAIN-(lf_dnn) (4/9/1)>> loss: 0.3785  Mult_acc_2: 0.7858  Mult_acc_3: 0.6988  Mult_acc_5: 0.4518  F1_score: 0.7830  MAE: 0.3744  Corr: 0.6783 
2021-01-28 02:09:25:INFO:VAL-(lf_dnn) >>  Mult_acc_2: 0.7390  Mult_acc_3: 0.5987  Mult_acc_5: 0.3618  F1_score: 0.7368  MAE: 0.4662  Corr: 0.5115  Loss: 0.4755 
2021-01-28 02:09:25:INFO:TRAIN-(lf_dnn) (1/10/1)>> loss: 0.3615  Mult_acc_2: 0.7975  Mult_acc_3: 0.7047  Mult_acc_5: 0.4737  F1_score: 0.7958  MAE: 0.3533  Corr: 0.7064 
2021-01-28 02:09:26:INFO:VAL-(lf_dnn) >>  Mult_acc_2: 0.6732  Mult_acc_3: 0.5811  Mult_acc_5: 0.2829  F1_score: 0.6608  MAE: 0.4954  Corr: 0.5342  Loss: 0.4796 
2021-01-28 02:09:26:INFO:TRAIN-(lf_dnn) (2/11/1)>> loss: 0.3554  Mult_acc_2: 0.7946  Mult_acc_3: 0.7105  Mult_acc_5: 0.4854  F1_score: 0.7914  MAE: 0.3485  Corr: 0.7201 
2021-01-28 02:09:26:INFO:VAL-(lf_dnn) >>  Mult_acc_2: 0.7610  Mult_acc_3: 0.6184  Mult_acc_5: 0.3443  F1_score: 0.7650  MAE: 0.4666  Corr: 0.5340  Loss: 0.4511 
2021-01-28 02:09:27:INFO:TRAIN-(lf_dnn) (1/12/1)>> loss: 0.3519  Mult_acc_2: 0.8063  Mult_acc_3: 0.7398  Mult_acc_5: 0.4978  F1_score: 0.8041  MAE: 0.3429  Corr: 0.7240 
2021-01-28 02:09:27:INFO:VAL-(lf_dnn) >>  Mult_acc_2: 0.7325  Mult_acc_3: 0.6557  Mult_acc_5: 0.4211  F1_score: 0.7286  MAE: 0.4701  Corr: 0.5363  Loss: 0.4712 
2021-01-28 02:09:28:INFO:TRAIN-(lf_dnn) (2/13/1)>> loss: 0.3202  Mult_acc_2: 0.8311  Mult_acc_3: 0.7442  Mult_acc_5: 0.5329  F1_score: 0.8295  MAE: 0.3190  Corr: 0.7528 
2021-01-28 02:09:28:INFO:VAL-(lf_dnn) >>  Mult_acc_2: 0.7346  Mult_acc_3: 0.6031  Mult_acc_5: 0.3838  F1_score: 0.7360  MAE: 0.4635  Corr: 0.5187  Loss: 0.4726 
2021-01-28 02:09:28:INFO:TRAIN-(lf_dnn) (3/14/1)>> loss: 0.3278  Mult_acc_2: 0.8231  Mult_acc_3: 0.7412  Mult_acc_5: 0.5270  F1_score: 0.8208  MAE: 0.3176  Corr: 0.7521 
2021-01-28 02:09:29:INFO:VAL-(lf_dnn) >>  Mult_acc_2: 0.7610  Mult_acc_3: 0.6360  Mult_acc_5: 0.4123  F1_score: 0.7727  MAE: 0.4586  Corr: 0.5416  Loss: 0.4677 
2021-01-28 02:09:29:INFO:TRAIN-(lf_dnn) (4/15/1)>> loss: 0.3074  Mult_acc_2: 0.8333  Mult_acc_3: 0.7515  Mult_acc_5: 0.5395  F1_score: 0.8318  MAE: 0.3021  Corr: 0.7767 
2021-01-28 02:09:29:INFO:VAL-(lf_dnn) >>  Mult_acc_2: 0.7434  Mult_acc_3: 0.6382  Mult_acc_5: 0.3991  F1_score: 0.7442  MAE: 0.4619  Corr: 0.5293  Loss: 0.4698 
2021-01-28 02:09:30:INFO:TRAIN-(lf_dnn) (5/16/1)>> loss: 0.3080  Mult_acc_2: 0.8238  Mult_acc_3: 0.7500  Mult_acc_5: 0.5563  F1_score: 0.8198  MAE: 0.3047  Corr: 0.7696 
2021-01-28 02:09:30:INFO:VAL-(lf_dnn) >>  Mult_acc_2: 0.7346  Mult_acc_3: 0.6140  Mult_acc_5: 0.3860  F1_score: 0.7270  MAE: 0.4770  Corr: 0.5471  Loss: 0.4630 
2021-01-28 02:09:31:INFO:TRAIN-(lf_dnn) (6/17/1)>> loss: 0.3079  Mult_acc_2: 0.8187  Mult_acc_3: 0.7493  Mult_acc_5: 0.5592  F1_score: 0.8154  MAE: 0.3008  Corr: 0.7753 
2021-01-28 02:09:31:INFO:VAL-(lf_dnn) >>  Mult_acc_2: 0.7390  Mult_acc_3: 0.6250  Mult_acc_5: 0.3662  F1_score: 0.7368  MAE: 0.4483  Corr: 0.5575  Loss: 0.4552 
2021-01-28 02:09:32:INFO:TRAIN-(lf_dnn) (7/18/1)>> loss: 0.2845  Mult_acc_2: 0.8406  Mult_acc_3: 0.7690  Mult_acc_5: 0.5709  F1_score: 0.8370  MAE: 0.2832  Corr: 0.7954 
2021-01-28 02:09:32:INFO:VAL-(lf_dnn) >>  Mult_acc_2: 0.7061  Mult_acc_3: 0.5877  Mult_acc_5: 0.3575  F1_score: 0.6949  MAE: 0.4805  Corr: 0.5335  Loss: 0.4996 
2021-01-28 02:09:33:INFO:TRAIN-(lf_dnn) (8/19/1)>> loss: 0.2912  Mult_acc_2: 0.8377  Mult_acc_3: 0.7522  Mult_acc_5: 0.5746  F1_score: 0.8347  MAE: 0.2848  Corr: 0.7859 
2021-01-28 02:09:33:INFO:VAL-(lf_dnn) >>  Mult_acc_2: 0.7281  Mult_acc_3: 0.5987  Mult_acc_5: 0.3816  F1_score: 0.7255  MAE: 0.4632  Corr: 0.5196  Loss: 0.4358 
2021-01-28 02:09:33:INFO:TRAIN-(lf_dnn) (1/20/1)>> loss: 0.2602  Mult_acc_2: 0.8531  Mult_acc_3: 0.7909  Mult_acc_5: 0.6177  F1_score: 0.8506  MAE: 0.2536  Corr: 0.8249 
2021-01-28 02:09:34:INFO:VAL-(lf_dnn) >>  Mult_acc_2: 0.7325  Mult_acc_3: 0.6140  Mult_acc_5: 0.3882  F1_score: 0.7246  MAE: 0.4752  Corr: 0.5399  Loss: 0.4709 
2021-01-28 02:09:34:INFO:TRAIN-(lf_dnn) (2/21/1)>> loss: 0.2483  Mult_acc_2: 0.8575  Mult_acc_3: 0.7880  Mult_acc_5: 0.6265  F1_score: 0.8547  MAE: 0.2429  Corr: 0.8395 
2021-01-28 02:09:34:INFO:VAL-(lf_dnn) >>  Mult_acc_2: 0.6689  Mult_acc_3: 0.5877  Mult_acc_5: 0.3904  F1_score: 0.6558  MAE: 0.4975  Corr: 0.5185  Loss: 0.5351 
2021-01-28 02:09:35:INFO:TRAIN-(lf_dnn) (3/22/1)>> loss: 0.2570  Mult_acc_2: 0.8458  Mult_acc_3: 0.7946  Mult_acc_5: 0.6257  F1_score: 0.8425  MAE: 0.2519  Corr: 0.8290 
2021-01-28 02:09:35:INFO:VAL-(lf_dnn) >>  Mult_acc_2: 0.7083  Mult_acc_3: 0.6140  Mult_acc_5: 0.3882  F1_score: 0.6987  MAE: 0.4852  Corr: 0.5309  Loss: 0.4807 
2021-01-28 02:09:36:INFO:TRAIN-(lf_dnn) (4/23/1)>> loss: 0.2396  Mult_acc_2: 0.8699  Mult_acc_3: 0.7968  Mult_acc_5: 0.6440  F1_score: 0.8676  MAE: 0.2342  Corr: 0.8483 
2021-01-28 02:09:36:INFO:VAL-(lf_dnn) >>  Mult_acc_2: 0.6996  Mult_acc_3: 0.6009  Mult_acc_5: 0.3575  F1_score: 0.6901  MAE: 0.4808  Corr: 0.5319  Loss: 0.4818 
2021-01-28 02:09:37:INFO:TRAIN-(lf_dnn) (5/24/1)>> loss: 0.2507  Mult_acc_2: 0.8545  Mult_acc_3: 0.7953  Mult_acc_5: 0.6287  F1_score: 0.8520  MAE: 0.2429  Corr: 0.8371 
2021-01-28 02:09:37:INFO:VAL-(lf_dnn) >>  Mult_acc_2: 0.7281  Mult_acc_3: 0.6162  Mult_acc_5: 0.3816  F1_score: 0.7204  MAE: 0.4687  Corr: 0.5493  Loss: 0.4617 
2021-01-28 02:09:37:INFO:TRAIN-(lf_dnn) (6/25/1)>> loss: 0.2456  Mult_acc_2: 0.8640  Mult_acc_3: 0.7968  Mult_acc_5: 0.6308  F1_score: 0.8613  MAE: 0.2372  Corr: 0.8451 
2021-01-28 02:09:37:INFO:VAL-(lf_dnn) >>  Mult_acc_2: 0.7215  Mult_acc_3: 0.5965  Mult_acc_5: 0.3640  F1_score: 0.7132  MAE: 0.4774  Corr: 0.5253  Loss: 0.4987 
2021-01-28 02:09:38:INFO:TRAIN-(lf_dnn) (7/26/1)>> loss: 0.2351  Mult_acc_2: 0.8618  Mult_acc_3: 0.8092  Mult_acc_5: 0.6520  F1_score: 0.8593  MAE: 0.2276  Corr: 0.8502 
2021-01-28 02:09:38:INFO:VAL-(lf_dnn) >>  Mult_acc_2: 0.7237  Mult_acc_3: 0.6140  Mult_acc_5: 0.3772  F1_score: 0.7231  MAE: 0.4801  Corr: 0.5288  Loss: 0.4637 
2021-01-28 02:09:39:INFO:TRAIN-(lf_dnn) (8/27/1)>> loss: 0.2348  Mult_acc_2: 0.8655  Mult_acc_3: 0.8041  Mult_acc_5: 0.6477  F1_score: 0.8633  MAE: 0.2308  Corr: 0.8499 
2021-01-28 02:09:39:INFO:VAL-(lf_dnn) >>  Mult_acc_2: 0.7127  Mult_acc_3: 0.6162  Mult_acc_5: 0.3728  F1_score: 0.7032  MAE: 0.4797  Corr: 0.5399  Loss: 0.4729 
2021-01-28 02:09:39:INFO:TEST-(lf_dnn) >>  Mult_acc_2: 0.7593  Mult_acc_3: 0.6280  Mult_acc_5: 0.4114  F1_score: 0.7593  MAE: 0.4433  Corr: 0.5537  Loss: 0.4277 
2021-01-28 02:09:39:INFO:Start saving results...
2021-01-28 02:09:39:INFO:Results are saved to results/results/sims-lf_dnn-regression-tune.csv...
2021-01-28 02:09:39:INFO:########################################lf_dnn-(5/50)########################################
2021-01-28 02:09:39:INFO:hidden_dims:(256, 32, 256)
2021-01-28 02:09:39:INFO:text_out:256
2021-01-28 02:09:39:INFO:post_fusion_dim:32
2021-01-28 02:09:39:INFO:dropouts:(0.4, 0.4, 0.4, 0.4)
2021-01-28 02:09:39:INFO:batch_size:64
2021-01-28 02:09:39:INFO:learning_rate:0.0005
2021-01-28 02:09:39:INFO:weight_decay:0.001
2021-01-28 02:09:39:INFO:##########################################################################################
2021-01-28 02:09:39:INFO:Start running lf_dnn...
2021-01-28 02:09:39:INFO:Let's use 1 GPUs!
2021-01-28 02:09:40:INFO:train samples: (1368,)
2021-01-28 02:09:42:INFO:valid samples: (456,)
2021-01-28 02:09:43:INFO:test samples: (457,)
2021-01-28 02:09:43:INFO:The model has 1452973 trainable parameters
2021-01-28 02:09:44:INFO:TRAIN-(lf_dnn) (1/1/1)>> loss: 0.6037  Mult_acc_2: 0.5863  Mult_acc_3: 0.3582  Mult_acc_5: 0.1857  F1_score: 0.5924  MAE: 0.5992  Corr: 0.0468 
2021-01-28 02:09:44:INFO:VAL-(lf_dnn) >>  Mult_acc_2: 0.6952  Mult_acc_3: 0.5439  Mult_acc_5: 0.2149  F1_score: 0.8202  MAE: 0.5893  Corr: 0.0898  Loss: 0.5892 
2021-01-28 02:09:45:INFO:TRAIN-(lf_dnn) (1/2/1)>> loss: 0.5566  Mult_acc_2: 0.7003  Mult_acc_3: 0.5358  Mult_acc_5: 0.2310  F1_score: 0.8007  MAE: 0.5575  Corr: 0.2979 
2021-01-28 02:09:45:INFO:VAL-(lf_dnn) >>  Mult_acc_2: 0.6535  Mult_acc_3: 0.4627  Mult_acc_5: 0.2719  F1_score: 0.6550  MAE: 0.5138  Corr: 0.3929  Loss: 0.5093 
2021-01-28 02:09:45:INFO:TRAIN-(lf_dnn) (1/3/1)>> loss: 0.4627  Mult_acc_2: 0.7208  Mult_acc_3: 0.5928  Mult_acc_5: 0.3662  F1_score: 0.7157  MAE: 0.4583  Corr: 0.5384 
2021-01-28 02:09:45:INFO:VAL-(lf_dnn) >>  Mult_acc_2: 0.5965  Mult_acc_3: 0.5219  Mult_acc_5: 0.2368  F1_score: 0.5842  MAE: 0.5306  Corr: 0.4638  Loss: 0.5348 
2021-01-28 02:09:46:INFO:TRAIN-(lf_dnn) (2/4/1)>> loss: 0.4280  Mult_acc_2: 0.7515  Mult_acc_3: 0.6652  Mult_acc_5: 0.3801  F1_score: 0.7451  MAE: 0.4256  Corr: 0.6077 
2021-01-28 02:09:46:INFO:VAL-(lf_dnn) >>  Mult_acc_2: 0.7544  Mult_acc_3: 0.6053  Mult_acc_5: 0.3618  F1_score: 0.7645  MAE: 0.4711  Corr: 0.5187  Loss: 0.4864 
2021-01-28 02:09:47:INFO:TRAIN-(lf_dnn) (1/5/1)>> loss: 0.3895  Mult_acc_2: 0.7770  Mult_acc_3: 0.6820  Mult_acc_5: 0.4349  F1_score: 0.7744  MAE: 0.3842  Corr: 0.6586 
2021-01-28 02:09:47:INFO:VAL-(lf_dnn) >>  Mult_acc_2: 0.7522  Mult_acc_3: 0.6294  Mult_acc_5: 0.3969  F1_score: 0.7577  MAE: 0.4651  Corr: 0.5167  Loss: 0.4544 
2021-01-28 02:09:47:INFO:TRAIN-(lf_dnn) (1/6/1)>> loss: 0.3705  Mult_acc_2: 0.8085  Mult_acc_3: 0.7135  Mult_acc_5: 0.4759  F1_score: 0.8080  MAE: 0.3627  Corr: 0.6896 
2021-01-28 02:09:47:INFO:VAL-(lf_dnn) >>  Mult_acc_2: 0.7610  Mult_acc_3: 0.6075  Mult_acc_5: 0.3925  F1_score: 0.7727  MAE: 0.4694  Corr: 0.5203  Loss: 0.4820 
2021-01-28 02:09:48:INFO:TRAIN-(lf_dnn) (2/7/1)>> loss: 0.3557  Mult_acc_2: 0.7858  Mult_acc_3: 0.6981  Mult_acc_5: 0.4927  F1_score: 0.7815  MAE: 0.3490  Corr: 0.7024 
2021-01-28 02:09:48:INFO:VAL-(lf_dnn) >>  Mult_acc_2: 0.7281  Mult_acc_3: 0.6228  Mult_acc_5: 0.4057  F1_score: 0.7216  MAE: 0.4685  Corr: 0.5301  Loss: 0.4670 
2021-01-28 02:09:49:INFO:TRAIN-(lf_dnn) (3/8/1)>> loss: 0.3765  Mult_acc_2: 0.7829  Mult_acc_3: 0.7193  Mult_acc_5: 0.4605  F1_score: 0.7781  MAE: 0.3730  Corr: 0.6800 
2021-01-28 02:09:49:INFO:VAL-(lf_dnn) >>  Mult_acc_2: 0.7259  Mult_acc_3: 0.6272  Mult_acc_5: 0.4079  F1_score: 0.7189  MAE: 0.4694  Corr: 0.5405  Loss: 0.5037 
2021-01-28 02:09:49:INFO:TRAIN-(lf_dnn) (4/9/1)>> loss: 0.3418  Mult_acc_2: 0.7887  Mult_acc_3: 0.7127  Mult_acc_5: 0.5139  F1_score: 0.7851  MAE: 0.3352  Corr: 0.7254 
2021-01-28 02:09:49:INFO:VAL-(lf_dnn) >>  Mult_acc_2: 0.7061  Mult_acc_3: 0.6031  Mult_acc_5: 0.3925  F1_score: 0.6965  MAE: 0.4651  Corr: 0.5287  Loss: 0.4559 
2021-01-28 02:09:50:INFO:TRAIN-(lf_dnn) (5/10/1)>> loss: 0.3113  Mult_acc_2: 0.7997  Mult_acc_3: 0.7515  Mult_acc_5: 0.5439  F1_score: 0.7935  MAE: 0.3013  Corr: 0.7662 
2021-01-28 02:09:50:INFO:VAL-(lf_dnn) >>  Mult_acc_2: 0.7566  Mult_acc_3: 0.6316  Mult_acc_5: 0.4035  F1_score: 0.7549  MAE: 0.4600  Corr: 0.5367  Loss: 0.4759 
2021-01-28 02:09:51:INFO:TRAIN-(lf_dnn) (6/11/1)>> loss: 0.2934  Mult_acc_2: 0.8385  Mult_acc_3: 0.7617  Mult_acc_5: 0.5731  F1_score: 0.8372  MAE: 0.2891  Corr: 0.7827 
2021-01-28 02:09:51:INFO:VAL-(lf_dnn) >>  Mult_acc_2: 0.7259  Mult_acc_3: 0.6316  Mult_acc_5: 0.4101  F1_score: 0.7186  MAE: 0.4683  Corr: 0.5430  Loss: 0.4477 
2021-01-28 02:09:51:INFO:TRAIN-(lf_dnn) (1/12/1)>> loss: 0.2818  Mult_acc_2: 0.8114  Mult_acc_3: 0.7632  Mult_acc_5: 0.5782  F1_score: 0.8070  MAE: 0.2771  Corr: 0.7922 
2021-01-28 02:09:51:INFO:VAL-(lf_dnn) >>  Mult_acc_2: 0.7039  Mult_acc_3: 0.6140  Mult_acc_5: 0.4079  F1_score: 0.6949  MAE: 0.4686  Corr: 0.5214  Loss: 0.4776 
2021-01-28 02:09:52:INFO:TRAIN-(lf_dnn) (2/13/1)>> loss: 0.2572  Mult_acc_2: 0.8560  Mult_acc_3: 0.7836  Mult_acc_5: 0.6170  F1_score: 0.8548  MAE: 0.2530  Corr: 0.8227 
2021-01-28 02:09:52:INFO:VAL-(lf_dnn) >>  Mult_acc_2: 0.7105  Mult_acc_3: 0.6053  Mult_acc_5: 0.3991  F1_score: 0.7018  MAE: 0.4632  Corr: 0.5327  Loss: 0.4743 
2021-01-28 02:09:53:INFO:TRAIN-(lf_dnn) (3/14/1)>> loss: 0.2380  Mult_acc_2: 0.8480  Mult_acc_3: 0.7917  Mult_acc_5: 0.6301  F1_score: 0.8450  MAE: 0.2315  Corr: 0.8456 
2021-01-28 02:09:53:INFO:VAL-(lf_dnn) >>  Mult_acc_2: 0.7390  Mult_acc_3: 0.5965  Mult_acc_5: 0.4057  F1_score: 0.7347  MAE: 0.4662  Corr: 0.5221  Loss: 0.4949 
2021-01-28 02:09:53:INFO:TRAIN-(lf_dnn) (4/15/1)>> loss: 0.2218  Mult_acc_2: 0.8692  Mult_acc_3: 0.8099  Mult_acc_5: 0.6689  F1_score: 0.8667  MAE: 0.2147  Corr: 0.8620 
2021-01-28 02:09:53:INFO:VAL-(lf_dnn) >>  Mult_acc_2: 0.7105  Mult_acc_3: 0.5943  Mult_acc_5: 0.3750  F1_score: 0.7021  MAE: 0.4614  Corr: 0.5266  Loss: 0.4543 
2021-01-28 02:09:54:INFO:TRAIN-(lf_dnn) (5/16/1)>> loss: 0.2141  Mult_acc_2: 0.8808  Mult_acc_3: 0.8253  Mult_acc_5: 0.6879  F1_score: 0.8793  MAE: 0.2068  Corr: 0.8663 
2021-01-28 02:09:54:INFO:VAL-(lf_dnn) >>  Mult_acc_2: 0.6535  Mult_acc_3: 0.5526  Mult_acc_5: 0.3596  F1_score: 0.6398  MAE: 0.4865  Corr: 0.5334  Loss: 0.4840 
2021-01-28 02:09:55:INFO:TRAIN-(lf_dnn) (6/17/1)>> loss: 0.2115  Mult_acc_2: 0.8692  Mult_acc_3: 0.8216  Mult_acc_5: 0.6842  F1_score: 0.8666  MAE: 0.2040  Corr: 0.8743 
2021-01-28 02:09:55:INFO:VAL-(lf_dnn) >>  Mult_acc_2: 0.6645  Mult_acc_3: 0.5724  Mult_acc_5: 0.3750  F1_score: 0.6516  MAE: 0.4819  Corr: 0.4968  Loss: 0.4683 
2021-01-28 02:09:55:INFO:TRAIN-(lf_dnn) (7/18/1)>> loss: 0.2048  Mult_acc_2: 0.8779  Mult_acc_3: 0.8253  Mult_acc_5: 0.6886  F1_score: 0.8762  MAE: 0.1960  Corr: 0.8798 
2021-01-28 02:09:55:INFO:VAL-(lf_dnn) >>  Mult_acc_2: 0.7434  Mult_acc_3: 0.6140  Mult_acc_5: 0.4035  F1_score: 0.7520  MAE: 0.4828  Corr: 0.5019  Loss: 0.4613 
2021-01-28 02:09:56:INFO:TRAIN-(lf_dnn) (8/19/1)>> loss: 0.2026  Mult_acc_2: 0.8670  Mult_acc_3: 0.8253  Mult_acc_5: 0.6959  F1_score: 0.8639  MAE: 0.1967  Corr: 0.8816 
2021-01-28 02:09:56:INFO:VAL-(lf_dnn) >>  Mult_acc_2: 0.7412  Mult_acc_3: 0.6206  Mult_acc_5: 0.4079  F1_score: 0.7354  MAE: 0.4681  Corr: 0.5273  Loss: 0.4531 
2021-01-28 02:09:56:INFO:TEST-(lf_dnn) >>  Mult_acc_2: 0.7746  Mult_acc_3: 0.6696  Mult_acc_5: 0.4267  F1_score: 0.7713  MAE: 0.4325  Corr: 0.5969  Loss: 0.4088 
2021-01-28 02:09:56:INFO:Start saving results...
2021-01-28 02:09:56:INFO:Results are saved to results/results/sims-lf_dnn-regression-tune.csv...
2021-01-28 02:09:56:INFO:########################################lf_dnn-(6/50)########################################
2021-01-28 02:09:56:INFO:hidden_dims:(64, 32, 64)
2021-01-28 02:09:56:INFO:text_out:32
2021-01-28 02:09:56:INFO:post_fusion_dim:16
2021-01-28 02:09:56:INFO:dropouts:(0.4, 0.4, 0.4, 0.4)
2021-01-28 02:09:56:INFO:batch_size:128
2021-01-28 02:09:56:INFO:learning_rate:0.0005
2021-01-28 02:09:56:INFO:weight_decay:0.01
2021-01-28 02:09:56:INFO:##########################################################################################
2021-01-28 02:09:56:INFO:Start running lf_dnn...
2021-01-28 02:09:56:INFO:Let's use 1 GPUs!
2021-01-28 02:09:57:INFO:train samples: (1368,)
2021-01-28 02:09:59:INFO:valid samples: (456,)
2021-01-28 02:10:00:INFO:test samples: (457,)
2021-01-28 02:10:00:INFO:The model has 276381 trainable parameters
2021-01-28 02:10:00:INFO:TRAIN-(lf_dnn) (1/1/1)>> loss: 0.6499  Mult_acc_2: 0.3063  Mult_acc_3: 0.2873  Mult_acc_5: 0.1586  F1_score: 0.4689  MAE: 0.6505  Corr: -0.0013 
2021-01-28 02:10:00:INFO:VAL-(lf_dnn) >>  Mult_acc_2: 0.3048  Mult_acc_3: 0.1579  Mult_acc_5: 0.1557  F1_score: 0.4672  MAE: 0.6408  Corr: 0.1029  Loss: 0.6424 
2021-01-28 02:10:01:INFO:TRAIN-(lf_dnn) (1/2/1)>> loss: 0.6304  Mult_acc_2: 0.3158  Mult_acc_3: 0.1520  Mult_acc_5: 0.1520  F1_score: 0.4669  MAE: 0.6296  Corr: 0.0289 
2021-01-28 02:10:01:INFO:VAL-(lf_dnn) >>  Mult_acc_2: 0.3158  Mult_acc_3: 0.1513  Mult_acc_5: 0.1513  F1_score: 0.4390  MAE: 0.6138  Corr: 0.1130  Loss: 0.6112 
2021-01-28 02:10:01:INFO:TRAIN-(lf_dnn) (1/3/1)>> loss: 0.6015  Mult_acc_2: 0.5680  Mult_acc_3: 0.1988  Mult_acc_5: 0.1637  F1_score: 0.5636  MAE: 0.6025  Corr: 0.0613 
2021-01-28 02:10:01:INFO:VAL-(lf_dnn) >>  Mult_acc_2: 0.6952  Mult_acc_3: 0.2939  Mult_acc_5: 0.1535  F1_score: 0.8202  MAE: 0.5958  Corr: 0.0917  Loss: 0.6062 
2021-01-28 02:10:02:INFO:TRAIN-(lf_dnn) (1/4/1)>> loss: 0.5873  Mult_acc_2: 0.6915  Mult_acc_3: 0.4108  Mult_acc_5: 0.2032  F1_score: 0.8158  MAE: 0.5875  Corr: 0.0933 
2021-01-28 02:10:02:INFO:VAL-(lf_dnn) >>  Mult_acc_2: 0.6952  Mult_acc_3: 0.4737  Mult_acc_5: 0.1886  F1_score: 0.8202  MAE: 0.5885  Corr: 0.0824  Loss: 0.5945 
2021-01-28 02:10:02:INFO:TRAIN-(lf_dnn) (1/5/1)>> loss: 0.5842  Mult_acc_2: 0.6937  Mult_acc_3: 0.5000  Mult_acc_5: 0.2083  F1_score: 0.8192  MAE: 0.5833  Corr: 0.1004 
2021-01-28 02:10:02:INFO:VAL-(lf_dnn) >>  Mult_acc_2: 0.6952  Mult_acc_3: 0.5241  Mult_acc_5: 0.2083  F1_score: 0.8202  MAE: 0.5859  Corr: 0.1002  Loss: 0.5846 
2021-01-28 02:10:03:INFO:TRAIN-(lf_dnn) (1/6/1)>> loss: 0.5805  Mult_acc_2: 0.6937  Mult_acc_3: 0.5205  Mult_acc_5: 0.2164  F1_score: 0.8192  MAE: 0.5809  Corr: 0.1382 
2021-01-28 02:10:03:INFO:VAL-(lf_dnn) >>  Mult_acc_2: 0.6952  Mult_acc_3: 0.5197  Mult_acc_5: 0.2105  F1_score: 0.8202  MAE: 0.5837  Corr: 0.1229  Loss: 0.5837 
2021-01-28 02:10:03:INFO:TRAIN-(lf_dnn) (1/7/1)>> loss: 0.5748  Mult_acc_2: 0.6937  Mult_acc_3: 0.5380  Mult_acc_5: 0.2339  F1_score: 0.8192  MAE: 0.5748  Corr: 0.1879 
2021-01-28 02:10:03:INFO:VAL-(lf_dnn) >>  Mult_acc_2: 0.6952  Mult_acc_3: 0.5285  Mult_acc_5: 0.2171  F1_score: 0.8202  MAE: 0.5771  Corr: 0.2111  Loss: 0.5687 
2021-01-28 02:10:04:INFO:TRAIN-(lf_dnn) (1/8/1)>> loss: 0.5581  Mult_acc_2: 0.6952  Mult_acc_3: 0.5512  Mult_acc_5: 0.2368  F1_score: 0.8147  MAE: 0.5597  Corr: 0.3096 
2021-01-28 02:10:04:INFO:VAL-(lf_dnn) >>  Mult_acc_2: 0.6952  Mult_acc_3: 0.5307  Mult_acc_5: 0.2259  F1_score: 0.8085  MAE: 0.5583  Corr: 0.3270  Loss: 0.5580 
2021-01-28 02:10:04:INFO:TRAIN-(lf_dnn) (1/9/1)>> loss: 0.5277  Mult_acc_2: 0.7032  Mult_acc_3: 0.5453  Mult_acc_5: 0.2537  F1_score: 0.7672  MAE: 0.5278  Corr: 0.4235 
2021-01-28 02:10:04:INFO:VAL-(lf_dnn) >>  Mult_acc_2: 0.7039  Mult_acc_3: 0.5417  Mult_acc_5: 0.2544  F1_score: 0.7594  MAE: 0.5297  Corr: 0.3893  Loss: 0.5283 
2021-01-28 02:10:05:INFO:TRAIN-(lf_dnn) (1/10/1)>> loss: 0.4842  Mult_acc_2: 0.7251  Mult_acc_3: 0.5329  Mult_acc_5: 0.2946  F1_score: 0.7409  MAE: 0.4840  Corr: 0.5019 
2021-01-28 02:10:05:INFO:VAL-(lf_dnn) >>  Mult_acc_2: 0.7018  Mult_acc_3: 0.4956  Mult_acc_5: 0.3158  F1_score: 0.7036  MAE: 0.4925  Corr: 0.4680  Loss: 0.4977 
2021-01-28 02:10:05:INFO:TRAIN-(lf_dnn) (1/11/1)>> loss: 0.4512  Mult_acc_2: 0.7398  Mult_acc_3: 0.5811  Mult_acc_5: 0.3670  F1_score: 0.7372  MAE: 0.4484  Corr: 0.5682 
2021-01-28 02:10:05:INFO:VAL-(lf_dnn) >>  Mult_acc_2: 0.6930  Mult_acc_3: 0.5482  Mult_acc_5: 0.3004  F1_score: 0.6835  MAE: 0.4935  Corr: 0.4822  Loss: 0.4957 
2021-01-28 02:10:06:INFO:TRAIN-(lf_dnn) (1/12/1)>> loss: 0.4401  Mult_acc_2: 0.7456  Mult_acc_3: 0.6499  Mult_acc_5: 0.3765  F1_score: 0.7389  MAE: 0.4367  Corr: 0.6003 
2021-01-28 02:10:06:INFO:VAL-(lf_dnn) >>  Mult_acc_2: 0.6754  Mult_acc_3: 0.5504  Mult_acc_5: 0.3048  F1_score: 0.6626  MAE: 0.4926  Corr: 0.4784  Loss: 0.4930 
2021-01-28 02:10:06:INFO:TRAIN-(lf_dnn) (1/13/1)>> loss: 0.4255  Mult_acc_2: 0.7580  Mult_acc_3: 0.6601  Mult_acc_5: 0.3830  F1_score: 0.7507  MAE: 0.4228  Corr: 0.6247 
2021-01-28 02:10:06:INFO:VAL-(lf_dnn) >>  Mult_acc_2: 0.6952  Mult_acc_3: 0.5965  Mult_acc_5: 0.3553  F1_score: 0.6849  MAE: 0.4816  Corr: 0.4950  Loss: 0.4822 
2021-01-28 02:10:07:INFO:TRAIN-(lf_dnn) (1/14/1)>> loss: 0.4154  Mult_acc_2: 0.7558  Mult_acc_3: 0.6835  Mult_acc_5: 0.4013  F1_score: 0.7484  MAE: 0.4091  Corr: 0.6453 
2021-01-28 02:10:07:INFO:VAL-(lf_dnn) >>  Mult_acc_2: 0.7193  Mult_acc_3: 0.6096  Mult_acc_5: 0.3333  F1_score: 0.7106  MAE: 0.4831  Corr: 0.5098  Loss: 0.4842 
2021-01-28 02:10:07:INFO:TRAIN-(lf_dnn) (2/15/1)>> loss: 0.4005  Mult_acc_2: 0.7719  Mult_acc_3: 0.6974  Mult_acc_5: 0.4086  F1_score: 0.7650  MAE: 0.3967  Corr: 0.6712 
2021-01-28 02:10:07:INFO:VAL-(lf_dnn) >>  Mult_acc_2: 0.6404  Mult_acc_3: 0.5636  Mult_acc_5: 0.3224  F1_score: 0.6266  MAE: 0.4901  Corr: 0.4909  Loss: 0.4960 
2021-01-28 02:10:07:INFO:TRAIN-(lf_dnn) (3/16/1)>> loss: 0.4014  Mult_acc_2: 0.7734  Mult_acc_3: 0.7127  Mult_acc_5: 0.4269  F1_score: 0.7664  MAE: 0.3958  Corr: 0.6603 
2021-01-28 02:10:07:INFO:VAL-(lf_dnn) >>  Mult_acc_2: 0.6798  Mult_acc_3: 0.6009  Mult_acc_5: 0.3070  F1_score: 0.6677  MAE: 0.4913  Corr: 0.5018  Loss: 0.4938 
2021-01-28 02:10:08:INFO:TRAIN-(lf_dnn) (4/17/1)>> loss: 0.3812  Mult_acc_2: 0.7822  Mult_acc_3: 0.7208  Mult_acc_5: 0.4474  F1_score: 0.7757  MAE: 0.3739  Corr: 0.6974 
2021-01-28 02:10:08:INFO:VAL-(lf_dnn) >>  Mult_acc_2: 0.7127  Mult_acc_3: 0.6316  Mult_acc_5: 0.3662  F1_score: 0.7039  MAE: 0.4795  Corr: 0.5022  Loss: 0.4854 
2021-01-28 02:10:08:INFO:TRAIN-(lf_dnn) (5/18/1)>> loss: 0.3723  Mult_acc_2: 0.7975  Mult_acc_3: 0.7259  Mult_acc_5: 0.4408  F1_score: 0.7912  MAE: 0.3660  Corr: 0.7124 
2021-01-28 02:10:08:INFO:VAL-(lf_dnn) >>  Mult_acc_2: 0.6754  Mult_acc_3: 0.6184  Mult_acc_5: 0.3136  F1_score: 0.6628  MAE: 0.4863  Corr: 0.5112  Loss: 0.4918 
2021-01-28 02:10:09:INFO:TRAIN-(lf_dnn) (6/19/1)>> loss: 0.3537  Mult_acc_2: 0.8085  Mult_acc_3: 0.7471  Mult_acc_5: 0.4649  F1_score: 0.8028  MAE: 0.3489  Corr: 0.7381 
2021-01-28 02:10:09:INFO:VAL-(lf_dnn) >>  Mult_acc_2: 0.7390  Mult_acc_3: 0.6338  Mult_acc_5: 0.3860  F1_score: 0.7347  MAE: 0.4711  Corr: 0.5136  Loss: 0.4753 
2021-01-28 02:10:09:INFO:TRAIN-(lf_dnn) (1/20/1)>> loss: 0.3710  Mult_acc_2: 0.7924  Mult_acc_3: 0.7230  Mult_acc_5: 0.4474  F1_score: 0.7868  MAE: 0.3639  Corr: 0.7087 
2021-01-28 02:10:09:INFO:VAL-(lf_dnn) >>  Mult_acc_2: 0.7127  Mult_acc_3: 0.6294  Mult_acc_5: 0.3596  F1_score: 0.7054  MAE: 0.4748  Corr: 0.5162  Loss: 0.4722 
2021-01-28 02:10:10:INFO:TRAIN-(lf_dnn) (1/21/1)>> loss: 0.3402  Mult_acc_2: 0.8092  Mult_acc_3: 0.7420  Mult_acc_5: 0.4700  F1_score: 0.8032  MAE: 0.3353  Corr: 0.7541 
2021-01-28 02:10:10:INFO:VAL-(lf_dnn) >>  Mult_acc_2: 0.6689  Mult_acc_3: 0.5987  Mult_acc_5: 0.3202  F1_score: 0.6557  MAE: 0.4978  Corr: 0.5146  Loss: 0.4984 
2021-01-28 02:10:10:INFO:TRAIN-(lf_dnn) (2/22/1)>> loss: 0.3253  Mult_acc_2: 0.8202  Mult_acc_3: 0.7588  Mult_acc_5: 0.5051  F1_score: 0.8149  MAE: 0.3169  Corr: 0.7731 
2021-01-28 02:10:10:INFO:VAL-(lf_dnn) >>  Mult_acc_2: 0.6842  Mult_acc_3: 0.6053  Mult_acc_5: 0.3531  F1_score: 0.6717  MAE: 0.4890  Corr: 0.5231  Loss: 0.4921 
2021-01-28 02:10:11:INFO:TRAIN-(lf_dnn) (3/23/1)>> loss: 0.3133  Mult_acc_2: 0.8289  Mult_acc_3: 0.7624  Mult_acc_5: 0.5051  F1_score: 0.8239  MAE: 0.3064  Corr: 0.7852 
2021-01-28 02:10:11:INFO:VAL-(lf_dnn) >>  Mult_acc_2: 0.7325  Mult_acc_3: 0.6316  Mult_acc_5: 0.3575  F1_score: 0.7252  MAE: 0.4669  Corr: 0.5303  Loss: 0.4737 
2021-01-28 02:10:11:INFO:TRAIN-(lf_dnn) (4/24/1)>> loss: 0.3011  Mult_acc_2: 0.8487  Mult_acc_3: 0.7749  Mult_acc_5: 0.5497  F1_score: 0.8451  MAE: 0.2901  Corr: 0.7950 
2021-01-28 02:10:11:INFO:VAL-(lf_dnn) >>  Mult_acc_2: 0.6930  Mult_acc_3: 0.6184  Mult_acc_5: 0.3575  F1_score: 0.6819  MAE: 0.4908  Corr: 0.5053  Loss: 0.4915 
2021-01-28 02:10:11:INFO:TRAIN-(lf_dnn) (5/25/1)>> loss: 0.2878  Mult_acc_2: 0.8289  Mult_acc_3: 0.7829  Mult_acc_5: 0.5541  F1_score: 0.8237  MAE: 0.2818  Corr: 0.8076 
2021-01-28 02:10:11:INFO:VAL-(lf_dnn) >>  Mult_acc_2: 0.7390  Mult_acc_3: 0.6425  Mult_acc_5: 0.3925  F1_score: 0.7336  MAE: 0.4604  Corr: 0.5329  Loss: 0.4635 
2021-01-28 02:10:12:INFO:TRAIN-(lf_dnn) (1/26/1)>> loss: 0.2849  Mult_acc_2: 0.8538  Mult_acc_3: 0.7880  Mult_acc_5: 0.5534  F1_score: 0.8501  MAE: 0.2749  Corr: 0.8167 
2021-01-28 02:10:12:INFO:VAL-(lf_dnn) >>  Mult_acc_2: 0.6667  Mult_acc_3: 0.5965  Mult_acc_5: 0.3706  F1_score: 0.6534  MAE: 0.5047  Corr: 0.5205  Loss: 0.5072 
2021-01-28 02:10:12:INFO:TRAIN-(lf_dnn) (2/27/1)>> loss: 0.2730  Mult_acc_2: 0.8450  Mult_acc_3: 0.8056  Mult_acc_5: 0.5943  F1_score: 0.8407  MAE: 0.2657  Corr: 0.8275 
2021-01-28 02:10:12:INFO:VAL-(lf_dnn) >>  Mult_acc_2: 0.7346  Mult_acc_3: 0.6272  Mult_acc_5: 0.3838  F1_score: 0.7291  MAE: 0.4726  Corr: 0.5221  Loss: 0.4781 
2021-01-28 02:10:13:INFO:TRAIN-(lf_dnn) (3/28/1)>> loss: 0.2698  Mult_acc_2: 0.8582  Mult_acc_3: 0.7968  Mult_acc_5: 0.5899  F1_score: 0.8544  MAE: 0.2605  Corr: 0.8338 
2021-01-28 02:10:13:INFO:VAL-(lf_dnn) >>  Mult_acc_2: 0.6820  Mult_acc_3: 0.6118  Mult_acc_5: 0.3816  F1_score: 0.6698  MAE: 0.4964  Corr: 0.5113  Loss: 0.5047 
2021-01-28 02:10:13:INFO:TRAIN-(lf_dnn) (4/29/1)>> loss: 0.2485  Mult_acc_2: 0.8553  Mult_acc_3: 0.7895  Mult_acc_5: 0.6009  F1_score: 0.8515  MAE: 0.2381  Corr: 0.8528 
2021-01-28 02:10:13:INFO:VAL-(lf_dnn) >>  Mult_acc_2: 0.7061  Mult_acc_3: 0.6118  Mult_acc_5: 0.3509  F1_score: 0.6954  MAE: 0.4929  Corr: 0.5134  Loss: 0.4944 
2021-01-28 02:10:13:INFO:TRAIN-(lf_dnn) (5/30/1)>> loss: 0.2405  Mult_acc_2: 0.8545  Mult_acc_3: 0.8085  Mult_acc_5: 0.6265  F1_score: 0.8506  MAE: 0.2289  Corr: 0.8644 
2021-01-28 02:10:14:INFO:VAL-(lf_dnn) >>  Mult_acc_2: 0.7171  Mult_acc_3: 0.6382  Mult_acc_5: 0.3991  F1_score: 0.7099  MAE: 0.4748  Corr: 0.5204  Loss: 0.4744 
2021-01-28 02:10:14:INFO:TRAIN-(lf_dnn) (6/31/1)>> loss: 0.2320  Mult_acc_2: 0.8743  Mult_acc_3: 0.8151  Mult_acc_5: 0.6272  F1_score: 0.8712  MAE: 0.2230  Corr: 0.8714 
2021-01-28 02:10:14:INFO:VAL-(lf_dnn) >>  Mult_acc_2: 0.6930  Mult_acc_3: 0.6031  Mult_acc_5: 0.3991  F1_score: 0.6814  MAE: 0.4901  Corr: 0.5083  Loss: 0.4885 
2021-01-28 02:10:14:INFO:TRAIN-(lf_dnn) (7/32/1)>> loss: 0.2202  Mult_acc_2: 0.8721  Mult_acc_3: 0.8355  Mult_acc_5: 0.6652  F1_score: 0.8687  MAE: 0.2086  Corr: 0.8850 
2021-01-28 02:10:14:INFO:VAL-(lf_dnn) >>  Mult_acc_2: 0.7061  Mult_acc_3: 0.6031  Mult_acc_5: 0.3531  F1_score: 0.6970  MAE: 0.4891  Corr: 0.5034  Loss: 0.4854 
2021-01-28 02:10:15:INFO:TRAIN-(lf_dnn) (8/33/1)>> loss: 0.2131  Mult_acc_2: 0.8808  Mult_acc_3: 0.8399  Mult_acc_5: 0.6623  F1_score: 0.8780  MAE: 0.2027  Corr: 0.8939 
2021-01-28 02:10:15:INFO:VAL-(lf_dnn) >>  Mult_acc_2: 0.7061  Mult_acc_3: 0.6031  Mult_acc_5: 0.3750  F1_score: 0.6957  MAE: 0.4866  Corr: 0.5218  Loss: 0.4949 
2021-01-28 02:10:15:INFO:TEST-(lf_dnn) >>  Mult_acc_2: 0.7702  Mult_acc_3: 0.6499  Mult_acc_5: 0.3939  F1_score: 0.7691  MAE: 0.4454  Corr: 0.5772  Loss: 0.4488 
2021-01-28 02:10:15:INFO:Start saving results...
2021-01-28 02:10:15:INFO:Results are saved to results/results/sims-lf_dnn-regression-tune.csv...
2021-01-28 02:10:15:INFO:########################################lf_dnn-(7/50)########################################
2021-01-28 02:10:15:INFO:hidden_dims:(256, 32, 256)
2021-01-28 02:10:15:INFO:text_out:32
2021-01-28 02:10:15:INFO:post_fusion_dim:32
2021-01-28 02:10:15:INFO:dropouts:(0.4, 0.4, 0.4, 0.4)
2021-01-28 02:10:15:INFO:batch_size:32
2021-01-28 02:10:15:INFO:learning_rate:0.001
2021-01-28 02:10:15:INFO:weight_decay:0.0
2021-01-28 02:10:15:INFO:##########################################################################################
2021-01-28 02:10:15:INFO:Start running lf_dnn...
2021-01-28 02:10:15:INFO:Let's use 1 GPUs!
2021-01-28 02:10:16:INFO:train samples: (1368,)
2021-01-28 02:10:18:INFO:valid samples: (456,)
2021-01-28 02:10:19:INFO:test samples: (457,)
2021-01-28 02:10:19:INFO:The model has 1388237 trainable parameters
2021-01-28 02:10:20:INFO:TRAIN-(lf_dnn) (1/1/1)>> loss: 0.5766  Mult_acc_2: 0.6645  Mult_acc_3: 0.4649  Mult_acc_5: 0.2193  F1_score: 0.7065  MAE: 0.5740  Corr: 0.1698 
2021-01-28 02:10:20:INFO:VAL-(lf_dnn) >>  Mult_acc_2: 0.6842  Mult_acc_3: 0.5307  Mult_acc_5: 0.3202  F1_score: 0.6900  MAE: 0.5161  Corr: 0.4252  Loss: 0.5164 
2021-01-28 02:10:21:INFO:TRAIN-(lf_dnn) (1/2/1)>> loss: 0.4993  Mult_acc_2: 0.6703  Mult_acc_3: 0.4722  Mult_acc_5: 0.2814  F1_score: 0.6603  MAE: 0.4971  Corr: 0.4403 
2021-01-28 02:10:21:INFO:VAL-(lf_dnn) >>  Mult_acc_2: 0.7039  Mult_acc_3: 0.5351  Mult_acc_5: 0.3640  F1_score: 0.7250  MAE: 0.5146  Corr: 0.4171  Loss: 0.5097 
2021-01-28 02:10:22:INFO:TRAIN-(lf_dnn) (1/3/1)>> loss: 0.4704  Mult_acc_2: 0.7142  Mult_acc_3: 0.5863  Mult_acc_5: 0.3370  F1_score: 0.7083  MAE: 0.4652  Corr: 0.5327 
2021-01-28 02:10:22:INFO:VAL-(lf_dnn) >>  Mult_acc_2: 0.7259  Mult_acc_3: 0.6228  Mult_acc_5: 0.3618  F1_score: 0.7305  MAE: 0.4784  Corr: 0.5073  Loss: 0.4866 
2021-01-28 02:10:23:INFO:TRAIN-(lf_dnn) (1/4/1)>> loss: 0.4395  Mult_acc_2: 0.7449  Mult_acc_3: 0.6477  Mult_acc_5: 0.3640  F1_score: 0.7407  MAE: 0.4328  Corr: 0.5844 
2021-01-28 02:10:24:INFO:VAL-(lf_dnn) >>  Mult_acc_2: 0.7346  Mult_acc_3: 0.5526  Mult_acc_5: 0.2895  F1_score: 0.7307  MAE: 0.4798  Corr: 0.5182  Loss: 0.4779 
2021-01-28 02:10:25:INFO:TRAIN-(lf_dnn) (1/5/1)>> loss: 0.3991  Mult_acc_2: 0.7792  Mult_acc_3: 0.6813  Mult_acc_5: 0.4137  F1_score: 0.7778  MAE: 0.3931  Corr: 0.6490 
2021-01-28 02:10:25:INFO:VAL-(lf_dnn) >>  Mult_acc_2: 0.7588  Mult_acc_3: 0.6360  Mult_acc_5: 0.3904  F1_score: 0.7694  MAE: 0.4778  Corr: 0.5089  Loss: 0.4848 
