2021-01-28 01:00:19:ERROR:name 'logger' is not defined
2021-01-28 02:31:53:INFO:Find gpu: 3, with memory: 7869366272 left!
2021-01-28 02:31:53:INFO:########################################mfn-(1/50)########################################
2021-01-28 02:31:53:INFO:hidden_dims:(256, 32, 256)
2021-01-28 02:31:53:INFO:memsize:128
2021-01-28 02:31:53:INFO:windowsize:2
2021-01-28 02:31:53:INFO:NN1Config:{'drop': 0.2, 'shapes': 64}
2021-01-28 02:31:53:INFO:NN2Config:{'drop': 0.5, 'shapes': 256}
2021-01-28 02:31:53:INFO:gamma1Config:{'drop': 0.7, 'shapes': 32}
2021-01-28 02:31:53:INFO:gamma2Config:{'drop': 0.5, 'shapes': 64}
2021-01-28 02:31:53:INFO:outConfig:{'drop': 0.0, 'shapes': 64}
2021-01-28 02:31:53:INFO:batch_size:32
2021-01-28 02:31:53:INFO:learning_rate:0.005
2021-01-28 02:31:53:INFO:##########################################################################################
2021-01-28 02:31:53:INFO:Start running mfn...
2021-01-28 02:31:53:INFO:Let's use 1 GPUs!
2021-01-28 02:31:55:INFO:train samples: (1368,)
2021-01-28 02:31:56:INFO:valid samples: (456,)
2021-01-28 02:31:57:INFO:test samples: (457,)
2021-01-28 02:31:57:INFO:The model has 2674017 trainable parameters
2021-01-28 02:32:05:INFO:TRAIN-(mfn) (1/1/1)>> loss: 0.5886  Mult_acc_2: 0.6564  Mult_acc_3: 0.5066  Mult_acc_5: 0.2471  F1_score: 0.6704  MAE: 0.5729  Corr: 0.2351 
2021-01-28 02:32:06:INFO:VAL-(mfn) >>  Mult_acc_2: 0.5592  Mult_acc_3: 0.4101  Mult_acc_5: 0.1623  F1_score: 0.5522  MAE: 0.5659  Corr: 0.3854  Loss: 0.5611 
2021-01-28 02:32:15:INFO:TRAIN-(mfn) (1/2/1)>> loss: 0.4744  Mult_acc_2: 0.7127  Mult_acc_3: 0.5972  Mult_acc_5: 0.3333  F1_score: 0.7089  MAE: 0.4727  Corr: 0.5106 
2021-01-28 02:32:17:INFO:VAL-(mfn) >>  Mult_acc_2: 0.6689  Mult_acc_3: 0.5570  Mult_acc_5: 0.3311  F1_score: 0.6600  MAE: 0.4950  Corr: 0.4535  Loss: 0.4913 
2021-01-28 02:32:25:INFO:TRAIN-(mfn) (1/3/1)>> loss: 0.4256  Mult_acc_2: 0.7515  Mult_acc_3: 0.6615  Mult_acc_5: 0.4072  F1_score: 0.7475  MAE: 0.4226  Corr: 0.6049 
2021-01-28 02:32:26:INFO:VAL-(mfn) >>  Mult_acc_2: 0.7281  Mult_acc_3: 0.5877  Mult_acc_5: 0.3553  F1_score: 0.7763  MAE: 0.5324  Corr: 0.4692  Loss: 0.5301 
2021-01-28 02:32:33:INFO:TRAIN-(mfn) (2/4/1)>> loss: 0.3964  Mult_acc_2: 0.7741  Mult_acc_3: 0.6806  Mult_acc_5: 0.4225  F1_score: 0.7701  MAE: 0.3928  Corr: 0.6509 
2021-01-28 02:32:34:INFO:VAL-(mfn) >>  Mult_acc_2: 0.7303  Mult_acc_3: 0.6075  Mult_acc_5: 0.3772  F1_score: 0.7323  MAE: 0.4859  Corr: 0.4779  Loss: 0.4869 
2021-01-28 02:32:43:INFO:TRAIN-(mfn) (1/5/1)>> loss: 0.3763  Mult_acc_2: 0.7844  Mult_acc_3: 0.6901  Mult_acc_5: 0.4613  F1_score: 0.7803  MAE: 0.3683  Corr: 0.6836 
2021-01-28 02:32:44:INFO:VAL-(mfn) >>  Mult_acc_2: 0.6491  Mult_acc_3: 0.5746  Mult_acc_5: 0.3421  F1_score: 0.6352  MAE: 0.5083  Corr: 0.5001  Loss: 0.5110 
2021-01-28 02:32:51:INFO:TRAIN-(mfn) (2/6/1)>> loss: 0.3419  Mult_acc_2: 0.7953  Mult_acc_3: 0.7083  Mult_acc_5: 0.5110  F1_score: 0.7910  MAE: 0.3363  Corr: 0.7231 
2021-01-28 02:32:53:INFO:VAL-(mfn) >>  Mult_acc_2: 0.7127  Mult_acc_3: 0.6316  Mult_acc_5: 0.4035  F1_score: 0.7060  MAE: 0.4831  Corr: 0.4984  Loss: 0.5074 
2021-01-28 02:33:01:INFO:TRAIN-(mfn) (3/7/1)>> loss: 0.3096  Mult_acc_2: 0.8151  Mult_acc_3: 0.7478  Mult_acc_5: 0.5475  F1_score: 0.8110  MAE: 0.3041  Corr: 0.7656 
2021-01-28 02:33:03:INFO:VAL-(mfn) >>  Mult_acc_2: 0.6820  Mult_acc_3: 0.5987  Mult_acc_5: 0.3596  F1_score: 0.6723  MAE: 0.4776  Corr: 0.5176  Loss: 0.4907 
2021-01-28 02:33:11:INFO:TRAIN-(mfn) (4/8/1)>> loss: 0.2819  Mult_acc_2: 0.8253  Mult_acc_3: 0.7529  Mult_acc_5: 0.5768  F1_score: 0.8215  MAE: 0.2751  Corr: 0.7974 
2021-01-28 02:33:12:INFO:VAL-(mfn) >>  Mult_acc_2: 0.6754  Mult_acc_3: 0.6162  Mult_acc_5: 0.4057  F1_score: 0.6648  MAE: 0.4764  Corr: 0.4960  Loss: 0.4713 
2021-01-28 02:33:23:INFO:TRAIN-(mfn) (1/9/1)>> loss: 0.2619  Mult_acc_2: 0.8406  Mult_acc_3: 0.7741  Mult_acc_5: 0.6111  F1_score: 0.8369  MAE: 0.2547  Corr: 0.8247 
2021-01-28 02:33:25:INFO:VAL-(mfn) >>  Mult_acc_2: 0.7325  Mult_acc_3: 0.6184  Mult_acc_5: 0.3882  F1_score: 0.7319  MAE: 0.5025  Corr: 0.4916  Loss: 0.5175 
2021-01-28 02:33:35:INFO:TRAIN-(mfn) (2/10/1)>> loss: 0.2613  Mult_acc_2: 0.8370  Mult_acc_3: 0.7822  Mult_acc_5: 0.6009  F1_score: 0.8330  MAE: 0.2549  Corr: 0.8317 
2021-01-28 02:33:37:INFO:VAL-(mfn) >>  Mult_acc_2: 0.7281  Mult_acc_3: 0.6228  Mult_acc_5: 0.3882  F1_score: 0.7223  MAE: 0.4859  Corr: 0.5085  Loss: 0.5116 
2021-01-28 02:33:47:INFO:TRAIN-(mfn) (3/11/1)>> loss: 0.2334  Mult_acc_2: 0.8560  Mult_acc_3: 0.7961  Mult_acc_5: 0.6374  F1_score: 0.8522  MAE: 0.2246  Corr: 0.8607 
2021-01-28 02:33:49:INFO:VAL-(mfn) >>  Mult_acc_2: 0.7061  Mult_acc_3: 0.6140  Mult_acc_5: 0.3969  F1_score: 0.6999  MAE: 0.4695  Corr: 0.5124  Loss: 0.4614 
2021-01-28 02:33:57:INFO:TRAIN-(mfn) (1/12/1)>> loss: 0.2167  Mult_acc_2: 0.8560  Mult_acc_3: 0.8099  Mult_acc_5: 0.6659  F1_score: 0.8525  MAE: 0.2078  Corr: 0.8781 
2021-01-28 02:33:59:INFO:VAL-(mfn) >>  Mult_acc_2: 0.6908  Mult_acc_3: 0.5855  Mult_acc_5: 0.3662  F1_score: 0.6816  MAE: 0.4621  Corr: 0.5145  Loss: 0.4623 
2021-01-28 02:34:08:INFO:TRAIN-(mfn) (2/13/1)>> loss: 0.2088  Mult_acc_2: 0.8692  Mult_acc_3: 0.8165  Mult_acc_5: 0.6937  F1_score: 0.8659  MAE: 0.1986  Corr: 0.8902 
2021-01-28 02:34:10:INFO:VAL-(mfn) >>  Mult_acc_2: 0.7149  Mult_acc_3: 0.6382  Mult_acc_5: 0.4145  F1_score: 0.7081  MAE: 0.4831  Corr: 0.5132  Loss: 0.4993 
2021-01-28 02:34:18:INFO:TRAIN-(mfn) (3/14/1)>> loss: 0.1996  Mult_acc_2: 0.8757  Mult_acc_3: 0.8370  Mult_acc_5: 0.7083  F1_score: 0.8729  MAE: 0.1914  Corr: 0.8973 
2021-01-28 02:34:19:INFO:VAL-(mfn) >>  Mult_acc_2: 0.7061  Mult_acc_3: 0.6228  Mult_acc_5: 0.3969  F1_score: 0.7002  MAE: 0.4796  Corr: 0.5130  Loss: 0.4841 
2021-01-28 02:34:27:INFO:TRAIN-(mfn) (4/15/1)>> loss: 0.1680  Mult_acc_2: 0.8808  Mult_acc_3: 0.8363  Mult_acc_5: 0.7398  F1_score: 0.8781  MAE: 0.1608  Corr: 0.9215 
2021-01-28 02:34:28:INFO:VAL-(mfn) >>  Mult_acc_2: 0.6842  Mult_acc_3: 0.5811  Mult_acc_5: 0.3487  F1_score: 0.6737  MAE: 0.4803  Corr: 0.5068  Loss: 0.4846 
2021-01-28 02:34:37:INFO:TRAIN-(mfn) (5/16/1)>> loss: 0.1465  Mult_acc_2: 0.8911  Mult_acc_3: 0.8772  Mult_acc_5: 0.7931  F1_score: 0.8883  MAE: 0.1393  Corr: 0.9357 
2021-01-28 02:34:38:INFO:VAL-(mfn) >>  Mult_acc_2: 0.7171  Mult_acc_3: 0.6162  Mult_acc_5: 0.3640  F1_score: 0.7090  MAE: 0.4685  Corr: 0.5225  Loss: 0.4628 
2021-01-28 02:34:46:INFO:TRAIN-(mfn) (6/17/1)>> loss: 0.1376  Mult_acc_2: 0.9020  Mult_acc_3: 0.8816  Mult_acc_5: 0.8070  F1_score: 0.8997  MAE: 0.1306  Corr: 0.9435 
2021-01-28 02:34:48:INFO:VAL-(mfn) >>  Mult_acc_2: 0.6798  Mult_acc_3: 0.5943  Mult_acc_5: 0.3509  F1_score: 0.6694  MAE: 0.4841  Corr: 0.5067  Loss: 0.4910 
2021-01-28 02:34:56:INFO:TRAIN-(mfn) (7/18/1)>> loss: 0.1398  Mult_acc_2: 0.8955  Mult_acc_3: 0.8882  Mult_acc_5: 0.8034  F1_score: 0.8929  MAE: 0.1310  Corr: 0.9465 
2021-01-28 02:34:57:INFO:VAL-(mfn) >>  Mult_acc_2: 0.6820  Mult_acc_3: 0.5789  Mult_acc_5: 0.3596  F1_score: 0.6713  MAE: 0.4817  Corr: 0.5078  Loss: 0.4660 
2021-01-28 02:35:06:INFO:TRAIN-(mfn) (8/19/1)>> loss: 0.1345  Mult_acc_2: 0.9035  Mult_acc_3: 0.8721  Mult_acc_5: 0.7887  F1_score: 0.9012  MAE: 0.1266  Corr: 0.9520 
2021-01-28 02:35:07:INFO:VAL-(mfn) >>  Mult_acc_2: 0.6732  Mult_acc_3: 0.5833  Mult_acc_5: 0.3311  F1_score: 0.6614  MAE: 0.4918  Corr: 0.4977  Loss: 0.4948 
2021-01-28 02:35:08:INFO:TEST-(mfn) >>  Mult_acc_2: 0.7396  Mult_acc_3: 0.6346  Mult_acc_5: 0.4092  F1_score: 0.7370  MAE: 0.4569  Corr: 0.5291  Loss: 0.4466 
2021-01-28 02:35:08:INFO:Start saving results...
2021-01-28 02:35:08:INFO:Results are saved to results/results/sims-mfn-regression-tune.csv...
2021-01-28 02:35:08:INFO:########################################mfn-(2/50)########################################
2021-01-28 02:35:08:INFO:hidden_dims:(128, 32, 128)
2021-01-28 02:35:08:INFO:memsize:400
2021-01-28 02:35:08:INFO:windowsize:2
2021-01-28 02:35:08:INFO:NN1Config:{'drop': 0.7, 'shapes': 64}
2021-01-28 02:35:08:INFO:NN2Config:{'drop': 0.5, 'shapes': 256}
2021-01-28 02:35:08:INFO:gamma1Config:{'drop': 0.0, 'shapes': 256}
2021-01-28 02:35:08:INFO:gamma2Config:{'drop': 0.0, 'shapes': 256}
2021-01-28 02:35:08:INFO:outConfig:{'drop': 0.0, 'shapes': 256}
2021-01-28 02:35:08:INFO:batch_size:32
2021-01-28 02:35:08:INFO:learning_rate:0.001
2021-01-28 02:35:08:INFO:##########################################################################################
2021-01-28 02:35:08:INFO:Start running mfn...
2021-01-28 02:35:08:INFO:Let's use 1 GPUs!
2021-01-28 02:35:10:INFO:train samples: (1368,)
2021-01-28 02:35:11:INFO:valid samples: (456,)
2021-01-28 02:35:12:INFO:test samples: (457,)
2021-01-28 02:35:12:INFO:The model has 2105265 trainable parameters
2021-01-28 02:35:19:INFO:TRAIN-(mfn) (1/1/1)>> loss: 0.5362  Mult_acc_2: 0.7039  Mult_acc_3: 0.5161  Mult_acc_5: 0.2588  F1_score: 0.7194  MAE: 0.5344  Corr: 0.3423 
2021-01-28 02:35:20:INFO:VAL-(mfn) >>  Mult_acc_2: 0.7193  Mult_acc_3: 0.5680  Mult_acc_5: 0.2763  F1_score: 0.7619  MAE: 0.5076  Corr: 0.4579  Loss: 0.5065 
2021-01-28 02:35:28:INFO:TRAIN-(mfn) (1/2/1)>> loss: 0.4375  Mult_acc_2: 0.7463  Mult_acc_3: 0.6506  Mult_acc_5: 0.3662  F1_score: 0.7441  MAE: 0.4340  Corr: 0.6001 
2021-01-28 02:35:29:INFO:VAL-(mfn) >>  Mult_acc_2: 0.7325  Mult_acc_3: 0.6140  Mult_acc_5: 0.3509  F1_score: 0.7286  MAE: 0.4753  Corr: 0.5012  Loss: 0.4815 
2021-01-28 02:35:37:INFO:TRAIN-(mfn) (1/3/1)>> loss: 0.3978  Mult_acc_2: 0.7661  Mult_acc_3: 0.6806  Mult_acc_5: 0.4232  F1_score: 0.7628  MAE: 0.3919  Corr: 0.6533 
2021-01-28 02:35:38:INFO:VAL-(mfn) >>  Mult_acc_2: 0.7412  Mult_acc_3: 0.6272  Mult_acc_5: 0.3596  F1_score: 0.7418  MAE: 0.4613  Corr: 0.5156  Loss: 0.4663 
2021-01-28 02:35:46:INFO:TRAIN-(mfn) (1/4/1)>> loss: 0.3292  Mult_acc_2: 0.8107  Mult_acc_3: 0.7266  Mult_acc_5: 0.5124  F1_score: 0.8074  MAE: 0.3238  Corr: 0.7484 
2021-01-28 02:37:50:INFO:Find gpu: 0, with memory: 11337728 left!
2021-01-28 02:37:50:INFO:########################################mfn-(1/50)########################################
2021-01-28 02:37:50:INFO:hidden_dims:(128, 16, 128)
2021-01-28 02:37:50:INFO:memsize:256
2021-01-28 02:37:50:INFO:windowsize:2
2021-01-28 02:37:50:INFO:NN1Config:{'drop': 0.5, 'shapes': 64}
2021-01-28 02:37:50:INFO:NN2Config:{'drop': 0.2, 'shapes': 256}
2021-01-28 02:37:50:INFO:gamma1Config:{'drop': 0.0, 'shapes': 32}
2021-01-28 02:37:50:INFO:gamma2Config:{'drop': 0.0, 'shapes': 64}
2021-01-28 02:37:50:INFO:outConfig:{'drop': 0.5, 'shapes': 256}
2021-01-28 02:37:50:INFO:batch_size:64
2021-01-28 02:37:50:INFO:learning_rate:0.005
2021-01-28 02:37:50:INFO:##########################################################################################
2021-01-28 02:37:50:INFO:Start running mfn...
2021-01-28 02:37:50:INFO:Let's use 1 GPUs!
2021-01-28 02:37:51:INFO:train samples: (1368,)
2021-01-28 02:37:52:INFO:valid samples: (456,)
2021-01-28 02:37:54:INFO:test samples: (457,)
2021-01-28 02:37:56:INFO:The model has 1405825 trainable parameters
2021-01-28 02:38:00:INFO:TRAIN-(mfn) (1/1/1)>> loss: 0.5735  Mult_acc_2: 0.6637  Mult_acc_3: 0.5037  Mult_acc_5: 0.2434  F1_score: 0.6885  MAE: 0.5727  Corr: 0.2006 
2021-01-28 02:38:01:INFO:VAL-(mfn) >>  Mult_acc_2: 0.5768  Mult_acc_3: 0.4123  Mult_acc_5: 0.1711  F1_score: 0.5607  MAE: 0.5714  Corr: 0.3846  Loss: 0.5491 
2021-01-28 02:38:05:INFO:TRAIN-(mfn) (1/2/1)>> loss: 0.5080  Mult_acc_2: 0.6915  Mult_acc_3: 0.5585  Mult_acc_5: 0.2836  F1_score: 0.6887  MAE: 0.5038  Corr: 0.4326 
2021-01-28 02:38:06:INFO:VAL-(mfn) >>  Mult_acc_2: 0.6535  Mult_acc_3: 0.5307  Mult_acc_5: 0.2325  F1_score: 0.6448  MAE: 0.5179  Corr: 0.4380  Loss: 0.4872 
2021-01-28 02:38:10:INFO:TRAIN-(mfn) (1/3/1)>> loss: 0.4572  Mult_acc_2: 0.7478  Mult_acc_3: 0.6462  Mult_acc_5: 0.3443  F1_score: 0.7464  MAE: 0.4519  Corr: 0.5512 
2021-01-28 02:38:10:INFO:VAL-(mfn) >>  Mult_acc_2: 0.7061  Mult_acc_3: 0.6118  Mult_acc_5: 0.3618  F1_score: 0.7067  MAE: 0.4801  Corr: 0.4898  Loss: 0.4838 
2021-01-28 02:38:14:INFO:TRAIN-(mfn) (1/4/1)>> loss: 0.4165  Mult_acc_2: 0.7756  Mult_acc_3: 0.6652  Mult_acc_5: 0.3823  F1_score: 0.7722  MAE: 0.4097  Corr: 0.6394 
2021-01-28 02:38:15:INFO:VAL-(mfn) >>  Mult_acc_2: 0.7390  Mult_acc_3: 0.6184  Mult_acc_5: 0.3618  F1_score: 0.7510  MAE: 0.4854  Corr: 0.4896  Loss: 0.4835 
2021-01-28 02:38:20:INFO:TRAIN-(mfn) (1/5/1)>> loss: 0.3903  Mult_acc_2: 0.7924  Mult_acc_3: 0.6944  Mult_acc_5: 0.4357  F1_score: 0.7910  MAE: 0.3790  Corr: 0.6792 
2021-01-28 02:38:21:INFO:VAL-(mfn) >>  Mult_acc_2: 0.6711  Mult_acc_3: 0.6075  Mult_acc_5: 0.3838  F1_score: 0.6608  MAE: 0.4786  Corr: 0.5115  Loss: 0.4683 
2021-01-28 02:38:26:INFO:TRAIN-(mfn) (1/6/1)>> loss: 0.3560  Mult_acc_2: 0.8077  Mult_acc_3: 0.7273  Mult_acc_5: 0.4737  F1_score: 0.8048  MAE: 0.3395  Corr: 0.7413 
2021-01-28 02:38:26:INFO:VAL-(mfn) >>  Mult_acc_2: 0.6996  Mult_acc_3: 0.5877  Mult_acc_5: 0.3180  F1_score: 0.6890  MAE: 0.4968  Corr: 0.5161  Loss: 0.5057 
2021-01-28 02:38:31:INFO:TRAIN-(mfn) (2/7/1)>> loss: 0.3499  Mult_acc_2: 0.8136  Mult_acc_3: 0.7383  Mult_acc_5: 0.4868  F1_score: 0.8104  MAE: 0.3357  Corr: 0.7380 
2021-01-28 02:38:32:INFO:VAL-(mfn) >>  Mult_acc_2: 0.6404  Mult_acc_3: 0.5702  Mult_acc_5: 0.3114  F1_score: 0.6263  MAE: 0.4966  Corr: 0.5170  Loss: 0.5138 
2021-01-28 02:38:37:INFO:TRAIN-(mfn) (3/8/1)>> loss: 0.3184  Mult_acc_2: 0.8450  Mult_acc_3: 0.7646  Mult_acc_5: 0.5322  F1_score: 0.8429  MAE: 0.2995  Corr: 0.7878 
2021-01-28 02:38:38:INFO:VAL-(mfn) >>  Mult_acc_2: 0.6645  Mult_acc_3: 0.5811  Mult_acc_5: 0.3640  F1_score: 0.6529  MAE: 0.4846  Corr: 0.5124  Loss: 0.5042 
2021-01-28 02:38:44:INFO:TRAIN-(mfn) (4/9/1)>> loss: 0.3002  Mult_acc_2: 0.8392  Mult_acc_3: 0.7756  Mult_acc_5: 0.5402  F1_score: 0.8366  MAE: 0.2826  Corr: 0.8156 
2021-01-28 02:38:46:INFO:VAL-(mfn) >>  Mult_acc_2: 0.6798  Mult_acc_3: 0.6096  Mult_acc_5: 0.3640  F1_score: 0.6680  MAE: 0.4907  Corr: 0.5196  Loss: 0.5062 
2021-01-28 02:38:53:INFO:TRAIN-(mfn) (5/10/1)>> loss: 0.2858  Mult_acc_2: 0.8545  Mult_acc_3: 0.7887  Mult_acc_5: 0.5636  F1_score: 0.8522  MAE: 0.2685  Corr: 0.8319 
2021-01-28 02:38:55:INFO:VAL-(mfn) >>  Mult_acc_2: 0.7171  Mult_acc_3: 0.6184  Mult_acc_5: 0.3794  F1_score: 0.7120  MAE: 0.4727  Corr: 0.5001  Loss: 0.4952 
2021-01-28 02:39:02:INFO:TRAIN-(mfn) (6/11/1)>> loss: 0.2740  Mult_acc_2: 0.8699  Mult_acc_3: 0.8012  Mult_acc_5: 0.5855  F1_score: 0.8675  MAE: 0.2532  Corr: 0.8539 
2021-01-28 02:39:02:INFO:VAL-(mfn) >>  Mult_acc_2: 0.7149  Mult_acc_3: 0.6096  Mult_acc_5: 0.3750  F1_score: 0.7100  MAE: 0.4789  Corr: 0.4954  Loss: 0.4647 
2021-01-28 02:39:06:INFO:TRAIN-(mfn) (1/12/1)>> loss: 0.2776  Mult_acc_2: 0.8501  Mult_acc_3: 0.7953  Mult_acc_5: 0.5775  F1_score: 0.8467  MAE: 0.2554  Corr: 0.8491 
2021-01-28 02:39:06:INFO:VAL-(mfn) >>  Mult_acc_2: 0.7390  Mult_acc_3: 0.6228  Mult_acc_5: 0.3596  F1_score: 0.7393  MAE: 0.4697  Corr: 0.4920  Loss: 0.4912 
2021-01-28 02:39:11:INFO:TRAIN-(mfn) (2/13/1)>> loss: 0.2521  Mult_acc_2: 0.8911  Mult_acc_3: 0.8231  Mult_acc_5: 0.5980  F1_score: 0.8897  MAE: 0.2314  Corr: 0.8784 
2021-01-28 02:39:12:INFO:VAL-(mfn) >>  Mult_acc_2: 0.6754  Mult_acc_3: 0.5987  Mult_acc_5: 0.3575  F1_score: 0.6666  MAE: 0.4850  Corr: 0.4732  Loss: 0.5189 
2021-01-28 02:39:17:INFO:TRAIN-(mfn) (3/14/1)>> loss: 0.2315  Mult_acc_2: 0.8728  Mult_acc_3: 0.8304  Mult_acc_5: 0.6272  F1_score: 0.8699  MAE: 0.2100  Corr: 0.8955 
2021-01-28 02:39:18:INFO:VAL-(mfn) >>  Mult_acc_2: 0.6908  Mult_acc_3: 0.5811  Mult_acc_5: 0.3268  F1_score: 0.6813  MAE: 0.4857  Corr: 0.5012  Loss: 0.4713 
2021-01-28 02:39:23:INFO:TRAIN-(mfn) (4/15/1)>> loss: 0.2261  Mult_acc_2: 0.8845  Mult_acc_3: 0.8385  Mult_acc_5: 0.6506  F1_score: 0.8822  MAE: 0.2046  Corr: 0.9004 
2021-01-28 02:39:23:INFO:VAL-(mfn) >>  Mult_acc_2: 0.7061  Mult_acc_3: 0.6053  Mult_acc_5: 0.3553  F1_score: 0.6981  MAE: 0.4767  Corr: 0.5047  Loss: 0.4654 
2021-01-28 02:39:27:INFO:TRAIN-(mfn) (5/16/1)>> loss: 0.2256  Mult_acc_2: 0.8940  Mult_acc_3: 0.8377  Mult_acc_5: 0.6360  F1_score: 0.8922  MAE: 0.2010  Corr: 0.9070 
2021-01-28 02:39:28:INFO:VAL-(mfn) >>  Mult_acc_2: 0.6864  Mult_acc_3: 0.6096  Mult_acc_5: 0.3553  F1_score: 0.6758  MAE: 0.4747  Corr: 0.5176  Loss: 0.4869 
2021-01-28 02:39:31:INFO:TRAIN-(mfn) (6/17/1)>> loss: 0.2172  Mult_acc_2: 0.9006  Mult_acc_3: 0.8640  Mult_acc_5: 0.6572  F1_score: 0.8990  MAE: 0.2014  Corr: 0.9118 
2021-01-28 02:39:32:INFO:VAL-(mfn) >>  Mult_acc_2: 0.6425  Mult_acc_3: 0.5614  Mult_acc_5: 0.3224  F1_score: 0.6284  MAE: 0.5140  Corr: 0.4955  Loss: 0.5078 
2021-01-28 02:39:36:INFO:TRAIN-(mfn) (7/18/1)>> loss: 0.1983  Mult_acc_2: 0.9013  Mult_acc_3: 0.8713  Mult_acc_5: 0.6915  F1_score: 0.8991  MAE: 0.1722  Corr: 0.9277 
2021-01-28 02:39:37:INFO:VAL-(mfn) >>  Mult_acc_2: 0.7039  Mult_acc_3: 0.6096  Mult_acc_5: 0.3706  F1_score: 0.6991  MAE: 0.4732  Corr: 0.4993  Loss: 0.4971 
2021-01-28 02:39:41:INFO:TRAIN-(mfn) (8/19/1)>> loss: 0.1945  Mult_acc_2: 0.9028  Mult_acc_3: 0.8750  Mult_acc_5: 0.7010  F1_score: 0.9005  MAE: 0.1740  Corr: 0.9311 
2021-01-28 02:39:42:INFO:VAL-(mfn) >>  Mult_acc_2: 0.6952  Mult_acc_3: 0.6031  Mult_acc_5: 0.3947  F1_score: 0.6877  MAE: 0.4791  Corr: 0.5137  Loss: 0.5026 
2021-01-28 02:39:43:INFO:TEST-(mfn) >>  Mult_acc_2: 0.7549  Mult_acc_3: 0.6521  Mult_acc_5: 0.4048  F1_score: 0.7549  MAE: 0.4445  Corr: 0.5499  Loss: 0.4309 
2021-01-28 02:39:43:INFO:Start saving results...
2021-01-28 02:39:43:INFO:Results are saved to results/results/sims-mfn-regression-tune.csv...
2021-01-28 02:39:43:INFO:########################################mfn-(2/50)########################################
2021-01-28 02:39:43:INFO:hidden_dims:(64, 32, 64)
2021-01-28 02:39:43:INFO:memsize:300
2021-01-28 02:39:43:INFO:windowsize:2
2021-01-28 02:39:43:INFO:NN1Config:{'drop': 0.5, 'shapes': 64}
2021-01-28 02:39:43:INFO:NN2Config:{'drop': 0.2, 'shapes': 256}
2021-01-28 02:39:43:INFO:gamma1Config:{'drop': 0.2, 'shapes': 64}
2021-01-28 02:39:43:INFO:gamma2Config:{'drop': 0.5, 'shapes': 256}
2021-01-28 02:39:43:INFO:outConfig:{'drop': 0.7, 'shapes': 128}
2021-01-28 02:39:43:INFO:batch_size:128
2021-01-28 02:39:43:INFO:learning_rate:0.002
2021-01-28 02:39:43:INFO:##########################################################################################
2021-01-28 02:39:43:INFO:Start running mfn...
2021-01-28 02:39:43:INFO:Let's use 1 GPUs!
2021-01-28 02:39:44:INFO:train samples: (1368,)
2021-01-28 02:39:45:INFO:valid samples: (456,)
2021-01-28 02:39:46:INFO:test samples: (457,)
2021-01-28 02:39:47:INFO:The model has 975557 trainable parameters
2021-01-28 02:39:48:INFO:TRAIN-(mfn) (1/1/1)>> loss: 0.5880  Mult_acc_2: 0.6732  Mult_acc_3: 0.4839  Mult_acc_5: 0.2156  F1_score: 0.7338  MAE: 0.5893  Corr: 0.0903 
2021-01-28 02:39:49:INFO:VAL-(mfn) >>  Mult_acc_2: 0.6996  Mult_acc_3: 0.5110  Mult_acc_5: 0.2083  F1_score: 0.7719  MAE: 0.5584  Corr: 0.3034  Loss: 0.5629 
2021-01-28 02:39:52:INFO:TRAIN-(mfn) (1/2/1)>> loss: 0.5159  Mult_acc_2: 0.7003  Mult_acc_3: 0.5643  Mult_acc_5: 0.2719  F1_score: 0.7118  MAE: 0.5144  Corr: 0.4078 
2021-01-28 02:39:52:INFO:VAL-(mfn) >>  Mult_acc_2: 0.6842  Mult_acc_3: 0.5592  Mult_acc_5: 0.3158  F1_score: 0.6862  MAE: 0.4953  Corr: 0.4573  Loss: 0.4909 
2021-01-28 02:39:55:INFO:TRAIN-(mfn) (1/3/1)>> loss: 0.4898  Mult_acc_2: 0.7193  Mult_acc_3: 0.5994  Mult_acc_5: 0.3216  F1_score: 0.7180  MAE: 0.4822  Corr: 0.4810 
2021-01-28 02:39:56:INFO:VAL-(mfn) >>  Mult_acc_2: 0.7193  Mult_acc_3: 0.5614  Mult_acc_5: 0.2588  F1_score: 0.7274  MAE: 0.4996  Corr: 0.4702  Loss: 0.4975 
2021-01-28 02:39:58:INFO:TRAIN-(mfn) (2/4/1)>> loss: 0.4563  Mult_acc_2: 0.7529  Mult_acc_3: 0.6418  Mult_acc_5: 0.3238  F1_score: 0.7492  MAE: 0.4502  Corr: 0.5744 
2021-01-28 02:39:59:INFO:VAL-(mfn) >>  Mult_acc_2: 0.6952  Mult_acc_3: 0.5768  Mult_acc_5: 0.2675  F1_score: 0.6861  MAE: 0.4917  Corr: 0.5062  Loss: 0.4964 
2021-01-28 02:40:01:INFO:TRAIN-(mfn) (3/5/1)>> loss: 0.4269  Mult_acc_2: 0.7705  Mult_acc_3: 0.6798  Mult_acc_5: 0.3626  F1_score: 0.7672  MAE: 0.4183  Corr: 0.6343 
2021-01-28 02:40:02:INFO:VAL-(mfn) >>  Mult_acc_2: 0.7303  Mult_acc_3: 0.6053  Mult_acc_5: 0.3246  F1_score: 0.7266  MAE: 0.4717  Corr: 0.5256  Loss: 0.4720 
2021-01-28 02:40:05:INFO:TRAIN-(mfn) (1/6/1)>> loss: 0.3968  Mult_acc_2: 0.7968  Mult_acc_3: 0.6981  Mult_acc_5: 0.3947  F1_score: 0.7939  MAE: 0.3878  Corr: 0.6827 
2021-01-28 02:40:06:INFO:VAL-(mfn) >>  Mult_acc_2: 0.7149  Mult_acc_3: 0.6009  Mult_acc_5: 0.3048  F1_score: 0.7081  MAE: 0.4753  Corr: 0.5222  Loss: 0.4848 
2021-01-28 02:40:08:INFO:TRAIN-(mfn) (2/7/1)>> loss: 0.3573  Mult_acc_2: 0.8114  Mult_acc_3: 0.7273  Mult_acc_5: 0.4693  F1_score: 0.8079  MAE: 0.3412  Corr: 0.7351 
2021-01-28 02:40:08:INFO:VAL-(mfn) >>  Mult_acc_2: 0.6996  Mult_acc_3: 0.6096  Mult_acc_5: 0.3289  F1_score: 0.6899  MAE: 0.4885  Corr: 0.5140  Loss: 0.4889 
2021-01-28 02:40:11:INFO:TRAIN-(mfn) (3/8/1)>> loss: 0.3468  Mult_acc_2: 0.8165  Mult_acc_3: 0.7354  Mult_acc_5: 0.4635  F1_score: 0.8141  MAE: 0.3329  Corr: 0.7521 
2021-01-28 02:40:13:INFO:VAL-(mfn) >>  Mult_acc_2: 0.7127  Mult_acc_3: 0.6009  Mult_acc_5: 0.3443  F1_score: 0.7054  MAE: 0.4721  Corr: 0.5210  Loss: 0.4755 
2021-01-28 02:40:16:INFO:TRAIN-(mfn) (4/9/1)>> loss: 0.3235  Mult_acc_2: 0.8414  Mult_acc_3: 0.7668  Mult_acc_5: 0.4949  F1_score: 0.8387  MAE: 0.3051  Corr: 0.7880 
2021-01-28 02:40:18:INFO:VAL-(mfn) >>  Mult_acc_2: 0.7412  Mult_acc_3: 0.6250  Mult_acc_5: 0.3706  F1_score: 0.7388  MAE: 0.4702  Corr: 0.5211  Loss: 0.4720 
2021-01-28 02:40:20:INFO:TRAIN-(mfn) (1/10/1)>> loss: 0.3060  Mult_acc_2: 0.8560  Mult_acc_3: 0.7858  Mult_acc_5: 0.5314  F1_score: 0.8537  MAE: 0.2845  Corr: 0.8162 
2021-01-28 02:40:21:INFO:VAL-(mfn) >>  Mult_acc_2: 0.6469  Mult_acc_3: 0.5746  Mult_acc_5: 0.3202  F1_score: 0.6333  MAE: 0.5215  Corr: 0.5233  Loss: 0.5321 
2021-01-28 02:40:25:INFO:TRAIN-(mfn) (2/11/1)>> loss: 0.3116  Mult_acc_2: 0.8297  Mult_acc_3: 0.7814  Mult_acc_5: 0.5051  F1_score: 0.8252  MAE: 0.2918  Corr: 0.8145 
2021-01-28 02:40:25:INFO:VAL-(mfn) >>  Mult_acc_2: 0.7259  Mult_acc_3: 0.6009  Mult_acc_5: 0.3443  F1_score: 0.7240  MAE: 0.4641  Corr: 0.5298  Loss: 0.4679 
2021-01-28 02:40:27:INFO:TRAIN-(mfn) (1/12/1)>> loss: 0.2914  Mult_acc_2: 0.8582  Mult_acc_3: 0.7909  Mult_acc_5: 0.5351  F1_score: 0.8554  MAE: 0.2686  Corr: 0.8347 
2021-01-28 02:40:28:INFO:VAL-(mfn) >>  Mult_acc_2: 0.6754  Mult_acc_3: 0.5724  Mult_acc_5: 0.2939  F1_score: 0.6628  MAE: 0.5059  Corr: 0.5045  Loss: 0.4997 
2021-01-28 02:40:32:INFO:TRAIN-(mfn) (2/13/1)>> loss: 0.2742  Mult_acc_2: 0.8713  Mult_acc_3: 0.8129  Mult_acc_5: 0.5680  F1_score: 0.8688  MAE: 0.2501  Corr: 0.8598 
2021-01-28 02:40:33:INFO:VAL-(mfn) >>  Mult_acc_2: 0.7412  Mult_acc_3: 0.6162  Mult_acc_5: 0.3728  F1_score: 0.7429  MAE: 0.4622  Corr: 0.5319  Loss: 0.4683 
2021-01-28 02:40:36:INFO:TRAIN-(mfn) (3/14/1)>> loss: 0.2526  Mult_acc_2: 0.8801  Mult_acc_3: 0.8326  Mult_acc_5: 0.6082  F1_score: 0.8772  MAE: 0.2319  Corr: 0.8755 
2021-01-28 02:40:38:INFO:VAL-(mfn) >>  Mult_acc_2: 0.6820  Mult_acc_3: 0.5789  Mult_acc_5: 0.3311  F1_score: 0.6703  MAE: 0.4889  Corr: 0.5158  Loss: 0.4936 
2021-01-28 02:40:41:INFO:TRAIN-(mfn) (4/15/1)>> loss: 0.2469  Mult_acc_2: 0.8735  Mult_acc_3: 0.8275  Mult_acc_5: 0.6301  F1_score: 0.8704  MAE: 0.2187  Corr: 0.8884 
2021-01-28 02:40:42:INFO:VAL-(mfn) >>  Mult_acc_2: 0.7544  Mult_acc_3: 0.6162  Mult_acc_5: 0.3465  F1_score: 0.7549  MAE: 0.4643  Corr: 0.5234  Loss: 0.4689 
2021-01-28 02:40:45:INFO:TRAIN-(mfn) (5/16/1)>> loss: 0.2428  Mult_acc_2: 0.8823  Mult_acc_3: 0.8399  Mult_acc_5: 0.6265  F1_score: 0.8796  MAE: 0.2122  Corr: 0.8976 
2021-01-28 02:40:45:INFO:VAL-(mfn) >>  Mult_acc_2: 0.6776  Mult_acc_3: 0.5899  Mult_acc_5: 0.3158  F1_score: 0.6653  MAE: 0.4848  Corr: 0.5372  Loss: 0.4998 
2021-01-28 02:40:47:INFO:TRAIN-(mfn) (6/17/1)>> loss: 0.2246  Mult_acc_2: 0.8911  Mult_acc_3: 0.8582  Mult_acc_5: 0.6491  F1_score: 0.8885  MAE: 0.1982  Corr: 0.9105 
2021-01-28 02:40:47:INFO:VAL-(mfn) >>  Mult_acc_2: 0.7061  Mult_acc_3: 0.6206  Mult_acc_5: 0.3443  F1_score: 0.6981  MAE: 0.4699  Corr: 0.5378  Loss: 0.4788 
2021-01-28 02:40:49:INFO:TRAIN-(mfn) (7/18/1)>> loss: 0.2126  Mult_acc_2: 0.8999  Mult_acc_3: 0.8721  Mult_acc_5: 0.6696  F1_score: 0.8978  MAE: 0.1893  Corr: 0.9186 
2021-01-28 02:40:49:INFO:VAL-(mfn) >>  Mult_acc_2: 0.7039  Mult_acc_3: 0.5965  Mult_acc_5: 0.3465  F1_score: 0.6949  MAE: 0.4760  Corr: 0.5189  Loss: 0.4761 
2021-01-28 02:40:52:INFO:TRAIN-(mfn) (8/19/1)>> loss: 0.2042  Mult_acc_2: 0.8823  Mult_acc_3: 0.8772  Mult_acc_5: 0.6871  F1_score: 0.8791  MAE: 0.1780  Corr: 0.9245 
2021-01-28 02:40:52:INFO:VAL-(mfn) >>  Mult_acc_2: 0.7149  Mult_acc_3: 0.6031  Mult_acc_5: 0.3355  F1_score: 0.7085  MAE: 0.4673  Corr: 0.5312  Loss: 0.4697 
2021-01-28 02:40:53:INFO:TEST-(mfn) >>  Mult_acc_2: 0.7834  Mult_acc_3: 0.6696  Mult_acc_5: 0.4114  F1_score: 0.7845  MAE: 0.4293  Corr: 0.5887  Loss: 0.4347 
2021-01-28 02:40:53:INFO:Start saving results...
2021-01-28 02:40:53:INFO:Results are saved to results/results/sims-mfn-regression-tune.csv...
2021-01-28 02:40:53:INFO:########################################mfn-(3/50)########################################
2021-01-28 02:40:53:INFO:hidden_dims:(128, 16, 128)
2021-01-28 02:40:53:INFO:memsize:300
2021-01-28 02:40:53:INFO:windowsize:2
2021-01-28 02:40:53:INFO:NN1Config:{'drop': 0.0, 'shapes': 32}
2021-01-28 02:40:53:INFO:NN2Config:{'drop': 0.7, 'shapes': 256}
2021-01-28 02:40:53:INFO:gamma1Config:{'drop': 0.5, 'shapes': 256}
2021-01-28 02:40:53:INFO:gamma2Config:{'drop': 0.2, 'shapes': 32}
2021-01-28 02:40:53:INFO:outConfig:{'drop': 0.5, 'shapes': 64}
2021-01-28 02:40:53:INFO:batch_size:64
2021-01-28 02:40:53:INFO:learning_rate:0.0005
2021-01-28 02:40:53:INFO:##########################################################################################
2021-01-28 02:40:53:INFO:Start running mfn...
2021-01-28 02:40:53:INFO:Let's use 1 GPUs!
2021-01-28 02:40:54:INFO:train samples: (1368,)
2021-01-28 02:40:55:INFO:valid samples: (456,)
2021-01-28 02:40:56:INFO:test samples: (457,)
2021-01-28 02:40:57:INFO:The model has 1511717 trainable parameters
2021-01-28 02:41:00:INFO:TRAIN-(mfn) (1/1/1)>> loss: 0.5911  Mult_acc_2: 0.6425  Mult_acc_3: 0.4379  Mult_acc_5: 0.1981  F1_score: 0.6795  MAE: 0.5926  Corr: 0.0856 
2021-01-28 02:41:01:INFO:VAL-(mfn) >>  Mult_acc_2: 0.6930  Mult_acc_3: 0.4561  Mult_acc_5: 0.1996  F1_score: 0.7474  MAE: 0.5722  Corr: 0.2777  Loss: 0.5974 
2021-01-28 02:41:05:INFO:TRAIN-(mfn) (1/2/1)>> loss: 0.5350  Mult_acc_2: 0.6740  Mult_acc_3: 0.5197  Mult_acc_5: 0.2325  F1_score: 0.6912  MAE: 0.5398  Corr: 0.3429 
2021-01-28 02:41:06:INFO:VAL-(mfn) >>  Mult_acc_2: 0.6513  Mult_acc_3: 0.5066  Mult_acc_5: 0.2346  F1_score: 0.6503  MAE: 0.5171  Corr: 0.4126  Loss: 0.5183 
2021-01-28 02:41:10:INFO:TRAIN-(mfn) (1/3/1)>> loss: 0.4739  Mult_acc_2: 0.7361  Mult_acc_3: 0.6096  Mult_acc_5: 0.3216  F1_score: 0.7405  MAE: 0.4710  Corr: 0.5196 
2021-01-28 02:41:10:INFO:VAL-(mfn) >>  Mult_acc_2: 0.6908  Mult_acc_3: 0.5789  Mult_acc_5: 0.3070  F1_score: 0.6861  MAE: 0.4944  Corr: 0.4679  Loss: 0.5168 
2021-01-28 02:41:14:INFO:TRAIN-(mfn) (1/4/1)>> loss: 0.4400  Mult_acc_2: 0.7485  Mult_acc_3: 0.6608  Mult_acc_5: 0.3385  F1_score: 0.7450  MAE: 0.4350  Corr: 0.5989 
2021-01-28 02:41:15:INFO:VAL-(mfn) >>  Mult_acc_2: 0.7566  Mult_acc_3: 0.6294  Mult_acc_5: 0.3443  F1_score: 0.7647  MAE: 0.4776  Corr: 0.5122  Loss: 0.4680 
2021-01-28 02:41:19:INFO:TRAIN-(mfn) (1/5/1)>> loss: 0.4085  Mult_acc_2: 0.7822  Mult_acc_3: 0.6988  Mult_acc_5: 0.3765  F1_score: 0.7781  MAE: 0.4051  Corr: 0.6526 
2021-01-28 02:41:20:INFO:VAL-(mfn) >>  Mult_acc_2: 0.7412  Mult_acc_3: 0.6228  Mult_acc_5: 0.3706  F1_score: 0.7384  MAE: 0.4696  Corr: 0.5142  Loss: 0.4527 
2021-01-28 02:41:24:INFO:TRAIN-(mfn) (1/6/1)>> loss: 0.4240  Mult_acc_2: 0.7690  Mult_acc_3: 0.6827  Mult_acc_5: 0.4020  F1_score: 0.7669  MAE: 0.4101  Corr: 0.6291 
2021-01-28 02:41:24:INFO:VAL-(mfn) >>  Mult_acc_2: 0.6864  Mult_acc_3: 0.5855  Mult_acc_5: 0.2500  F1_score: 0.6747  MAE: 0.4955  Corr: 0.5262  Loss: 0.4825 
2021-01-28 02:41:28:INFO:TRAIN-(mfn) (2/7/1)>> loss: 0.3775  Mult_acc_2: 0.8048  Mult_acc_3: 0.7186  Mult_acc_5: 0.4335  F1_score: 0.8019  MAE: 0.3683  Corr: 0.6922 
2021-01-28 02:41:29:INFO:VAL-(mfn) >>  Mult_acc_2: 0.7368  Mult_acc_3: 0.6316  Mult_acc_5: 0.3509  F1_score: 0.7348  MAE: 0.4701  Corr: 0.5215  Loss: 0.4838 
2021-01-28 02:41:33:INFO:TRAIN-(mfn) (3/8/1)>> loss: 0.3542  Mult_acc_2: 0.8231  Mult_acc_3: 0.7463  Mult_acc_5: 0.4671  F1_score: 0.8215  MAE: 0.3425  Corr: 0.7366 
2021-01-28 02:41:34:INFO:VAL-(mfn) >>  Mult_acc_2: 0.7325  Mult_acc_3: 0.6228  Mult_acc_5: 0.3618  F1_score: 0.7242  MAE: 0.4658  Corr: 0.5448  Loss: 0.5132 
2021-01-28 02:41:37:INFO:TRAIN-(mfn) (4/9/1)>> loss: 0.3332  Mult_acc_2: 0.8180  Mult_acc_3: 0.7610  Mult_acc_5: 0.4942  F1_score: 0.8146  MAE: 0.3181  Corr: 0.7684 
2021-01-28 02:41:38:INFO:VAL-(mfn) >>  Mult_acc_2: 0.7500  Mult_acc_3: 0.6294  Mult_acc_5: 0.3772  F1_score: 0.7500  MAE: 0.4563  Corr: 0.5398  Loss: 0.4672 
2021-01-28 02:41:42:INFO:TRAIN-(mfn) (5/10/1)>> loss: 0.3277  Mult_acc_2: 0.8377  Mult_acc_3: 0.7661  Mult_acc_5: 0.5066  F1_score: 0.8349  MAE: 0.3110  Corr: 0.7732 
2021-01-28 02:41:43:INFO:VAL-(mfn) >>  Mult_acc_2: 0.7149  Mult_acc_3: 0.6075  Mult_acc_5: 0.3399  F1_score: 0.7061  MAE: 0.4711  Corr: 0.5304  Loss: 0.4605 
2021-01-28 02:41:49:INFO:TRAIN-(mfn) (6/11/1)>> loss: 0.2898  Mult_acc_2: 0.8560  Mult_acc_3: 0.8019  Mult_acc_5: 0.5592  F1_score: 0.8534  MAE: 0.2722  Corr: 0.8194 
2021-01-28 02:41:50:INFO:VAL-(mfn) >>  Mult_acc_2: 0.7018  Mult_acc_3: 0.6162  Mult_acc_5: 0.3575  F1_score: 0.6918  MAE: 0.4798  Corr: 0.5330  Loss: 0.4795 
2021-01-28 02:41:55:INFO:TRAIN-(mfn) (7/12/1)>> loss: 0.2881  Mult_acc_2: 0.8553  Mult_acc_3: 0.7836  Mult_acc_5: 0.5380  F1_score: 0.8522  MAE: 0.2714  Corr: 0.8338 
2021-01-28 02:41:56:INFO:VAL-(mfn) >>  Mult_acc_2: 0.7215  Mult_acc_3: 0.6294  Mult_acc_5: 0.3904  F1_score: 0.7125  MAE: 0.4641  Corr: 0.5416  Loss: 0.4802 
2021-01-28 02:42:02:INFO:TRAIN-(mfn) (8/13/1)>> loss: 0.2629  Mult_acc_2: 0.8670  Mult_acc_3: 0.8165  Mult_acc_5: 0.5928  F1_score: 0.8644  MAE: 0.2472  Corr: 0.8546 
2021-01-28 02:42:03:INFO:VAL-(mfn) >>  Mult_acc_2: 0.7039  Mult_acc_3: 0.6140  Mult_acc_5: 0.3684  F1_score: 0.6929  MAE: 0.4818  Corr: 0.5267  Loss: 0.4671 
2021-01-28 02:42:03:INFO:TEST-(mfn) >>  Mult_acc_2: 0.7790  Mult_acc_3: 0.6499  Mult_acc_5: 0.4267  F1_score: 0.7783  MAE: 0.4386  Corr: 0.5677  Loss: 0.4500 
2021-01-28 02:42:03:INFO:Start saving results...
2021-01-28 02:42:03:INFO:Results are saved to results/results/sims-mfn-regression-tune.csv...
2021-01-28 02:42:03:INFO:########################################mfn-(4/50)########################################
2021-01-28 02:42:03:INFO:hidden_dims:(64, 16, 64)
2021-01-28 02:42:03:INFO:memsize:256
2021-01-28 02:42:03:INFO:windowsize:2
2021-01-28 02:42:03:INFO:NN1Config:{'drop': 0.2, 'shapes': 128}
2021-01-28 02:42:03:INFO:NN2Config:{'drop': 0.7, 'shapes': 256}
2021-01-28 02:42:03:INFO:gamma1Config:{'drop': 0.0, 'shapes': 128}
2021-01-28 02:42:03:INFO:gamma2Config:{'drop': 0.2, 'shapes': 256}
2021-01-28 02:42:03:INFO:outConfig:{'drop': 0.0, 'shapes': 32}
2021-01-28 02:42:03:INFO:batch_size:32
2021-01-28 02:42:03:INFO:learning_rate:0.005
2021-01-28 02:42:03:INFO:##########################################################################################
2021-01-28 02:42:03:INFO:Start running mfn...
2021-01-28 02:42:03:INFO:Let's use 1 GPUs!
2021-01-28 02:42:05:INFO:train samples: (1368,)
2021-01-28 02:42:06:INFO:valid samples: (456,)
2021-01-28 02:42:07:INFO:test samples: (457,)
2021-01-28 02:42:07:INFO:The model has 950049 trainable parameters
2021-01-28 02:42:15:INFO:TRAIN-(mfn) (1/1/1)>> loss: 0.5577  Mult_acc_2: 0.6601  Mult_acc_3: 0.5102  Mult_acc_5: 0.2317  F1_score: 0.6849  MAE: 0.5553  Corr: 0.2727 
2021-01-28 02:42:16:INFO:VAL-(mfn) >>  Mult_acc_2: 0.6009  Mult_acc_3: 0.4956  Mult_acc_5: 0.2039  F1_score: 0.5855  MAE: 0.5600  Corr: 0.3975  Loss: 0.5592 
2021-01-28 02:42:24:INFO:TRAIN-(mfn) (1/2/1)>> loss: 0.4780  Mult_acc_2: 0.7135  Mult_acc_3: 0.6016  Mult_acc_5: 0.3538  F1_score: 0.7138  MAE: 0.4771  Corr: 0.4926 
2021-01-28 02:42:25:INFO:VAL-(mfn) >>  Mult_acc_2: 0.7105  Mult_acc_3: 0.5789  Mult_acc_5: 0.3311  F1_score: 0.7511  MAE: 0.5023  Corr: 0.4446  Loss: 0.5000 
2021-01-28 02:42:34:INFO:TRAIN-(mfn) (1/3/1)>> loss: 0.4565  Mult_acc_2: 0.7390  Mult_acc_3: 0.6374  Mult_acc_5: 0.3553  F1_score: 0.7357  MAE: 0.4537  Corr: 0.5462 
2021-01-28 02:42:35:INFO:VAL-(mfn) >>  Mult_acc_2: 0.7018  Mult_acc_3: 0.5921  Mult_acc_5: 0.3575  F1_score: 0.6950  MAE: 0.4865  Corr: 0.4707  Loss: 0.4902 
2021-01-28 02:42:43:INFO:TRAIN-(mfn) (1/4/1)>> loss: 0.4228  Mult_acc_2: 0.7434  Mult_acc_3: 0.6586  Mult_acc_5: 0.4101  F1_score: 0.7384  MAE: 0.4196  Corr: 0.6080 
2021-01-28 02:42:45:INFO:VAL-(mfn) >>  Mult_acc_2: 0.7456  Mult_acc_3: 0.6096  Mult_acc_5: 0.3794  F1_score: 0.7594  MAE: 0.4912  Corr: 0.4838  Loss: 0.4931 
2021-01-28 02:42:55:INFO:TRAIN-(mfn) (2/5/1)>> loss: 0.3946  Mult_acc_2: 0.7654  Mult_acc_3: 0.6740  Mult_acc_5: 0.4291  F1_score: 0.7609  MAE: 0.3915  Corr: 0.6525 
2021-01-28 02:42:57:INFO:VAL-(mfn) >>  Mult_acc_2: 0.6623  Mult_acc_3: 0.5658  Mult_acc_5: 0.3180  F1_score: 0.6493  MAE: 0.4984  Corr: 0.4862  Loss: 0.4928 
2021-01-28 02:43:08:INFO:TRAIN-(mfn) (3/6/1)>> loss: 0.3715  Mult_acc_2: 0.7800  Mult_acc_3: 0.6944  Mult_acc_5: 0.4627  F1_score: 0.7768  MAE: 0.3659  Corr: 0.6852 
2021-01-28 02:43:10:INFO:VAL-(mfn) >>  Mult_acc_2: 0.5965  Mult_acc_3: 0.5351  Mult_acc_5: 0.2807  F1_score: 0.5818  MAE: 0.5413  Corr: 0.4662  Loss: 0.5401 
2021-01-28 02:43:22:INFO:TRAIN-(mfn) (4/7/1)>> loss: 0.3257  Mult_acc_2: 0.8048  Mult_acc_3: 0.7339  Mult_acc_5: 0.5292  F1_score: 0.8011  MAE: 0.3205  Corr: 0.7456 
2021-01-28 02:43:24:INFO:VAL-(mfn) >>  Mult_acc_2: 0.7171  Mult_acc_3: 0.6009  Mult_acc_5: 0.3750  F1_score: 0.7133  MAE: 0.4829  Corr: 0.4935  Loss: 0.5023 
2021-01-28 02:43:34:INFO:TRAIN-(mfn) (5/8/1)>> loss: 0.3117  Mult_acc_2: 0.8173  Mult_acc_3: 0.7507  Mult_acc_5: 0.5534  F1_score: 0.8139  MAE: 0.3034  Corr: 0.7707 
2021-01-28 02:43:37:INFO:VAL-(mfn) >>  Mult_acc_2: 0.6952  Mult_acc_3: 0.5943  Mult_acc_5: 0.3684  F1_score: 0.6881  MAE: 0.5019  Corr: 0.4690  Loss: 0.4963 
2021-01-28 02:45:30:INFO:########################################mfn-(1/50)########################################
2021-01-28 02:45:30:INFO:hidden_dims:(64, 16, 64)
2021-01-28 02:45:30:INFO:memsize:64
2021-01-28 02:45:30:INFO:windowsize:2
2021-01-28 02:45:30:INFO:NN1Config:{'drop': 0.0, 'shapes': 32}
2021-01-28 02:45:30:INFO:NN2Config:{'drop': 0.2, 'shapes': 128}
2021-01-28 02:45:30:INFO:gamma1Config:{'drop': 0.0, 'shapes': 32}
2021-01-28 02:45:30:INFO:gamma2Config:{'drop': 0.2, 'shapes': 64}
2021-01-28 02:45:30:INFO:outConfig:{'drop': 0.7, 'shapes': 32}
2021-01-28 02:45:30:INFO:batch_size:128
2021-01-28 02:45:30:INFO:learning_rate:0.001
2021-01-28 02:45:30:INFO:##########################################################################################
2021-01-28 02:45:30:INFO:Start running mfn...
2021-01-28 02:45:30:INFO:Find gpu: 0, with memory: 11337728 left!
2021-01-28 02:45:30:INFO:Let's use 1 GPUs!
2021-01-28 02:45:31:INFO:train samples: (1368,)
2021-01-28 02:45:32:INFO:valid samples: (456,)
2021-01-28 02:45:34:INFO:test samples: (457,)
2021-01-28 02:45:36:INFO:The model has 526049 trainable parameters
2021-01-28 02:45:38:INFO:TRAIN-(mfn) (1/1/1)>> loss: 0.6006  Mult_acc_2: 0.6199  Mult_acc_3: 0.4072  Mult_acc_5: 0.2010  F1_score: 0.6315  MAE: 0.6023  Corr: 0.0470 
2021-01-28 02:45:38:INFO:VAL-(mfn) >>  Mult_acc_2: 0.6952  Mult_acc_3: 0.5504  Mult_acc_5: 0.2193  F1_score: 0.8202  MAE: 0.5762  Corr: 0.3157  Loss: 0.5793 
2021-01-28 02:45:41:INFO:TRAIN-(mfn) (1/2/1)>> loss: 0.5656  Mult_acc_2: 0.6725  Mult_acc_3: 0.4715  Mult_acc_5: 0.2098  F1_score: 0.7218  MAE: 0.5671  Corr: 0.2099 
2021-01-28 02:45:41:INFO:VAL-(mfn) >>  Mult_acc_2: 0.6864  Mult_acc_3: 0.4737  Mult_acc_5: 0.2061  F1_score: 0.7153  MAE: 0.5590  Corr: 0.3631  Loss: 0.5566 
2021-01-28 02:45:44:INFO:TRAIN-(mfn) (1/3/1)>> loss: 0.5350  Mult_acc_2: 0.6820  Mult_acc_3: 0.4985  Mult_acc_5: 0.2471  F1_score: 0.6944  MAE: 0.5331  Corr: 0.3446 
2021-01-28 02:45:46:INFO:VAL-(mfn) >>  Mult_acc_2: 0.6974  Mult_acc_3: 0.5241  Mult_acc_5: 0.2281  F1_score: 0.7160  MAE: 0.5270  Corr: 0.4054  Loss: 0.5293 
2021-01-28 02:45:48:INFO:TRAIN-(mfn) (1/4/1)>> loss: 0.4939  Mult_acc_2: 0.7127  Mult_acc_3: 0.5570  Mult_acc_5: 0.3019  F1_score: 0.7106  MAE: 0.4847  Corr: 0.4807 
2021-01-28 02:45:49:INFO:VAL-(mfn) >>  Mult_acc_2: 0.7018  Mult_acc_3: 0.5351  Mult_acc_5: 0.2478  F1_score: 0.7096  MAE: 0.5102  Corr: 0.4451  Loss: 0.5111 
2021-01-28 02:45:51:INFO:TRAIN-(mfn) (1/5/1)>> loss: 0.4793  Mult_acc_2: 0.7317  Mult_acc_3: 0.5892  Mult_acc_5: 0.3129  F1_score: 0.7284  MAE: 0.4735  Corr: 0.5064 
2021-01-28 02:45:52:INFO:VAL-(mfn) >>  Mult_acc_2: 0.7193  Mult_acc_3: 0.5724  Mult_acc_5: 0.2939  F1_score: 0.7244  MAE: 0.4915  Corr: 0.4911  Loss: 0.4874 
2021-01-28 02:45:54:INFO:TRAIN-(mfn) (1/6/1)>> loss: 0.4620  Mult_acc_2: 0.7442  Mult_acc_3: 0.6323  Mult_acc_5: 0.3450  F1_score: 0.7377  MAE: 0.4489  Corr: 0.5625 
2021-01-28 02:45:54:INFO:VAL-(mfn) >>  Mult_acc_2: 0.7303  Mult_acc_3: 0.5987  Mult_acc_5: 0.3092  F1_score: 0.7385  MAE: 0.4953  Corr: 0.4887  Loss: 0.4956 
2021-01-28 02:45:56:INFO:TRAIN-(mfn) (2/7/1)>> loss: 0.4464  Mult_acc_2: 0.7800  Mult_acc_3: 0.6477  Mult_acc_5: 0.3428  F1_score: 0.7764  MAE: 0.4355  Corr: 0.5984 
2021-01-28 02:45:56:INFO:VAL-(mfn) >>  Mult_acc_2: 0.7412  Mult_acc_3: 0.6075  Mult_acc_5: 0.3355  F1_score: 0.7487  MAE: 0.4855  Corr: 0.5005  Loss: 0.4905 
2021-01-28 02:45:58:INFO:TRAIN-(mfn) (3/8/1)>> loss: 0.4316  Mult_acc_2: 0.7800  Mult_acc_3: 0.6623  Mult_acc_5: 0.3618  F1_score: 0.7742  MAE: 0.4171  Corr: 0.6277 
2021-01-28 02:45:59:INFO:VAL-(mfn) >>  Mult_acc_2: 0.7346  Mult_acc_3: 0.5746  Mult_acc_5: 0.2719  F1_score: 0.7299  MAE: 0.4880  Corr: 0.5040  Loss: 0.4876 
2021-01-28 02:46:00:INFO:TRAIN-(mfn) (4/9/1)>> loss: 0.4187  Mult_acc_2: 0.7997  Mult_acc_3: 0.7003  Mult_acc_5: 0.3765  F1_score: 0.7960  MAE: 0.4057  Corr: 0.6509 
2021-01-28 02:46:01:INFO:VAL-(mfn) >>  Mult_acc_2: 0.6667  Mult_acc_3: 0.5921  Mult_acc_5: 0.3092  F1_score: 0.6535  MAE: 0.4907  Corr: 0.5127  Loss: 0.4939 
2021-01-28 02:46:02:INFO:TRAIN-(mfn) (5/10/1)>> loss: 0.4030  Mult_acc_2: 0.7939  Mult_acc_3: 0.7025  Mult_acc_5: 0.4020  F1_score: 0.7882  MAE: 0.3911  Corr: 0.6702 
2021-01-28 02:46:03:INFO:VAL-(mfn) >>  Mult_acc_2: 0.6732  Mult_acc_3: 0.5789  Mult_acc_5: 0.2982  F1_score: 0.6604  MAE: 0.4878  Corr: 0.5084  Loss: 0.4964 
2021-01-28 02:46:05:INFO:TRAIN-(mfn) (6/11/1)>> loss: 0.3945  Mult_acc_2: 0.7975  Mult_acc_3: 0.7230  Mult_acc_5: 0.4137  F1_score: 0.7913  MAE: 0.3730  Corr: 0.6971 
2021-01-28 02:46:05:INFO:VAL-(mfn) >>  Mult_acc_2: 0.6996  Mult_acc_3: 0.5943  Mult_acc_5: 0.3136  F1_score: 0.6906  MAE: 0.4795  Corr: 0.5114  Loss: 0.4893 
2021-01-28 02:46:07:INFO:TRAIN-(mfn) (7/12/1)>> loss: 0.3604  Mult_acc_2: 0.8194  Mult_acc_3: 0.7529  Mult_acc_5: 0.4605  F1_score: 0.8145  MAE: 0.3401  Corr: 0.7451 
2021-01-28 02:46:07:INFO:VAL-(mfn) >>  Mult_acc_2: 0.7083  Mult_acc_3: 0.6118  Mult_acc_5: 0.3531  F1_score: 0.7023  MAE: 0.4701  Corr: 0.5218  Loss: 0.4761 
2021-01-28 02:46:09:INFO:TRAIN-(mfn) (1/13/1)>> loss: 0.3574  Mult_acc_2: 0.8377  Mult_acc_3: 0.7712  Mult_acc_5: 0.4635  F1_score: 0.8335  MAE: 0.3374  Corr: 0.7542 
2021-01-28 02:46:09:INFO:VAL-(mfn) >>  Mult_acc_2: 0.6974  Mult_acc_3: 0.5899  Mult_acc_5: 0.2895  F1_score: 0.6901  MAE: 0.4820  Corr: 0.5043  Loss: 0.4811 
2021-01-28 02:46:11:INFO:TRAIN-(mfn) (2/14/1)>> loss: 0.3430  Mult_acc_2: 0.8443  Mult_acc_3: 0.7617  Mult_acc_5: 0.4715  F1_score: 0.8408  MAE: 0.3267  Corr: 0.7720 
2021-01-28 02:46:11:INFO:VAL-(mfn) >>  Mult_acc_2: 0.7412  Mult_acc_3: 0.6316  Mult_acc_5: 0.3794  F1_score: 0.7388  MAE: 0.4682  Corr: 0.5110  Loss: 0.4660 
2021-01-28 02:46:13:INFO:TRAIN-(mfn) (1/15/1)>> loss: 0.3372  Mult_acc_2: 0.8501  Mult_acc_3: 0.7661  Mult_acc_5: 0.5058  F1_score: 0.8474  MAE: 0.3100  Corr: 0.7868 
2021-01-28 02:46:14:INFO:VAL-(mfn) >>  Mult_acc_2: 0.6820  Mult_acc_3: 0.5789  Mult_acc_5: 0.3180  F1_score: 0.6695  MAE: 0.4887  Corr: 0.5105  Loss: 0.4880 
2021-01-28 02:46:15:INFO:TRAIN-(mfn) (2/16/1)>> loss: 0.3498  Mult_acc_2: 0.8363  Mult_acc_3: 0.7478  Mult_acc_5: 0.4539  F1_score: 0.8320  MAE: 0.3248  Corr: 0.7720 
2021-01-28 02:46:16:INFO:VAL-(mfn) >>  Mult_acc_2: 0.6689  Mult_acc_3: 0.5636  Mult_acc_5: 0.2719  F1_score: 0.6558  MAE: 0.5036  Corr: 0.4999  Loss: 0.5079 
2021-01-28 02:46:17:INFO:TRAIN-(mfn) (3/17/1)>> loss: 0.3270  Mult_acc_2: 0.8443  Mult_acc_3: 0.7829  Mult_acc_5: 0.4912  F1_score: 0.8404  MAE: 0.3048  Corr: 0.8044 
2021-01-28 02:46:18:INFO:VAL-(mfn) >>  Mult_acc_2: 0.7456  Mult_acc_3: 0.6184  Mult_acc_5: 0.3421  F1_score: 0.7441  MAE: 0.4674  Corr: 0.5173  Loss: 0.4770 
2021-01-28 02:46:19:INFO:TRAIN-(mfn) (4/18/1)>> loss: 0.3075  Mult_acc_2: 0.8509  Mult_acc_3: 0.8151  Mult_acc_5: 0.5373  F1_score: 0.8477  MAE: 0.2816  Corr: 0.8236 
2021-01-28 02:46:20:INFO:VAL-(mfn) >>  Mult_acc_2: 0.6996  Mult_acc_3: 0.6009  Mult_acc_5: 0.3092  F1_score: 0.6901  MAE: 0.4770  Corr: 0.5127  Loss: 0.4746 
2021-01-28 02:46:21:INFO:TRAIN-(mfn) (5/19/1)>> loss: 0.3048  Mult_acc_2: 0.8545  Mult_acc_3: 0.8165  Mult_acc_5: 0.5219  F1_score: 0.8504  MAE: 0.2826  Corr: 0.8272 
2021-01-28 02:46:22:INFO:VAL-(mfn) >>  Mult_acc_2: 0.6711  Mult_acc_3: 0.5768  Mult_acc_5: 0.3048  F1_score: 0.6580  MAE: 0.4931  Corr: 0.5201  Loss: 0.4974 
2021-01-28 02:46:23:INFO:TRAIN-(mfn) (6/20/1)>> loss: 0.3110  Mult_acc_2: 0.8618  Mult_acc_3: 0.8077  Mult_acc_5: 0.5314  F1_score: 0.8579  MAE: 0.2854  Corr: 0.8328 
2021-01-28 02:46:24:INFO:VAL-(mfn) >>  Mult_acc_2: 0.7281  Mult_acc_3: 0.6228  Mult_acc_5: 0.3684  F1_score: 0.7275  MAE: 0.4682  Corr: 0.5110  Loss: 0.4691 
2021-01-28 02:46:26:INFO:TRAIN-(mfn) (7/21/1)>> loss: 0.2967  Mult_acc_2: 0.8830  Mult_acc_3: 0.8282  Mult_acc_5: 0.5519  F1_score: 0.8809  MAE: 0.2649  Corr: 0.8425 
2021-01-28 02:46:26:INFO:VAL-(mfn) >>  Mult_acc_2: 0.7237  Mult_acc_3: 0.6184  Mult_acc_5: 0.3772  F1_score: 0.7211  MAE: 0.4662  Corr: 0.5029  Loss: 0.4662 
2021-01-28 02:46:28:INFO:TRAIN-(mfn) (8/22/1)>> loss: 0.2863  Mult_acc_2: 0.8633  Mult_acc_3: 0.8231  Mult_acc_5: 0.5643  F1_score: 0.8598  MAE: 0.2619  Corr: 0.8518 
2021-01-28 02:46:28:INFO:VAL-(mfn) >>  Mult_acc_2: 0.7018  Mult_acc_3: 0.6206  Mult_acc_5: 0.3553  F1_score: 0.6912  MAE: 0.4853  Corr: 0.4933  Loss: 0.4842 
2021-01-28 02:46:28:INFO:TEST-(mfn) >>  Mult_acc_2: 0.7790  Mult_acc_3: 0.6674  Mult_acc_5: 0.4004  F1_score: 0.7775  MAE: 0.4509  Corr: 0.5582  Loss: 0.4593 
2021-01-28 02:46:28:INFO:Start saving results...
2021-01-28 02:46:28:INFO:Results are saved to results/results/sims-mfn-regression-tune.csv...
2021-01-28 02:46:28:INFO:########################################mfn-(2/50)########################################
2021-01-28 02:46:28:INFO:hidden_dims:(64, 16, 64)
2021-01-28 02:46:28:INFO:memsize:300
2021-01-28 02:46:28:INFO:windowsize:2
2021-01-28 02:46:28:INFO:NN1Config:{'drop': 0.7, 'shapes': 32}
2021-01-28 02:46:28:INFO:NN2Config:{'drop': 0.7, 'shapes': 256}
2021-01-28 02:46:28:INFO:gamma1Config:{'drop': 0.5, 'shapes': 32}
2021-01-28 02:46:28:INFO:gamma2Config:{'drop': 0.2, 'shapes': 256}
2021-01-28 02:46:28:INFO:outConfig:{'drop': 0.5, 'shapes': 128}
2021-01-28 02:46:28:INFO:batch_size:64
2021-01-28 02:46:28:INFO:learning_rate:0.005
2021-01-28 02:46:28:INFO:##########################################################################################
2021-01-28 02:46:28:INFO:Start running mfn...
2021-01-28 02:46:28:INFO:Find gpu: 3, with memory: 1850540032 left!
2021-01-28 02:46:28:INFO:Let's use 1 GPUs!
2021-01-28 02:46:30:INFO:train samples: (1368,)
2021-01-28 02:46:31:INFO:valid samples: (456,)
2021-01-28 02:46:32:INFO:test samples: (457,)
2021-01-28 02:47:04:INFO:########################################mfn-(1/50)########################################
2021-01-28 02:47:04:INFO:hidden_dims:(128, 16, 128)
2021-01-28 02:47:04:INFO:memsize:64
2021-01-28 02:47:04:INFO:windowsize:2
2021-01-28 02:47:04:INFO:NN1Config:{'drop': 0.2, 'shapes': 256}
2021-01-28 02:47:04:INFO:NN2Config:{'drop': 0.2, 'shapes': 256}
2021-01-28 02:47:04:INFO:gamma1Config:{'drop': 0.5, 'shapes': 128}
2021-01-28 02:47:04:INFO:gamma2Config:{'drop': 0.5, 'shapes': 32}
2021-01-28 02:47:04:INFO:outConfig:{'drop': 0.0, 'shapes': 64}
2021-01-28 02:47:04:INFO:batch_size:32
2021-01-28 02:47:04:INFO:learning_rate:0.002
2021-01-28 02:47:04:INFO:##########################################################################################
2021-01-28 02:47:04:INFO:Start running mfn...
2021-01-28 02:47:07:INFO:Find gpu: 0, with memory: 11337728 left!
2021-01-28 02:47:07:INFO:Let's use 1 GPUs!
2021-01-28 02:47:08:INFO:train samples: (1368,)
2021-01-28 02:47:09:INFO:valid samples: (456,)
2021-01-28 02:47:10:INFO:test samples: (457,)
2021-01-28 02:47:13:INFO:The model has 1457345 trainable parameters
2021-01-28 02:47:43:INFO:########################################mfn-(1/50)########################################
2021-01-28 02:47:43:INFO:hidden_dims:(64, 16, 64)
2021-01-28 02:47:43:INFO:memsize:400
2021-01-28 02:47:43:INFO:windowsize:2
2021-01-28 02:47:43:INFO:NN1Config:{'drop': 0.7, 'shapes': 32}
2021-01-28 02:47:43:INFO:NN2Config:{'drop': 0.2, 'shapes': 256}
2021-01-28 02:47:43:INFO:gamma1Config:{'drop': 0.5, 'shapes': 32}
2021-01-28 02:47:43:INFO:gamma2Config:{'drop': 0.2, 'shapes': 256}
2021-01-28 02:47:43:INFO:outConfig:{'drop': 0.5, 'shapes': 128}
2021-01-28 02:47:43:INFO:batch_size:32
2021-01-28 02:47:43:INFO:learning_rate:0.005
2021-01-28 02:47:43:INFO:##########################################################################################
2021-01-28 02:47:43:INFO:Start running mfn...
2021-01-28 02:47:50:INFO:Find gpu: 0, with memory: 11337728 left!
2021-01-28 02:47:50:INFO:Let's use 1 GPUs!
2021-01-28 02:49:32:INFO:########################################mfn-(1/50)########################################
2021-01-28 02:49:32:INFO:hidden_dims:(128, 16, 128)
2021-01-28 02:49:32:INFO:memsize:300
2021-01-28 02:49:32:INFO:windowsize:2
2021-01-28 02:49:32:INFO:NN1Config:{'drop': 0.2, 'shapes': 256}
2021-01-28 02:49:32:INFO:NN2Config:{'drop': 0.5, 'shapes': 128}
2021-01-28 02:49:32:INFO:gamma1Config:{'drop': 0.7, 'shapes': 64}
2021-01-28 02:49:32:INFO:gamma2Config:{'drop': 0.2, 'shapes': 64}
2021-01-28 02:49:32:INFO:outConfig:{'drop': 0.5, 'shapes': 64}
2021-01-28 02:49:32:INFO:batch_size:32
2021-01-28 02:49:32:INFO:learning_rate:0.001
2021-01-28 02:49:32:INFO:##########################################################################################
2021-01-28 02:49:32:INFO:Start running mfn...
2021-01-28 02:49:32:INFO:Find gpu: 0, with memory: 11337728 left!
2021-01-28 02:49:32:INFO:Let's use 1 GPUs!
2021-01-28 02:49:33:INFO:train samples: (1368,)
2021-01-28 02:49:34:INFO:valid samples: (456,)
2021-01-28 02:49:35:INFO:test samples: (457,)
2021-01-28 02:49:37:INFO:The model has 1464293 trainable parameters
2021-01-28 02:49:44:INFO:TRAIN-(mfn) (1/1/1)>> loss: 0.5584  Mult_acc_2: 0.6623  Mult_acc_3: 0.4890  Mult_acc_5: 0.2339  F1_score: 0.7124  MAE: 0.5563  Corr: 0.2512 
2021-01-28 02:49:45:INFO:VAL-(mfn) >>  Mult_acc_2: 0.6974  Mult_acc_3: 0.5329  Mult_acc_5: 0.2544  F1_score: 0.7317  MAE: 0.5219  Corr: 0.3988  Loss: 0.5241 
2021-01-28 02:49:51:INFO:TRAIN-(mfn) (1/2/1)>> loss: 0.4846  Mult_acc_2: 0.7208  Mult_acc_3: 0.5928  Mult_acc_5: 0.3077  F1_score: 0.7265  MAE: 0.4817  Corr: 0.4970 
2021-01-28 02:49:52:INFO:VAL-(mfn) >>  Mult_acc_2: 0.6711  Mult_acc_3: 0.5636  Mult_acc_5: 0.2697  F1_score: 0.6590  MAE: 0.4987  Corr: 0.4949  Loss: 0.4993 
2021-01-28 02:49:59:INFO:TRAIN-(mfn) (1/3/1)>> loss: 0.4517  Mult_acc_2: 0.7537  Mult_acc_3: 0.6550  Mult_acc_5: 0.3545  F1_score: 0.7505  MAE: 0.4451  Corr: 0.5718 
2021-01-28 02:50:00:INFO:VAL-(mfn) >>  Mult_acc_2: 0.7303  Mult_acc_3: 0.6382  Mult_acc_5: 0.3553  F1_score: 0.7275  MAE: 0.4685  Corr: 0.5274  Loss: 0.4669 
2021-01-28 02:50:07:INFO:TRAIN-(mfn) (1/4/1)>> loss: 0.4250  Mult_acc_2: 0.7712  Mult_acc_3: 0.6703  Mult_acc_5: 0.3735  F1_score: 0.7697  MAE: 0.4176  Corr: 0.6181 
2021-01-28 02:50:08:INFO:VAL-(mfn) >>  Mult_acc_2: 0.6842  Mult_acc_3: 0.5921  Mult_acc_5: 0.3092  F1_score: 0.6732  MAE: 0.4879  Corr: 0.5042  Loss: 0.5014 
2021-01-28 02:50:15:INFO:TRAIN-(mfn) (2/5/1)>> loss: 0.3981  Mult_acc_2: 0.7778  Mult_acc_3: 0.6886  Mult_acc_5: 0.4020  F1_score: 0.7745  MAE: 0.3894  Corr: 0.6599 
2021-01-28 02:50:15:INFO:VAL-(mfn) >>  Mult_acc_2: 0.7675  Mult_acc_3: 0.6601  Mult_acc_5: 0.3662  F1_score: 0.7718  MAE: 0.4579  Corr: 0.5458  Loss: 0.4580 
2021-01-28 02:50:22:INFO:TRAIN-(mfn) (1/6/1)>> loss: 0.3673  Mult_acc_2: 0.7975  Mult_acc_3: 0.7222  Mult_acc_5: 0.4671  F1_score: 0.7949  MAE: 0.3547  Corr: 0.7096 
2021-01-28 02:50:23:INFO:VAL-(mfn) >>  Mult_acc_2: 0.6930  Mult_acc_3: 0.5658  Mult_acc_5: 0.2654  F1_score: 0.6825  MAE: 0.4955  Corr: 0.5083  Loss: 0.5016 
2021-01-28 02:50:31:INFO:TRAIN-(mfn) (2/7/1)>> loss: 0.3522  Mult_acc_2: 0.8209  Mult_acc_3: 0.7522  Mult_acc_5: 0.4934  F1_score: 0.8176  MAE: 0.3350  Corr: 0.7392 
2021-01-28 02:50:31:INFO:VAL-(mfn) >>  Mult_acc_2: 0.6886  Mult_acc_3: 0.5811  Mult_acc_5: 0.2939  F1_score: 0.6767  MAE: 0.4697  Corr: 0.5430  Loss: 0.4766 
2021-01-28 02:50:39:INFO:TRAIN-(mfn) (3/8/1)>> loss: 0.3303  Mult_acc_2: 0.8341  Mult_acc_3: 0.7573  Mult_acc_5: 0.4905  F1_score: 0.8308  MAE: 0.3137  Corr: 0.7764 
2021-01-28 02:50:40:INFO:VAL-(mfn) >>  Mult_acc_2: 0.6711  Mult_acc_3: 0.6009  Mult_acc_5: 0.3289  F1_score: 0.6583  MAE: 0.4829  Corr: 0.5418  Loss: 0.4840 
2021-01-28 02:50:47:INFO:TRAIN-(mfn) (4/9/1)>> loss: 0.3133  Mult_acc_2: 0.8348  Mult_acc_3: 0.7566  Mult_acc_5: 0.5190  F1_score: 0.8315  MAE: 0.2962  Corr: 0.7916 
2021-01-28 02:50:47:INFO:VAL-(mfn) >>  Mult_acc_2: 0.7434  Mult_acc_3: 0.6206  Mult_acc_5: 0.3180  F1_score: 0.7478  MAE: 0.4660  Corr: 0.5355  Loss: 0.4743 
2021-01-28 02:50:55:INFO:TRAIN-(mfn) (5/10/1)>> loss: 0.2968  Mult_acc_2: 0.8472  Mult_acc_3: 0.7895  Mult_acc_5: 0.5358  F1_score: 0.8439  MAE: 0.2795  Corr: 0.8188 
2021-01-28 02:50:55:INFO:VAL-(mfn) >>  Mult_acc_2: 0.6031  Mult_acc_3: 0.5373  Mult_acc_5: 0.3136  F1_score: 0.5897  MAE: 0.5112  Corr: 0.5153  Loss: 0.5250 
2021-01-28 02:51:03:INFO:TRAIN-(mfn) (6/11/1)>> loss: 0.2881  Mult_acc_2: 0.8516  Mult_acc_3: 0.8070  Mult_acc_5: 0.5870  F1_score: 0.8484  MAE: 0.2626  Corr: 0.8340 
2021-01-28 02:51:04:INFO:VAL-(mfn) >>  Mult_acc_2: 0.6711  Mult_acc_3: 0.5921  Mult_acc_5: 0.3268  F1_score: 0.6580  MAE: 0.4910  Corr: 0.5240  Loss: 0.4997 
2021-01-28 02:51:12:INFO:TRAIN-(mfn) (7/12/1)>> loss: 0.2680  Mult_acc_2: 0.8633  Mult_acc_3: 0.8143  Mult_acc_5: 0.5899  F1_score: 0.8602  MAE: 0.2469  Corr: 0.8608 
2021-01-28 02:51:14:INFO:VAL-(mfn) >>  Mult_acc_2: 0.7675  Mult_acc_3: 0.6469  Mult_acc_5: 0.3925  F1_score: 0.7706  MAE: 0.4474  Corr: 0.5596  Loss: 0.4440 
2021-01-28 02:51:26:INFO:TRAIN-(mfn) (1/13/1)>> loss: 0.2383  Mult_acc_2: 0.8860  Mult_acc_3: 0.8246  Mult_acc_5: 0.6272  F1_score: 0.8837  MAE: 0.2188  Corr: 0.8877 
2021-01-28 02:51:28:INFO:VAL-(mfn) >>  Mult_acc_2: 0.7215  Mult_acc_3: 0.6250  Mult_acc_5: 0.3596  F1_score: 0.7141  MAE: 0.4658  Corr: 0.5547  Loss: 0.4649 
2021-01-28 02:51:37:INFO:TRAIN-(mfn) (2/14/1)>> loss: 0.2372  Mult_acc_2: 0.8845  Mult_acc_3: 0.8450  Mult_acc_5: 0.6323  F1_score: 0.8819  MAE: 0.2155  Corr: 0.8876 
2021-01-28 02:51:38:INFO:VAL-(mfn) >>  Mult_acc_2: 0.7412  Mult_acc_3: 0.6316  Mult_acc_5: 0.3750  F1_score: 0.7347  MAE: 0.4535  Corr: 0.5532  Loss: 0.4643 
2021-01-28 02:51:45:INFO:TRAIN-(mfn) (3/15/1)>> loss: 0.2309  Mult_acc_2: 0.8852  Mult_acc_3: 0.8516  Mult_acc_5: 0.6550  F1_score: 0.8825  MAE: 0.2064  Corr: 0.8984 
2021-01-28 02:51:46:INFO:VAL-(mfn) >>  Mult_acc_2: 0.6908  Mult_acc_3: 0.6009  Mult_acc_5: 0.3531  F1_score: 0.6796  MAE: 0.4761  Corr: 0.5347  Loss: 0.4836 
2021-01-28 02:51:53:INFO:TRAIN-(mfn) (4/16/1)>> loss: 0.2218  Mult_acc_2: 0.8874  Mult_acc_3: 0.8553  Mult_acc_5: 0.6520  F1_score: 0.8851  MAE: 0.1966  Corr: 0.9110 
2021-01-28 02:51:54:INFO:VAL-(mfn) >>  Mult_acc_2: 0.7149  Mult_acc_3: 0.6162  Mult_acc_5: 0.3355  F1_score: 0.7081  MAE: 0.4722  Corr: 0.5206  Loss: 0.4703 
2021-01-28 02:52:01:INFO:TRAIN-(mfn) (5/17/1)>> loss: 0.2131  Mult_acc_2: 0.9086  Mult_acc_3: 0.8823  Mult_acc_5: 0.6944  F1_score: 0.9069  MAE: 0.1854  Corr: 0.9202 
2021-01-28 02:52:02:INFO:VAL-(mfn) >>  Mult_acc_2: 0.6469  Mult_acc_3: 0.5351  Mult_acc_5: 0.2675  F1_score: 0.6330  MAE: 0.5245  Corr: 0.5061  Loss: 0.5170 
2021-01-28 02:52:09:INFO:TRAIN-(mfn) (6/18/1)>> loss: 0.2167  Mult_acc_2: 0.9064  Mult_acc_3: 0.8648  Mult_acc_5: 0.6711  F1_score: 0.9044  MAE: 0.1895  Corr: 0.9177 
2021-01-28 02:52:09:INFO:VAL-(mfn) >>  Mult_acc_2: 0.7018  Mult_acc_3: 0.6162  Mult_acc_5: 0.3311  F1_score: 0.6936  MAE: 0.4729  Corr: 0.5168  Loss: 0.4719 
2021-01-28 02:52:16:INFO:TRAIN-(mfn) (7/19/1)>> loss: 0.2055  Mult_acc_2: 0.9101  Mult_acc_3: 0.8765  Mult_acc_5: 0.6923  F1_score: 0.9087  MAE: 0.1806  Corr: 0.9261 
2021-01-28 02:52:17:INFO:VAL-(mfn) >>  Mult_acc_2: 0.7018  Mult_acc_3: 0.6031  Mult_acc_5: 0.3575  F1_score: 0.6918  MAE: 0.4834  Corr: 0.5103  Loss: 0.4878 
2021-01-28 02:52:24:INFO:TRAIN-(mfn) (8/20/1)>> loss: 0.1974  Mult_acc_2: 0.9094  Mult_acc_3: 0.8845  Mult_acc_5: 0.7018  F1_score: 0.9074  MAE: 0.1716  Corr: 0.9348 
2021-01-28 02:52:25:INFO:VAL-(mfn) >>  Mult_acc_2: 0.7039  Mult_acc_3: 0.6294  Mult_acc_5: 0.3706  F1_score: 0.6924  MAE: 0.4794  Corr: 0.5221  Loss: 0.4830 
2021-01-28 02:52:26:INFO:TEST-(mfn) >>  Mult_acc_2: 0.7921  Mult_acc_3: 0.6521  Mult_acc_5: 0.4004  F1_score: 0.7984  MAE: 0.4396  Corr: 0.5791  Loss: 0.4420 
2021-01-28 02:52:26:INFO:Start saving results...
2021-01-28 02:52:26:INFO:Results are saved to results/results/sims-mfn-regression-tune.csv...
2021-01-28 02:52:26:INFO:########################################mfn-(2/50)########################################
2021-01-28 02:52:26:INFO:hidden_dims:(256, 32, 256)
2021-01-28 02:52:26:INFO:memsize:128
2021-01-28 02:52:26:INFO:windowsize:2
2021-01-28 02:52:26:INFO:NN1Config:{'drop': 0.5, 'shapes': 64}
2021-01-28 02:52:26:INFO:NN2Config:{'drop': 0.0, 'shapes': 64}
2021-01-28 02:52:26:INFO:gamma1Config:{'drop': 0.0, 'shapes': 32}
2021-01-28 02:52:26:INFO:gamma2Config:{'drop': 0.7, 'shapes': 128}
2021-01-28 02:52:26:INFO:outConfig:{'drop': 0.2, 'shapes': 256}
2021-01-28 02:52:26:INFO:batch_size:32
2021-01-28 02:52:26:INFO:learning_rate:0.002
2021-01-28 02:52:26:INFO:##########################################################################################
2021-01-28 02:52:26:INFO:Start running mfn...
2021-01-28 02:52:26:INFO:Find gpu: 1, with memory: 3334275072 left!
2021-01-28 02:52:26:INFO:Let's use 1 GPUs!
2021-01-28 02:52:27:INFO:train samples: (1368,)
2021-01-28 02:52:29:INFO:valid samples: (456,)
2021-01-28 02:52:30:INFO:test samples: (457,)
2021-01-28 02:52:32:INFO:The model has 2655841 trainable parameters
2021-01-28 02:52:41:INFO:TRAIN-(mfn) (1/1/1)>> loss: 0.5769  Mult_acc_2: 0.6601  Mult_acc_3: 0.4993  Mult_acc_5: 0.2442  F1_score: 0.6896  MAE: 0.5764  Corr: 0.1757 
2021-01-28 02:52:43:INFO:VAL-(mfn) >>  Mult_acc_2: 0.6513  Mult_acc_3: 0.5417  Mult_acc_5: 0.2412  F1_score: 0.6466  MAE: 0.5191  Corr: 0.4229  Loss: 0.5106 
2021-01-28 02:52:51:INFO:TRAIN-(mfn) (1/2/1)>> loss: 0.4688  Mult_acc_2: 0.7178  Mult_acc_3: 0.6228  Mult_acc_5: 0.3355  F1_score: 0.7146  MAE: 0.4653  Corr: 0.5241 
2021-01-28 02:52:52:INFO:VAL-(mfn) >>  Mult_acc_2: 0.6316  Mult_acc_3: 0.5439  Mult_acc_5: 0.2763  F1_score: 0.6173  MAE: 0.4966  Corr: 0.5008  Loss: 0.5012 
